================================================================================
BUILD AGENT SUCCESS LOG
================================================================================
Timestamp: 2026-02-20T02:35:54Z
Status: SUCCESS
================================================================================

CONFIGURATION:
  Scheme: decodingOppression
  Configuration: Debug
  Destination: platform=macOS
  Project: /Users/emmanuel/Documents/Theory/Redefining_racism/app/decodingOppression/decodingOppression.xcodeproj
  Workspace: <project used>

ANALYTICS:
  Build Duration: 158s
  Warnings Count: 0
0
  Derived Data: <default>

BUILD OUTPUT:
--------------------------------------------------------------------------------
Command line invocation:
    /Applications/Xcode.app/Contents/Developer/usr/bin/xcodebuild -project /Users/emmanuel/Documents/Theory/Redefining_racism/app/decodingOppression/decodingOppression.xcodeproj -scheme decodingOppression -configuration Debug -destination platform=macOS -skipMacroValidation build

Resolve Package Graph


Resolved source packages:
  mlx-swift-lm: https://github.com/ml-explore/mlx-swift-lm @ 2.29.3
  Jinja: https://github.com/huggingface/swift-jinja.git @ 2.3.2
  swift-transformers: https://github.com/huggingface/swift-transformers @ 1.1.6
  swift-collections: https://github.com/apple/swift-collections.git @ 1.3.0
  swift-numerics: https://github.com/apple/swift-numerics @ 1.1.1
  mlx-swift: https://github.com/ml-explore/mlx-swift @ 0.29.1

2026-02-19 21:33:18.151 xcodebuild[34704:28323891] [MT] IDERunDestination: Supported platforms for the buildables in the current scheme is empty.
--- xcodebuild: WARNING: Using the first of multiple matching destinations:
{ platform:macOS, arch:arm64, id:00006001-000448A43402801E, name:My Mac }
{ platform:macOS, arch:x86_64, id:00006001-000448A43402801E, name:My Mac }
ComputePackagePrebuildTargetDependencyGraph

Prepare packages

CreateBuildRequest

SendProjectDescription

CreateBuildOperation

ComputeTargetDependencyGraph
note: Building targets in dependency order
note: Target dependency graph (37 targets)
    Target 'decodingOppression' in project 'decodingOppression'
        ➜ Explicit dependency on target 'MLXLLM' in project 'mlx-swift-lm'
        ➜ Explicit dependency on target 'MLXEmbedders' in project 'mlx-swift-lm'
        ➜ Explicit dependency on target 'MLXLMCommon' in project 'mlx-swift-lm'
    Target 'MLXLMCommon' in project 'mlx-swift-lm'
        ➜ Explicit dependency on target 'MLXLMCommon' in project 'mlx-swift-lm'
        ➜ Explicit dependency on target 'MLX' in project 'mlx-swift'
        ➜ Explicit dependency on target 'MLXNN' in project 'mlx-swift'
        ➜ Explicit dependency on target 'MLXOptimizers' in project 'mlx-swift'
        ➜ Explicit dependency on target 'MLXRandom' in project 'mlx-swift'
        ➜ Explicit dependency on target 'MLXLinalg' in project 'mlx-swift'
        ➜ Explicit dependency on target 'Transformers' in project 'swift-transformers'
    Target 'MLXEmbedders' in project 'mlx-swift-lm'
        ➜ Explicit dependency on target 'MLXEmbedders' in project 'mlx-swift-lm'
        ➜ Explicit dependency on target 'MLXLMCommon' in project 'mlx-swift-lm'
        ➜ Explicit dependency on target 'MLX' in project 'mlx-swift'
        ➜ Explicit dependency on target 'MLXNN' in project 'mlx-swift'
        ➜ Explicit dependency on target 'MLXOptimizers' in project 'mlx-swift'
        ➜ Explicit dependency on target 'MLXRandom' in project 'mlx-swift'
        ➜ Explicit dependency on target 'MLXLinalg' in project 'mlx-swift'
        ➜ Explicit dependency on target 'Transformers' in project 'swift-transformers'
        ➜ Explicit dependency on target 'MLXFast' in project 'mlx-swift'
    Target 'MLXEmbedders' in project 'mlx-swift-lm'
        ➜ Explicit dependency on target 'MLXLMCommon' in project 'mlx-swift-lm'
        ➜ Explicit dependency on target 'MLX' in project 'mlx-swift'
        ➜ Explicit dependency on target 'MLXNN' in project 'mlx-swift'
        ➜ Explicit dependency on target 'MLXOptimizers' in project 'mlx-swift'
        ➜ Explicit dependency on target 'MLXRandom' in project 'mlx-swift'
        ➜ Explicit dependency on target 'MLXLinalg' in project 'mlx-swift'
        ➜ Explicit dependency on target 'Transformers' in project 'swift-transformers'
        ➜ Explicit dependency on target 'MLXFast' in project 'mlx-swift'
    Target 'MLXLLM' in project 'mlx-swift-lm'
        ➜ Explicit dependency on target 'MLXLLM' in project 'mlx-swift-lm'
        ➜ Explicit dependency on target 'MLXLMCommon' in project 'mlx-swift-lm'
        ➜ Explicit dependency on target 'MLX' in project 'mlx-swift'
        ➜ Explicit dependency on target 'MLXNN' in project 'mlx-swift'
        ➜ Explicit dependency on target 'MLXOptimizers' in project 'mlx-swift'
        ➜ Explicit dependency on target 'MLXRandom' in project 'mlx-swift'
        ➜ Explicit dependency on target 'MLXLinalg' in project 'mlx-swift'
        ➜ Explicit dependency on target 'Transformers' in project 'swift-transformers'
        ➜ Explicit dependency on target 'MLXFast' in project 'mlx-swift'
    Target 'MLXLLM' in project 'mlx-swift-lm'
        ➜ Explicit dependency on target 'MLXLMCommon' in project 'mlx-swift-lm'
        ➜ Explicit dependency on target 'MLX' in project 'mlx-swift'
        ➜ Explicit dependency on target 'MLXNN' in project 'mlx-swift'
        ➜ Explicit dependency on target 'MLXOptimizers' in project 'mlx-swift'
        ➜ Explicit dependency on target 'MLXRandom' in project 'mlx-swift'
        ➜ Explicit dependency on target 'MLXLinalg' in project 'mlx-swift'
        ➜ Explicit dependency on target 'Transformers' in project 'swift-transformers'
        ➜ Explicit dependency on target 'MLXFast' in project 'mlx-swift'
    Target 'MLXFast' in project 'mlx-swift'
        ➜ Explicit dependency on target 'MLXFast' in project 'mlx-swift'
        ➜ Explicit dependency on target 'Cmlx' in project 'mlx-swift'
        ➜ Explicit dependency on target 'MLX' in project 'mlx-swift'
        ➜ Explicit dependency on target 'Numerics' in project 'swift-numerics'
    Target 'MLXLMCommon' in project 'mlx-swift-lm'
        ➜ Explicit dependency on target 'MLX' in project 'mlx-swift'
        ➜ Explicit dependency on target 'MLXNN' in project 'mlx-swift'
        ➜ Explicit dependency on target 'MLXOptimizers' in project 'mlx-swift'
        ➜ Explicit dependency on target 'MLXRandom' in project 'mlx-swift'
        ➜ Explicit dependency on target 'MLXLinalg' in project 'mlx-swift'
        ➜ Explicit dependency on target 'Transformers' in project 'swift-transformers'
    Target 'Transformers' in project 'swift-transformers'
        ➜ Explicit dependency on target 'Tokenizers' in project 'swift-transformers'
        ➜ Explicit dependency on target 'Generation' in project 'swift-transformers'
        ➜ Explicit dependency on target 'Models' in project 'swift-transformers'
        ➜ Explicit dependency on target 'Hub' in project 'swift-transformers'
        ➜ Explicit dependency on target 'Jinja' in project 'Jinja'
        ➜ Explicit dependency on target 'OrderedCollections' in project 'swift-collections'
    Target 'Models' in project 'swift-transformers'
        ➜ Explicit dependency on target 'Hub' in project 'swift-transformers'
        ➜ Explicit dependency on target 'Tokenizers' in project 'swift-transformers'
        ➜ Explicit dependency on target 'Generation' in project 'swift-transformers'
        ➜ Explicit dependency on target 'Jinja' in project 'Jinja'
        ➜ Explicit dependency on target 'OrderedCollections' in project 'swift-collections'
    Target 'Generation' in project 'swift-transformers'
        ➜ Explicit dependency on target 'Hub' in project 'swift-transformers'
        ➜ Explicit dependency on target 'Tokenizers' in project 'swift-transformers'
        ➜ Explicit dependency on target 'Jinja' in project 'Jinja'
        ➜ Explicit dependency on target 'OrderedCollections' in project 'swift-collections'
    Target 'Tokenizers' in project 'swift-transformers'
        ➜ Explicit dependency on target 'Hub' in project 'swift-transformers'
        ➜ Explicit dependency on target 'Jinja' in project 'Jinja'
        ➜ Explicit dependency on target 'OrderedCollections' in project 'swift-collections'
    Target 'Hub' in project 'swift-transformers'
        ➜ Explicit dependency on target 'swift-transformers_Hub' in project 'swift-transformers'
        ➜ Explicit dependency on target 'Jinja' in project 'Jinja'
        ➜ Explicit dependency on target 'OrderedCollections' in project 'swift-collections'
    Target 'Jinja' in project 'Jinja'
        ➜ Explicit dependency on target 'Jinja' in project 'Jinja'
        ➜ Explicit dependency on target 'OrderedCollections' in project 'swift-collections'
    Target 'Jinja' in project 'Jinja'
        ➜ Explicit dependency on target 'OrderedCollections' in project 'swift-collections'
    Target 'OrderedCollections' in project 'swift-collections'
        ➜ Explicit dependency on target 'OrderedCollections' in project 'swift-collections'
        ➜ Explicit dependency on target 'InternalCollectionsUtilities' in project 'swift-collections'
    Target 'OrderedCollections' in project 'swift-collections'
        ➜ Explicit dependency on target 'InternalCollectionsUtilities' in project 'swift-collections'
    Target 'InternalCollectionsUtilities' in project 'swift-collections' (no dependencies)
    Target 'swift-transformers_Hub' in project 'swift-transformers' (no dependencies)
    Target 'MLXLinalg' in project 'mlx-swift'
        ➜ Explicit dependency on target 'MLXLinalg' in project 'mlx-swift'
        ➜ Explicit dependency on target 'Cmlx' in project 'mlx-swift'
        ➜ Explicit dependency on target 'MLX' in project 'mlx-swift'
        ➜ Explicit dependency on target 'Numerics' in project 'swift-numerics'
    Target 'MLXLinalg' in project 'mlx-swift'
        ➜ Explicit dependency on target 'Cmlx' in project 'mlx-swift'
        ➜ Explicit dependency on target 'MLX' in project 'mlx-swift'
        ➜ Explicit dependency on target 'Numerics' in project 'swift-numerics'
    Target 'MLXRandom' in project 'mlx-swift'
        ➜ Explicit dependency on target 'MLXRandom' in project 'mlx-swift'
        ➜ Explicit dependency on target 'Cmlx' in project 'mlx-swift'
        ➜ Explicit dependency on target 'MLX' in project 'mlx-swift'
        ➜ Explicit dependency on target 'Numerics' in project 'swift-numerics'
    Target 'MLXOptimizers' in project 'mlx-swift'
        ➜ Explicit dependency on target 'MLXOptimizers' in project 'mlx-swift'
        ➜ Explicit dependency on target 'Cmlx' in project 'mlx-swift'
        ➜ Explicit dependency on target 'MLX' in project 'mlx-swift'
        ➜ Explicit dependency on target 'MLXRandom' in project 'mlx-swift'
        ➜ Explicit dependency on target 'MLXFast' in project 'mlx-swift'
        ➜ Explicit dependency on target 'MLXNN' in project 'mlx-swift'
        ➜ Explicit dependency on target 'Numerics' in project 'swift-numerics'
    Target 'MLXOptimizers' in project 'mlx-swift'
        ➜ Explicit dependency on target 'Cmlx' in project 'mlx-swift'
        ➜ Explicit dependency on target 'MLX' in project 'mlx-swift'
        ➜ Explicit dependency on target 'MLXRandom' in project 'mlx-swift'
        ➜ Explicit dependency on target 'MLXFast' in project 'mlx-swift'
        ➜ Explicit dependency on target 'MLXNN' in project 'mlx-swift'
        ➜ Explicit dependency on target 'Numerics' in project 'swift-numerics'
    Target 'MLXNN' in project 'mlx-swift'
        ➜ Explicit dependency on target 'MLXNN' in project 'mlx-swift'
        ➜ Explicit dependency on target 'Cmlx' in project 'mlx-swift'
        ➜ Explicit dependency on target 'MLX' in project 'mlx-swift'
        ➜ Explicit dependency on target 'MLXRandom' in project 'mlx-swift'
        ➜ Explicit dependency on target 'MLXFast' in project 'mlx-swift'
        ➜ Explicit dependency on target 'Numerics' in project 'swift-numerics'
    Target 'MLXNN' in project 'mlx-swift'
        ➜ Explicit dependency on target 'Cmlx' in project 'mlx-swift'
        ➜ Explicit dependency on target 'MLX' in project 'mlx-swift'
        ➜ Explicit dependency on target 'MLXRandom' in project 'mlx-swift'
        ➜ Explicit dependency on target 'MLXFast' in project 'mlx-swift'
        ➜ Explicit dependency on target 'Numerics' in project 'swift-numerics'
    Target 'MLXFast' in project 'mlx-swift'
        ➜ Explicit dependency on target 'Cmlx' in project 'mlx-swift'
        ➜ Explicit dependency on target 'MLX' in project 'mlx-swift'
        ➜ Explicit dependency on target 'Numerics' in project 'swift-numerics'
    Target 'MLXRandom' in project 'mlx-swift'
        ➜ Explicit dependency on target 'Cmlx' in project 'mlx-swift'
        ➜ Explicit dependency on target 'MLX' in project 'mlx-swift'
        ➜ Explicit dependency on target 'Numerics' in project 'swift-numerics'
    Target 'MLX' in project 'mlx-swift'
        ➜ Explicit dependency on target 'MLX' in project 'mlx-swift'
        ➜ Explicit dependency on target 'Cmlx' in project 'mlx-swift'
        ➜ Explicit dependency on target 'Numerics' in project 'swift-numerics'
    Target 'MLX' in project 'mlx-swift'
        ➜ Explicit dependency on target 'Cmlx' in project 'mlx-swift'
        ➜ Explicit dependency on target 'Numerics' in project 'swift-numerics'
    Target 'Numerics' in project 'swift-numerics'
        ➜ Explicit dependency on target 'Numerics' in project 'swift-numerics'
        ➜ Explicit dependency on target '_NumericsShims' in project 'swift-numerics'
        ➜ Explicit dependency on target 'RealModule' in project 'swift-numerics'
        ➜ Explicit dependency on target 'ComplexModule' in project 'swift-numerics'
    Target 'Numerics' in project 'swift-numerics'
        ➜ Explicit dependency on target '_NumericsShims' in project 'swift-numerics'
        ➜ Explicit dependency on target 'RealModule' in project 'swift-numerics'
        ➜ Explicit dependency on target 'ComplexModule' in project 'swift-numerics'
    Target 'ComplexModule' in project 'swift-numerics'
        ➜ Explicit dependency on target '_NumericsShims' in project 'swift-numerics'
        ➜ Explicit dependency on target 'RealModule' in project 'swift-numerics'
    Target 'RealModule' in project 'swift-numerics'
        ➜ Explicit dependency on target '_NumericsShims' in project 'swift-numerics'
    Target '_NumericsShims' in project 'swift-numerics' (no dependencies)
    Target 'Cmlx' in project 'mlx-swift'
        ➜ Explicit dependency on target 'mlx-swift_Cmlx' in project 'mlx-swift'
    Target 'mlx-swift_Cmlx' in project 'mlx-swift' (no dependencies)

GatherProvisioningInputs

CreateBuildDescription

ExecuteExternalTool /Applications/Xcode.app/Contents/Developer/Toolchains/XcodeDefault.xctoolchain/usr/bin/clang -v -E -dM -arch arm64 -isysroot /Applications/Xcode.app/Contents/Developer/Platforms/MacOSX.platform/Developer/SDKs/MacOSX26.2.sdk -x c -c /dev/null

ExecuteExternalTool /Applications/Xcode.app/Contents/Developer/Toolchains/XcodeDefault.xctoolchain/usr/bin/swiftc --version

ExecuteExternalTool /Applications/Xcode.app/Contents/Developer/Toolchains/XcodeDefault.xctoolchain/usr/bin/clang -v -E -dM -arch arm64 -isysroot /Applications/Xcode.app/Contents/Developer/Platforms/MacOSX.platform/Developer/SDKs/MacOSX26.2.sdk -x objective-c -c /dev/null

ExecuteExternalTool /Applications/Xcode.app/Contents/Developer/Toolchains/XcodeDefault.xctoolchain/usr/bin/clang -v -E -dM -isysroot /Applications/Xcode.app/Contents/Developer/Platforms/MacOSX.platform/Developer/SDKs/MacOSX26.2.sdk -x c -c /dev/null

ExecuteExternalTool /Applications/Xcode.app/Contents/Developer/usr/bin/actool --version --output-format xml1

ExecuteExternalTool /Applications/Xcode.app/Contents/Developer/Toolchains/XcodeDefault.xctoolchain/usr/bin/clang -v -E -dM -arch arm64 -isysroot /Applications/Xcode.app/Contents/Developer/Platforms/MacOSX.platform/Developer/SDKs/MacOSX26.2.sdk -x c++ -c /dev/null

ExecuteExternalTool /Applications/Xcode.app/Contents/Developer/Toolchains/XcodeDefault.xctoolchain/usr/bin/ld -version_details

ReadFileContents /Applications/Xcode.app/Contents/Developer/Toolchains/XcodeDefault.xctoolchain/usr/share/docc/features.json

Build description signature: d84f01e4ddea7876c80b8521ef668e0d
Build description path: /Users/emmanuel/Library/Developer/Xcode/DerivedData/decodingOppression-cxwoggwjsgwizbfojlfnncihejwm/Build/Intermediates.noindex/XCBuildData/d84f01e4ddea7876c80b8521ef668e0d.xcbuilddata
ClangStatCache /Applications/Xcode.app/Contents/Developer/Toolchains/XcodeDefault.xctoolchain/usr/bin/clang-stat-cache /Applications/Xcode.app/Contents/Developer/Platforms/MacOSX.platform/Developer/SDKs/MacOSX26.2.sdk /Users/emmanuel/Library/Developer/Xcode/DerivedData/SDKStatCaches.noindex/macosx26.2-25C58-e8867d0c40613ffc63e0238af232dc5000fa09913b459cbbc988d1f6730289ae.sdkstatcache
    cd /Users/emmanuel/Documents/Theory/Redefining_racism/app/decodingOppression/decodingOppression.xcodeproj
    /Applications/Xcode.app/Contents/Developer/Toolchains/XcodeDefault.xctoolchain/usr/bin/clang-stat-cache /Applications/Xcode.app/Contents/Developer/Platforms/MacOSX.platform/Developer/SDKs/MacOSX26.2.sdk -o /Users/emmanuel/Library/Developer/Xcode/DerivedData/SDKStatCaches.noindex/macosx26.2-25C58-e8867d0c40613ffc63e0238af232dc5000fa09913b459cbbc988d1f6730289ae.sdkstatcache

ProcessInfoPlistFile /Users/emmanuel/Library/Developer/Xcode/DerivedData/decodingOppression-cxwoggwjsgwizbfojlfnncihejwm/Build/Products/Debug/swift-transformers_Hub.bundle/Contents/Info.plist /Users/emmanuel/Library/Developer/Xcode/DerivedData/decodingOppression-cxwoggwjsgwizbfojlfnncihejwm/Build/Intermediates.noindex/swift-transformers.build/Debug/swift-transformers_Hub.build/empty-swift-transformers_Hub.plist (in target 'swift-transformers_Hub' from project 'swift-transformers')
    cd /Users/emmanuel/Library/Developer/Xcode/DerivedData/decodingOppression-cxwoggwjsgwizbfojlfnncihejwm/SourcePackages/checkouts/swift-transformers
    builtin-infoPlistUtility /Users/emmanuel/Library/Developer/Xcode/DerivedData/decodingOppression-cxwoggwjsgwizbfojlfnncihejwm/Build/Intermediates.noindex/swift-transformers.build/Debug/swift-transformers_Hub.build/empty-swift-transformers_Hub.plist -producttype com.apple.product-type.bundle -expandbuildsettings -platform macosx -o /Users/emmanuel/Library/Developer/Xcode/DerivedData/decodingOppression-cxwoggwjsgwizbfojlfnncihejwm/Build/Products/Debug/swift-transformers_Hub.bundle/Contents/Info.plist

ProcessInfoPlistFile /Users/emmanuel/Library/Developer/Xcode/DerivedData/decodingOppression-cxwoggwjsgwizbfojlfnncihejwm/Build/Products/Debug/mlx-swift_Cmlx.bundle/Contents/Info.plist /Users/emmanuel/Library/Developer/Xcode/DerivedData/decodingOppression-cxwoggwjsgwizbfojlfnncihejwm/Build/Intermediates.noindex/mlx-swift.build/Debug/mlx-swift_Cmlx.build/empty-mlx-swift_Cmlx.plist (in target 'mlx-swift_Cmlx' from project 'mlx-swift')
    cd /Users/emmanuel/Library/Developer/Xcode/DerivedData/decodingOppression-cxwoggwjsgwizbfojlfnncihejwm/SourcePackages/checkouts/mlx-swift
    builtin-infoPlistUtility /Users/emmanuel/Library/Developer/Xcode/DerivedData/decodingOppression-cxwoggwjsgwizbfojlfnncihejwm/Build/Intermediates.noindex/mlx-swift.build/Debug/mlx-swift_Cmlx.build/empty-mlx-swift_Cmlx.plist -producttype com.apple.product-type.bundle -expandbuildsettings -platform macosx -o /Users/emmanuel/Library/Developer/Xcode/DerivedData/decodingOppression-cxwoggwjsgwizbfojlfnncihejwm/Build/Products/Debug/mlx-swift_Cmlx.bundle/Contents/Info.plist

Copy /Users/emmanuel/Library/Developer/Xcode/DerivedData/decodingOppression-cxwoggwjsgwizbfojlfnncihejwm/Build/Products/Debug/decodingOppression.app/Contents/Resources/swift-transformers_Hub.bundle /Users/emmanuel/Library/Developer/Xcode/DerivedData/decodingOppression-cxwoggwjsgwizbfojlfnncihejwm/Build/Products/Debug/swift-transformers_Hub.bundle (in target 'decodingOppression' from project 'decodingOppression')
    cd /Users/emmanuel/Documents/Theory/Redefining_racism/app/decodingOppression
    builtin-copy -exclude .DS_Store -exclude CVS -exclude .svn -exclude .git -exclude .hg -resolve-src-symlinks /Users/emmanuel/Library/Developer/Xcode/DerivedData/decodingOppression-cxwoggwjsgwizbfojlfnncihejwm/Build/Products/Debug/swift-transformers_Hub.bundle /Users/emmanuel/Library/Developer/Xcode/DerivedData/decodingOppression-cxwoggwjsgwizbfojlfnncihejwm/Build/Products/Debug/decodingOppression.app/Contents/Resources

Copy /Users/emmanuel/Library/Developer/Xcode/DerivedData/decodingOppression-cxwoggwjsgwizbfojlfnncihejwm/Build/Products/Debug/decodingOppression.app/Contents/Resources/mlx-swift_Cmlx.bundle /Users/emmanuel/Library/Developer/Xcode/DerivedData/decodingOppression-cxwoggwjsgwizbfojlfnncihejwm/Build/Products/Debug/mlx-swift_Cmlx.bundle (in target 'decodingOppression' from project 'decodingOppression')
    cd /Users/emmanuel/Documents/Theory/Redefining_racism/app/decodingOppression
    builtin-copy -exclude .DS_Store -exclude CVS -exclude .svn -exclude .git -exclude .hg -resolve-src-symlinks /Users/emmanuel/Library/Developer/Xcode/DerivedData/decodingOppression-cxwoggwjsgwizbfojlfnncihejwm/Build/Products/Debug/mlx-swift_Cmlx.bundle /Users/emmanuel/Library/Developer/Xcode/DerivedData/decodingOppression-cxwoggwjsgwizbfojlfnncihejwm/Build/Products/Debug/decodingOppression.app/Contents/Resources

ProcessInfoPlistFile /Users/emmanuel/Library/Developer/Xcode/DerivedData/decodingOppression-cxwoggwjsgwizbfojlfnncihejwm/Build/Products/Debug/decodingOppression.app/Contents/Info.plist /Users/emmanuel/Documents/Theory/Redefining_racism/app/decodingOppression/decodingOppression/Info.plist (in target 'decodingOppression' from project 'decodingOppression')
    cd /Users/emmanuel/Documents/Theory/Redefining_racism/app/decodingOppression
    builtin-infoPlistUtility /Users/emmanuel/Documents/Theory/Redefining_racism/app/decodingOppression/decodingOppression/Info.plist -producttype com.apple.product-type.application -genpkginfo /Users/emmanuel/Library/Developer/Xcode/DerivedData/decodingOppression-cxwoggwjsgwizbfojlfnncihejwm/Build/Products/Debug/decodingOppression.app/Contents/PkgInfo -expandbuildsettings -platform macosx -additionalcontentfile /Users/emmanuel/Library/Developer/Xcode/DerivedData/decodingOppression-cxwoggwjsgwizbfojlfnncihejwm/Build/Intermediates.noindex/decodingOppression.build/Debug/decodingOppression.build/assetcatalog_generated_info.plist -scanforprivacyfile /Users/emmanuel/Library/Developer/Xcode/DerivedData/decodingOppression-cxwoggwjsgwizbfojlfnncihejwm/Build/Products/Debug/decodingOppression.app/Contents/Resources/mlx-swift_Cmlx.bundle -scanforprivacyfile /Users/emmanuel/Library/Developer/Xcode/DerivedData/decodingOppression-cxwoggwjsgwizbfojlfnncihejwm/Build/Products/Debug/decodingOppression.app/Contents/Resources/swift-transformers_Hub.bundle -o /Users/emmanuel/Library/Developer/Xcode/DerivedData/decodingOppression-cxwoggwjsgwizbfojlfnncihejwm/Build/Products/Debug/decodingOppression.app/Contents/Info.plist
removing value "remote-notification" for "UIBackgroundModes" - not supported on macOS

CopySwiftLibs /Users/emmanuel/Library/Developer/Xcode/DerivedData/decodingOppression-cxwoggwjsgwizbfojlfnncihejwm/Build/Products/Debug/decodingOppression.app (in target 'decodingOppression' from project 'decodingOppression')
    cd /Users/emmanuel/Documents/Theory/Redefining_racism/app/decodingOppression
    builtin-swiftStdLibTool --copy --verbose --sign 69A47699883F0FF2FEA2DE61F1A08F94DA979509 --scan-executable /Users/emmanuel/Library/Developer/Xcode/DerivedData/decodingOppression-cxwoggwjsgwizbfojlfnncihejwm/Build/Products/Debug/decodingOppression.app/Contents/MacOS/decodingOppression.debug.dylib --scan-folder /Users/emmanuel/Library/Developer/Xcode/DerivedData/decodingOppression-cxwoggwjsgwizbfojlfnncihejwm/Build/Products/Debug/decodingOppression.app/Contents/Frameworks --scan-folder /Users/emmanuel/Library/Developer/Xcode/DerivedData/decodingOppression-cxwoggwjsgwizbfojlfnncihejwm/Build/Products/Debug/decodingOppression.app/Contents/PlugIns --scan-folder /Users/emmanuel/Library/Developer/Xcode/DerivedData/decodingOppression-cxwoggwjsgwizbfojlfnncihejwm/Build/Products/Debug/decodingOppression.app/Contents/Library/SystemExtensions --scan-folder /Users/emmanuel/Library/Developer/Xcode/DerivedData/decodingOppression-cxwoggwjsgwizbfojlfnncihejwm/Build/Products/Debug/decodingOppression.app/Contents/Extensions --platform macosx --toolchain /var/run/com.apple.security.cryptexd/mnt/com.apple.MobileAsset.MetalToolchain-v17.3.519.0.LUCHDB/Metal.xctoolchain --toolchain /Applications/Xcode.app/Contents/Developer/Toolchains/XcodeDefault.xctoolchain --destination /Users/emmanuel/Library/Developer/Xcode/DerivedData/decodingOppression-cxwoggwjsgwizbfojlfnncihejwm/Build/Products/Debug/decodingOppression.app/Contents/Frameworks --strip-bitcode --strip-bitcode-tool /Applications/Xcode.app/Contents/Developer/Toolchains/XcodeDefault.xctoolchain/usr/bin/bitcode_strip --emit-dependency-info /Users/emmanuel/Library/Developer/Xcode/DerivedData/decodingOppression-cxwoggwjsgwizbfojlfnncihejwm/Build/Intermediates.noindex/decodingOppression.build/Debug/decodingOppression.build/SwiftStdLibToolInputDependencies.dep --filter-for-swift-os

** BUILD SUCCEEDED **
--------------------------------------------------------------------------------
================================================================================
