================================================================================
BUILD AGENT SUCCESS LOG
================================================================================
Timestamp: 2026-02-23T00:47:16Z
Status: SUCCESS
================================================================================

CONFIGURATION:
  Scheme: decodingOppression
  Configuration: Debug
  Destination: id=91DB2C2E-AE60-410B-BDDF-03BAC36F9A19
  Project: /Users/emmanuel/Documents/Theory/Redefining_racism/app/decodingOppression/decodingOppression.xcodeproj
  Workspace: <project used>

ANALYTICS:
  Build Duration: 8s
  Warnings Count: 11
  Derived Data: <default>

BUILD OUTPUT:
--------------------------------------------------------------------------------
Command line invocation:
    /Applications/Xcode.app/Contents/Developer/usr/bin/xcodebuild -project /Users/emmanuel/Documents/Theory/Redefining_racism/app/decodingOppression/decodingOppression.xcodeproj -scheme decodingOppression -configuration Debug -destination id=91DB2C2E-AE60-410B-BDDF-03BAC36F9A19 -skipMacroValidation build

Resolve Package Graph


Resolved source packages:
  Jinja: https://github.com/huggingface/swift-jinja.git @ 2.3.2
  swift-collections: https://github.com/apple/swift-collections.git @ 1.3.0
  swift-numerics: https://github.com/apple/swift-numerics @ 1.1.1
  mlx-swift-lm: https://github.com/ml-explore/mlx-swift-lm @ 2.29.3
  mlx-swift: https://github.com/ml-explore/mlx-swift @ 0.29.1
  swift-transformers: https://github.com/huggingface/swift-transformers @ 1.1.6

ComputePackagePrebuildTargetDependencyGraph

Prepare packages

CreateBuildRequest

SendProjectDescription

CreateBuildOperation

ComputeTargetDependencyGraph
note: Building targets in dependency order
note: Target dependency graph (37 targets)
    Target 'decodingOppression' in project 'decodingOppression'
        ➜ Explicit dependency on target 'MLXLLM' in project 'mlx-swift-lm'
        ➜ Explicit dependency on target 'MLXEmbedders' in project 'mlx-swift-lm'
        ➜ Explicit dependency on target 'MLXLMCommon' in project 'mlx-swift-lm'
    Target 'MLXLMCommon' in project 'mlx-swift-lm'
        ➜ Explicit dependency on target 'MLXLMCommon' in project 'mlx-swift-lm'
        ➜ Explicit dependency on target 'MLX' in project 'mlx-swift'
        ➜ Explicit dependency on target 'MLXNN' in project 'mlx-swift'
        ➜ Explicit dependency on target 'MLXOptimizers' in project 'mlx-swift'
        ➜ Explicit dependency on target 'MLXRandom' in project 'mlx-swift'
        ➜ Explicit dependency on target 'MLXLinalg' in project 'mlx-swift'
        ➜ Explicit dependency on target 'Transformers' in project 'swift-transformers'
    Target 'MLXEmbedders' in project 'mlx-swift-lm'
        ➜ Explicit dependency on target 'MLXEmbedders' in project 'mlx-swift-lm'
        ➜ Explicit dependency on target 'MLXLMCommon' in project 'mlx-swift-lm'
        ➜ Explicit dependency on target 'MLX' in project 'mlx-swift'
        ➜ Explicit dependency on target 'MLXNN' in project 'mlx-swift'
        ➜ Explicit dependency on target 'MLXOptimizers' in project 'mlx-swift'
        ➜ Explicit dependency on target 'MLXRandom' in project 'mlx-swift'
        ➜ Explicit dependency on target 'MLXLinalg' in project 'mlx-swift'
        ➜ Explicit dependency on target 'Transformers' in project 'swift-transformers'
        ➜ Explicit dependency on target 'MLXFast' in project 'mlx-swift'
    Target 'MLXEmbedders' in project 'mlx-swift-lm'
        ➜ Explicit dependency on target 'MLXLMCommon' in project 'mlx-swift-lm'
        ➜ Explicit dependency on target 'MLX' in project 'mlx-swift'
        ➜ Explicit dependency on target 'MLXNN' in project 'mlx-swift'
        ➜ Explicit dependency on target 'MLXOptimizers' in project 'mlx-swift'
        ➜ Explicit dependency on target 'MLXRandom' in project 'mlx-swift'
        ➜ Explicit dependency on target 'MLXLinalg' in project 'mlx-swift'
        ➜ Explicit dependency on target 'Transformers' in project 'swift-transformers'
        ➜ Explicit dependency on target 'MLXFast' in project 'mlx-swift'
    Target 'MLXLLM' in project 'mlx-swift-lm'
        ➜ Explicit dependency on target 'MLXLLM' in project 'mlx-swift-lm'
        ➜ Explicit dependency on target 'MLXLMCommon' in project 'mlx-swift-lm'
        ➜ Explicit dependency on target 'MLX' in project 'mlx-swift'
        ➜ Explicit dependency on target 'MLXNN' in project 'mlx-swift'
        ➜ Explicit dependency on target 'MLXOptimizers' in project 'mlx-swift'
        ➜ Explicit dependency on target 'MLXRandom' in project 'mlx-swift'
        ➜ Explicit dependency on target 'MLXLinalg' in project 'mlx-swift'
        ➜ Explicit dependency on target 'Transformers' in project 'swift-transformers'
        ➜ Explicit dependency on target 'MLXFast' in project 'mlx-swift'
    Target 'MLXLLM' in project 'mlx-swift-lm'
        ➜ Explicit dependency on target 'MLXLMCommon' in project 'mlx-swift-lm'
        ➜ Explicit dependency on target 'MLX' in project 'mlx-swift'
        ➜ Explicit dependency on target 'MLXNN' in project 'mlx-swift'
        ➜ Explicit dependency on target 'MLXOptimizers' in project 'mlx-swift'
        ➜ Explicit dependency on target 'MLXRandom' in project 'mlx-swift'
        ➜ Explicit dependency on target 'MLXLinalg' in project 'mlx-swift'
        ➜ Explicit dependency on target 'Transformers' in project 'swift-transformers'
        ➜ Explicit dependency on target 'MLXFast' in project 'mlx-swift'
    Target 'MLXFast' in project 'mlx-swift'
        ➜ Explicit dependency on target 'MLXFast' in project 'mlx-swift'
        ➜ Explicit dependency on target 'Cmlx' in project 'mlx-swift'
        ➜ Explicit dependency on target 'MLX' in project 'mlx-swift'
        ➜ Explicit dependency on target 'Numerics' in project 'swift-numerics'
    Target 'MLXLMCommon' in project 'mlx-swift-lm'
        ➜ Explicit dependency on target 'MLX' in project 'mlx-swift'
        ➜ Explicit dependency on target 'MLXNN' in project 'mlx-swift'
        ➜ Explicit dependency on target 'MLXOptimizers' in project 'mlx-swift'
        ➜ Explicit dependency on target 'MLXRandom' in project 'mlx-swift'
        ➜ Explicit dependency on target 'MLXLinalg' in project 'mlx-swift'
        ➜ Explicit dependency on target 'Transformers' in project 'swift-transformers'
    Target 'Transformers' in project 'swift-transformers'
        ➜ Explicit dependency on target 'Tokenizers' in project 'swift-transformers'
        ➜ Explicit dependency on target 'Generation' in project 'swift-transformers'
        ➜ Explicit dependency on target 'Models' in project 'swift-transformers'
        ➜ Explicit dependency on target 'Hub' in project 'swift-transformers'
        ➜ Explicit dependency on target 'Jinja' in project 'Jinja'
        ➜ Explicit dependency on target 'OrderedCollections' in project 'swift-collections'
    Target 'Models' in project 'swift-transformers'
        ➜ Explicit dependency on target 'Hub' in project 'swift-transformers'
        ➜ Explicit dependency on target 'Tokenizers' in project 'swift-transformers'
        ➜ Explicit dependency on target 'Generation' in project 'swift-transformers'
        ➜ Explicit dependency on target 'Jinja' in project 'Jinja'
        ➜ Explicit dependency on target 'OrderedCollections' in project 'swift-collections'
    Target 'Generation' in project 'swift-transformers'
        ➜ Explicit dependency on target 'Hub' in project 'swift-transformers'
        ➜ Explicit dependency on target 'Tokenizers' in project 'swift-transformers'
        ➜ Explicit dependency on target 'Jinja' in project 'Jinja'
        ➜ Explicit dependency on target 'OrderedCollections' in project 'swift-collections'
    Target 'Tokenizers' in project 'swift-transformers'
        ➜ Explicit dependency on target 'Hub' in project 'swift-transformers'
        ➜ Explicit dependency on target 'Jinja' in project 'Jinja'
        ➜ Explicit dependency on target 'OrderedCollections' in project 'swift-collections'
    Target 'Hub' in project 'swift-transformers'
        ➜ Explicit dependency on target 'swift-transformers_Hub' in project 'swift-transformers'
        ➜ Explicit dependency on target 'Jinja' in project 'Jinja'
        ➜ Explicit dependency on target 'OrderedCollections' in project 'swift-collections'
    Target 'Jinja' in project 'Jinja'
        ➜ Explicit dependency on target 'Jinja' in project 'Jinja'
        ➜ Explicit dependency on target 'OrderedCollections' in project 'swift-collections'
    Target 'Jinja' in project 'Jinja'
        ➜ Explicit dependency on target 'OrderedCollections' in project 'swift-collections'
    Target 'OrderedCollections' in project 'swift-collections'
        ➜ Explicit dependency on target 'OrderedCollections' in project 'swift-collections'
        ➜ Explicit dependency on target 'InternalCollectionsUtilities' in project 'swift-collections'
    Target 'OrderedCollections' in project 'swift-collections'
        ➜ Explicit dependency on target 'InternalCollectionsUtilities' in project 'swift-collections'
    Target 'InternalCollectionsUtilities' in project 'swift-collections' (no dependencies)
    Target 'swift-transformers_Hub' in project 'swift-transformers' (no dependencies)
    Target 'MLXLinalg' in project 'mlx-swift'
        ➜ Explicit dependency on target 'MLXLinalg' in project 'mlx-swift'
        ➜ Explicit dependency on target 'Cmlx' in project 'mlx-swift'
        ➜ Explicit dependency on target 'MLX' in project 'mlx-swift'
        ➜ Explicit dependency on target 'Numerics' in project 'swift-numerics'
    Target 'MLXLinalg' in project 'mlx-swift'
        ➜ Explicit dependency on target 'Cmlx' in project 'mlx-swift'
        ➜ Explicit dependency on target 'MLX' in project 'mlx-swift'
        ➜ Explicit dependency on target 'Numerics' in project 'swift-numerics'
    Target 'MLXRandom' in project 'mlx-swift'
        ➜ Explicit dependency on target 'MLXRandom' in project 'mlx-swift'
        ➜ Explicit dependency on target 'Cmlx' in project 'mlx-swift'
        ➜ Explicit dependency on target 'MLX' in project 'mlx-swift'
        ➜ Explicit dependency on target 'Numerics' in project 'swift-numerics'
    Target 'MLXOptimizers' in project 'mlx-swift'
        ➜ Explicit dependency on target 'MLXOptimizers' in project 'mlx-swift'
        ➜ Explicit dependency on target 'Cmlx' in project 'mlx-swift'
        ➜ Explicit dependency on target 'MLX' in project 'mlx-swift'
        ➜ Explicit dependency on target 'MLXRandom' in project 'mlx-swift'
        ➜ Explicit dependency on target 'MLXFast' in project 'mlx-swift'
        ➜ Explicit dependency on target 'MLXNN' in project 'mlx-swift'
        ➜ Explicit dependency on target 'Numerics' in project 'swift-numerics'
    Target 'MLXOptimizers' in project 'mlx-swift'
        ➜ Explicit dependency on target 'Cmlx' in project 'mlx-swift'
        ➜ Explicit dependency on target 'MLX' in project 'mlx-swift'
        ➜ Explicit dependency on target 'MLXRandom' in project 'mlx-swift'
        ➜ Explicit dependency on target 'MLXFast' in project 'mlx-swift'
        ➜ Explicit dependency on target 'MLXNN' in project 'mlx-swift'
        ➜ Explicit dependency on target 'Numerics' in project 'swift-numerics'
    Target 'MLXNN' in project 'mlx-swift'
        ➜ Explicit dependency on target 'MLXNN' in project 'mlx-swift'
        ➜ Explicit dependency on target 'Cmlx' in project 'mlx-swift'
        ➜ Explicit dependency on target 'MLX' in project 'mlx-swift'
        ➜ Explicit dependency on target 'MLXRandom' in project 'mlx-swift'
        ➜ Explicit dependency on target 'MLXFast' in project 'mlx-swift'
        ➜ Explicit dependency on target 'Numerics' in project 'swift-numerics'
    Target 'MLXNN' in project 'mlx-swift'
        ➜ Explicit dependency on target 'Cmlx' in project 'mlx-swift'
        ➜ Explicit dependency on target 'MLX' in project 'mlx-swift'
        ➜ Explicit dependency on target 'MLXRandom' in project 'mlx-swift'
        ➜ Explicit dependency on target 'MLXFast' in project 'mlx-swift'
        ➜ Explicit dependency on target 'Numerics' in project 'swift-numerics'
    Target 'MLXFast' in project 'mlx-swift'
        ➜ Explicit dependency on target 'Cmlx' in project 'mlx-swift'
        ➜ Explicit dependency on target 'MLX' in project 'mlx-swift'
        ➜ Explicit dependency on target 'Numerics' in project 'swift-numerics'
    Target 'MLXRandom' in project 'mlx-swift'
        ➜ Explicit dependency on target 'Cmlx' in project 'mlx-swift'
        ➜ Explicit dependency on target 'MLX' in project 'mlx-swift'
        ➜ Explicit dependency on target 'Numerics' in project 'swift-numerics'
    Target 'MLX' in project 'mlx-swift'
        ➜ Explicit dependency on target 'MLX' in project 'mlx-swift'
        ➜ Explicit dependency on target 'Cmlx' in project 'mlx-swift'
        ➜ Explicit dependency on target 'Numerics' in project 'swift-numerics'
    Target 'MLX' in project 'mlx-swift'
        ➜ Explicit dependency on target 'Cmlx' in project 'mlx-swift'
        ➜ Explicit dependency on target 'Numerics' in project 'swift-numerics'
    Target 'Numerics' in project 'swift-numerics'
        ➜ Explicit dependency on target 'Numerics' in project 'swift-numerics'
        ➜ Explicit dependency on target '_NumericsShims' in project 'swift-numerics'
        ➜ Explicit dependency on target 'RealModule' in project 'swift-numerics'
        ➜ Explicit dependency on target 'ComplexModule' in project 'swift-numerics'
    Target 'Numerics' in project 'swift-numerics'
        ➜ Explicit dependency on target '_NumericsShims' in project 'swift-numerics'
        ➜ Explicit dependency on target 'RealModule' in project 'swift-numerics'
        ➜ Explicit dependency on target 'ComplexModule' in project 'swift-numerics'
    Target 'ComplexModule' in project 'swift-numerics'
        ➜ Explicit dependency on target '_NumericsShims' in project 'swift-numerics'
        ➜ Explicit dependency on target 'RealModule' in project 'swift-numerics'
    Target 'RealModule' in project 'swift-numerics'
        ➜ Explicit dependency on target '_NumericsShims' in project 'swift-numerics'
    Target '_NumericsShims' in project 'swift-numerics' (no dependencies)
    Target 'Cmlx' in project 'mlx-swift'
        ➜ Explicit dependency on target 'mlx-swift_Cmlx' in project 'mlx-swift'
    Target 'mlx-swift_Cmlx' in project 'mlx-swift' (no dependencies)

GatherProvisioningInputs

CreateBuildDescription

ExecuteExternalTool /Applications/Xcode.app/Contents/Developer/Toolchains/XcodeDefault.xctoolchain/usr/bin/clang -v -E -dM -arch arm64 -isysroot /Applications/Xcode.app/Contents/Developer/Platforms/iPhoneSimulator.platform/Developer/SDKs/iPhoneSimulator26.2.sdk -x c -c /dev/null

ExecuteExternalTool /Applications/Xcode.app/Contents/Developer/Toolchains/XcodeDefault.xctoolchain/usr/bin/swiftc --version

ExecuteExternalTool /Applications/Xcode.app/Contents/Developer/Toolchains/XcodeDefault.xctoolchain/usr/bin/clang -v -E -dM -arch arm64 -isysroot /Applications/Xcode.app/Contents/Developer/Platforms/iPhoneSimulator.platform/Developer/SDKs/iPhoneSimulator26.2.sdk -x objective-c -c /dev/null

ExecuteExternalTool /Applications/Xcode.app/Contents/Developer/Toolchains/XcodeDefault.xctoolchain/usr/bin/clang -v -E -dM -isysroot /Applications/Xcode.app/Contents/Developer/Platforms/iPhoneSimulator.platform/Developer/SDKs/iPhoneSimulator26.2.sdk -x c -c /dev/null

ExecuteExternalTool /Applications/Xcode.app/Contents/Developer/usr/bin/actool --print-asset-tag-combinations --output-format xml1 /Users/emmanuel/Documents/Theory/Redefining_racism/app/decodingOppression/decodingOppression/Assets.xcassets

ExecuteExternalTool /Applications/Xcode.app/Contents/Developer/usr/bin/actool --version --output-format xml1

ExecuteExternalTool /Applications/Xcode.app/Contents/Developer/Toolchains/XcodeDefault.xctoolchain/usr/bin/clang -v -E -dM -arch arm64 -isysroot /Applications/Xcode.app/Contents/Developer/Platforms/iPhoneSimulator.platform/Developer/SDKs/iPhoneSimulator26.2.sdk -x c++ -c /dev/null

ExecuteExternalTool /Applications/Xcode.app/Contents/Developer/Toolchains/XcodeDefault.xctoolchain/usr/bin/ld -version_details

ReadFileContents /Applications/Xcode.app/Contents/Developer/Toolchains/XcodeDefault.xctoolchain/usr/share/docc/features.json

Build description signature: d9d24f9b084224c09bd5837570d7c27b
Build description path: /Users/emmanuel/Library/Developer/Xcode/DerivedData/decodingOppression-cxwoggwjsgwizbfojlfnncihejwm/Build/Intermediates.noindex/XCBuildData/d9d24f9b084224c09bd5837570d7c27b.xcbuilddata
ClangStatCache /Applications/Xcode.app/Contents/Developer/Toolchains/XcodeDefault.xctoolchain/usr/bin/clang-stat-cache /Applications/Xcode.app/Contents/Developer/Platforms/iPhoneSimulator.platform/Developer/SDKs/iPhoneSimulator26.2.sdk /Users/emmanuel/Library/Developer/Xcode/DerivedData/SDKStatCaches.noindex/iphonesimulator26.2-23C57-e8867d0c40613ffc63e0238af232dc507d00a8b37fbd7999ea79df8ebc024bf0.sdkstatcache
    cd /Users/emmanuel/Documents/Theory/Redefining_racism/app/decodingOppression/decodingOppression.xcodeproj
    /Applications/Xcode.app/Contents/Developer/Toolchains/XcodeDefault.xctoolchain/usr/bin/clang-stat-cache /Applications/Xcode.app/Contents/Developer/Platforms/iPhoneSimulator.platform/Developer/SDKs/iPhoneSimulator26.2.sdk -o /Users/emmanuel/Library/Developer/Xcode/DerivedData/SDKStatCaches.noindex/iphonesimulator26.2-23C57-e8867d0c40613ffc63e0238af232dc507d00a8b37fbd7999ea79df8ebc024bf0.sdkstatcache

ProcessInfoPlistFile /Users/emmanuel/Library/Developer/Xcode/DerivedData/decodingOppression-cxwoggwjsgwizbfojlfnncihejwm/Build/Products/Debug-iphonesimulator/mlx-swift_Cmlx.bundle/Info.plist /Users/emmanuel/Library/Developer/Xcode/DerivedData/decodingOppression-cxwoggwjsgwizbfojlfnncihejwm/Build/Intermediates.noindex/mlx-swift.build/Debug-iphonesimulator/mlx-swift_Cmlx.build/empty-mlx-swift_Cmlx.plist (in target 'mlx-swift_Cmlx' from project 'mlx-swift')
    cd /Users/emmanuel/Library/Developer/Xcode/DerivedData/decodingOppression-cxwoggwjsgwizbfojlfnncihejwm/SourcePackages/checkouts/mlx-swift
    builtin-infoPlistUtility /Users/emmanuel/Library/Developer/Xcode/DerivedData/decodingOppression-cxwoggwjsgwizbfojlfnncihejwm/Build/Intermediates.noindex/mlx-swift.build/Debug-iphonesimulator/mlx-swift_Cmlx.build/empty-mlx-swift_Cmlx.plist -producttype com.apple.product-type.bundle -expandbuildsettings -format binary -platform iphonesimulator -o /Users/emmanuel/Library/Developer/Xcode/DerivedData/decodingOppression-cxwoggwjsgwizbfojlfnncihejwm/Build/Products/Debug-iphonesimulator/mlx-swift_Cmlx.bundle/Info.plist

ProcessInfoPlistFile /Users/emmanuel/Library/Developer/Xcode/DerivedData/decodingOppression-cxwoggwjsgwizbfojlfnncihejwm/Build/Products/Debug-iphonesimulator/swift-transformers_Hub.bundle/Info.plist /Users/emmanuel/Library/Developer/Xcode/DerivedData/decodingOppression-cxwoggwjsgwizbfojlfnncihejwm/Build/Intermediates.noindex/swift-transformers.build/Debug-iphonesimulator/swift-transformers_Hub.build/empty-swift-transformers_Hub.plist (in target 'swift-transformers_Hub' from project 'swift-transformers')
    cd /Users/emmanuel/Library/Developer/Xcode/DerivedData/decodingOppression-cxwoggwjsgwizbfojlfnncihejwm/SourcePackages/checkouts/swift-transformers
    builtin-infoPlistUtility /Users/emmanuel/Library/Developer/Xcode/DerivedData/decodingOppression-cxwoggwjsgwizbfojlfnncihejwm/Build/Intermediates.noindex/swift-transformers.build/Debug-iphonesimulator/swift-transformers_Hub.build/empty-swift-transformers_Hub.plist -producttype com.apple.product-type.bundle -expandbuildsettings -format binary -platform iphonesimulator -o /Users/emmanuel/Library/Developer/Xcode/DerivedData/decodingOppression-cxwoggwjsgwizbfojlfnncihejwm/Build/Products/Debug-iphonesimulator/swift-transformers_Hub.bundle/Info.plist

note: Disabling hardened runtime with ad-hoc codesigning. (in target 'decodingOppression' from project 'decodingOppression')
warning: Skipping duplicate build file in Copy Bundle Resources build phase: /Users/emmanuel/Documents/Theory/Redefining_racism/app/decodingOppression/decodingOppression/Data/KeywordTaxonomies.json (in target 'decodingOppression' from project 'decodingOppression')
warning: Skipping duplicate build file in Compile Sources build phase: /Users/emmanuel/Documents/Theory/Redefining_racism/app/decodingOppression/decodingOppression/Assets.xcassets (in target 'decodingOppression' from project 'decodingOppression')
warning: Skipping duplicate build file in Compile Sources build phase: /Users/emmanuel/Documents/Theory/Redefining_racism/app/decodingOppression/decodingOppression/NLP/ClauseAnalyzer.swift (in target 'decodingOppression' from project 'decodingOppression')
warning: Skipping duplicate build file in Compile Sources build phase: /Users/emmanuel/Documents/Theory/Redefining_racism/app/decodingOppression/decodingOppression/NLP/KeywordEngine.swift (in target 'decodingOppression' from project 'decodingOppression')
warning: Skipping duplicate build file in Compile Sources build phase: /Users/emmanuel/Documents/Theory/Redefining_racism/app/decodingOppression/decodingOppression/NLP/PDFExtractor.swift (in target 'decodingOppression' from project 'decodingOppression')
warning: Skipping duplicate build file in Compile Sources build phase: /Users/emmanuel/Documents/Theory/Redefining_racism/app/decodingOppression/decodingOppression/NLP/TextPreprocessor.swift (in target 'decodingOppression' from project 'decodingOppression')
warning: Skipping duplicate build file in Compile Sources build phase: /Users/emmanuel/Documents/Theory/Redefining_racism/app/decodingOppression/decodingOppression/NLP/Tier1Engine.swift (in target 'decodingOppression' from project 'decodingOppression')
warning: Skipping duplicate build file in Compile Sources build phase: /Users/emmanuel/Documents/Theory/Redefining_racism/app/decodingOppression/decodingOppression/NLP/AnalysisPipeline.swift (in target 'decodingOppression' from project 'decodingOppression')
warning: Skipping duplicate build file in Compile Sources build phase: /Users/emmanuel/Documents/Theory/Redefining_racism/app/decodingOppression/decodingOppression/NLP/TierResolver.swift (in target 'decodingOppression' from project 'decodingOppression')
warning: Skipping duplicate build file in Compile Sources build phase: /Users/emmanuel/Documents/Theory/Redefining_racism/app/decodingOppression/decodingOppression/Models/PolicyScorer.swift (in target 'decodingOppression' from project 'decodingOppression')
ProcessProductPackaging "" /Users/emmanuel/Library/Developer/Xcode/DerivedData/decodingOppression-cxwoggwjsgwizbfojlfnncihejwm/Build/Intermediates.noindex/decodingOppression.build/Debug-iphonesimulator/decodingOppression.build/decodingOppression.app-Simulated.xcent (in target 'decodingOppression' from project 'decodingOppression')
    cd /Users/emmanuel/Documents/Theory/Redefining_racism/app/decodingOppression
    
    Entitlements:
    
    {
    "application-identifier" = "PSSP6VP63G.tech.eocon.decodingOppression";
}
    
    builtin-productPackagingUtility -entitlements -format xml -o /Users/emmanuel/Library/Developer/Xcode/DerivedData/decodingOppression-cxwoggwjsgwizbfojlfnncihejwm/Build/Intermediates.noindex/decodingOppression.build/Debug-iphonesimulator/decodingOppression.build/decodingOppression.app-Simulated.xcent

ProcessProductPackagingDER /Users/emmanuel/Library/Developer/Xcode/DerivedData/decodingOppression-cxwoggwjsgwizbfojlfnncihejwm/Build/Intermediates.noindex/decodingOppression.build/Debug-iphonesimulator/decodingOppression.build/decodingOppression.app-Simulated.xcent /Users/emmanuel/Library/Developer/Xcode/DerivedData/decodingOppression-cxwoggwjsgwizbfojlfnncihejwm/Build/Intermediates.noindex/decodingOppression.build/Debug-iphonesimulator/decodingOppression.build/decodingOppression.app-Simulated.xcent.der (in target 'decodingOppression' from project 'decodingOppression')
    cd /Users/emmanuel/Documents/Theory/Redefining_racism/app/decodingOppression
    /usr/bin/derq query -f xml -i /Users/emmanuel/Library/Developer/Xcode/DerivedData/decodingOppression-cxwoggwjsgwizbfojlfnncihejwm/Build/Intermediates.noindex/decodingOppression.build/Debug-iphonesimulator/decodingOppression.build/decodingOppression.app-Simulated.xcent -o /Users/emmanuel/Library/Developer/Xcode/DerivedData/decodingOppression-cxwoggwjsgwizbfojlfnncihejwm/Build/Intermediates.noindex/decodingOppression.build/Debug-iphonesimulator/decodingOppression.build/decodingOppression.app-Simulated.xcent.der --raw

CompileAssetCatalogVariant thinned /Users/emmanuel/Library/Developer/Xcode/DerivedData/decodingOppression-cxwoggwjsgwizbfojlfnncihejwm/Build/Products/Debug-iphonesimulator/decodingOppression.app /Users/emmanuel/Documents/Theory/Redefining_racism/app/decodingOppression/decodingOppression/Assets.xcassets (in target 'decodingOppression' from project 'decodingOppression')
    cd /Users/emmanuel/Documents/Theory/Redefining_racism/app/decodingOppression
    /Applications/Xcode.app/Contents/Developer/usr/bin/actool /Users/emmanuel/Documents/Theory/Redefining_racism/app/decodingOppression/decodingOppression/Assets.xcassets --compile /Users/emmanuel/Library/Developer/Xcode/DerivedData/decodingOppression-cxwoggwjsgwizbfojlfnncihejwm/Build/Intermediates.noindex/decodingOppression.build/Debug-iphonesimulator/decodingOppression.build/assetcatalog_output/thinned --output-format human-readable-text --notices --warnings --export-dependency-info /Users/emmanuel/Library/Developer/Xcode/DerivedData/decodingOppression-cxwoggwjsgwizbfojlfnncihejwm/Build/Intermediates.noindex/decodingOppression.build/Debug-iphonesimulator/decodingOppression.build/assetcatalog_dependencies_thinned --output-partial-info-plist /Users/emmanuel/Library/Developer/Xcode/DerivedData/decodingOppression-cxwoggwjsgwizbfojlfnncihejwm/Build/Intermediates.noindex/decodingOppression.build/Debug-iphonesimulator/decodingOppression.build/assetcatalog_generated_info.plist_thinned --app-icon AppIcon --accent-color AccentColor --compress-pngs --enable-on-demand-resources YES --filter-for-thinning-device-configuration iPad16,2 --filter-for-device-os-version 26.2 --development-region en --target-device iphone --target-device ipad --minimum-deployment-target 26.2 --platform iphonesimulator
/* com.apple.actool.compilation-results */
/Users/emmanuel/Library/Developer/Xcode/DerivedData/decodingOppression-cxwoggwjsgwizbfojlfnncihejwm/Build/Intermediates.noindex/decodingOppression.build/Debug-iphonesimulator/decodingOppression.build/assetcatalog_generated_info.plist_thinned


Ld /Users/emmanuel/Library/Developer/Xcode/DerivedData/decodingOppression-cxwoggwjsgwizbfojlfnncihejwm/Build/Products/Debug-iphonesimulator/decodingOppression.app/decodingOppression.debug.dylib normal (in target 'decodingOppression' from project 'decodingOppression')
    cd /Users/emmanuel/Documents/Theory/Redefining_racism/app/decodingOppression
    /Applications/Xcode.app/Contents/Developer/Toolchains/XcodeDefault.xctoolchain/usr/bin/clang -Xlinker -reproducible -target arm64-apple-ios26.2-simulator -dynamiclib -isysroot /Applications/Xcode.app/Contents/Developer/Platforms/iPhoneSimulator.platform/Developer/SDKs/iPhoneSimulator26.2.sdk -O0 -L/Users/emmanuel/Library/Developer/Xcode/DerivedData/decodingOppression-cxwoggwjsgwizbfojlfnncihejwm/Build/Intermediates.noindex/EagerLinkingTBDs/Debug-iphonesimulator -L/Users/emmanuel/Library/Developer/Xcode/DerivedData/decodingOppression-cxwoggwjsgwizbfojlfnncihejwm/Build/Products/Debug-iphonesimulator -F/Users/emmanuel/Library/Developer/Xcode/DerivedData/decodingOppression-cxwoggwjsgwizbfojlfnncihejwm/Build/Intermediates.noindex/EagerLinkingTBDs/Debug-iphonesimulator -F/Users/emmanuel/Library/Developer/Xcode/DerivedData/decodingOppression-cxwoggwjsgwizbfojlfnncihejwm/Build/Products/Debug-iphonesimulator/PackageFrameworks -F/Users/emmanuel/Library/Developer/Xcode/DerivedData/decodingOppression-cxwoggwjsgwizbfojlfnncihejwm/Build/Products/Debug-iphonesimulator/PackageFrameworks -F/Users/emmanuel/Library/Developer/Xcode/DerivedData/decodingOppression-cxwoggwjsgwizbfojlfnncihejwm/Build/Products/Debug-iphonesimulator/PackageFrameworks -F/Users/emmanuel/Library/Developer/Xcode/DerivedData/decodingOppression-cxwoggwjsgwizbfojlfnncihejwm/Build/Products/Debug-iphonesimulator/PackageFrameworks -F/Users/emmanuel/Library/Developer/Xcode/DerivedData/decodingOppression-cxwoggwjsgwizbfojlfnncihejwm/Build/Products/Debug-iphonesimulator/PackageFrameworks -F/Users/emmanuel/Library/Developer/Xcode/DerivedData/decodingOppression-cxwoggwjsgwizbfojlfnncihejwm/Build/Products/Debug-iphonesimulator/PackageFrameworks -F/Users/emmanuel/Library/Developer/Xcode/DerivedData/decodingOppression-cxwoggwjsgwizbfojlfnncihejwm/Build/Products/Debug-iphonesimulator/PackageFrameworks -F/Users/emmanuel/Library/Developer/Xcode/DerivedData/decodingOppression-cxwoggwjsgwizbfojlfnncihejwm/Build/Products/Debug-iphonesimulator/PackageFrameworks -F/Users/emmanuel/Library/Developer/Xcode/DerivedData/decodingOppression-cxwoggwjsgwizbfojlfnncihejwm/Build/Products/Debug-iphonesimulator/PackageFrameworks -F/Users/emmanuel/Library/Developer/Xcode/DerivedData/decodingOppression-cxwoggwjsgwizbfojlfnncihejwm/Build/Products/Debug-iphonesimulator/PackageFrameworks -F/Users/emmanuel/Library/Developer/Xcode/DerivedData/decodingOppression-cxwoggwjsgwizbfojlfnncihejwm/Build/Products/Debug-iphonesimulator/PackageFrameworks -F/Users/emmanuel/Library/Developer/Xcode/DerivedData/decodingOppression-cxwoggwjsgwizbfojlfnncihejwm/Build/Products/Debug-iphonesimulator/PackageFrameworks -F/Users/emmanuel/Library/Developer/Xcode/DerivedData/decodingOppression-cxwoggwjsgwizbfojlfnncihejwm/Build/Products/Debug-iphonesimulator/PackageFrameworks -F/Users/emmanuel/Library/Developer/Xcode/DerivedData/decodingOppression-cxwoggwjsgwizbfojlfnncihejwm/Build/Products/Debug-iphonesimulator/PackageFrameworks -F/Users/emmanuel/Library/Developer/Xcode/DerivedData/decodingOppression-cxwoggwjsgwizbfojlfnncihejwm/Build/Products/Debug-iphonesimulator/PackageFrameworks -F/Users/emmanuel/Library/Developer/Xcode/DerivedData/decodingOppression-cxwoggwjsgwizbfojlfnncihejwm/Build/Products/Debug-iphonesimulator/PackageFrameworks -F/Users/emmanuel/Library/Developer/Xcode/DerivedData/decodingOppression-cxwoggwjsgwizbfojlfnncihejwm/Build/Products/Debug-iphonesimulator/PackageFrameworks -F/Users/emmanuel/Library/Developer/Xcode/DerivedData/decodingOppression-cxwoggwjsgwizbfojlfnncihejwm/Build/Products/Debug-iphonesimulator/PackageFrameworks -F/Users/emmanuel/Library/Developer/Xcode/DerivedData/decodingOppression-cxwoggwjsgwizbfojlfnncihejwm/Build/Products/Debug-iphonesimulator/PackageFrameworks -F/Users/emmanuel/Library/Developer/Xcode/DerivedData/decodingOppression-cxwoggwjsgwizbfojlfnncihejwm/Build/Products/Debug-iphonesimulator/PackageFrameworks -F/Users/emmanuel/Library/Developer/Xcode/DerivedData/decodingOppression-cxwoggwjsgwizbfojlfnncihejwm/Build/Products/Debug-iphonesimulator/PackageFrameworks -F/Users/emmanuel/Library/Developer/Xcode/DerivedData/decodingOppression-cxwoggwjsgwizbfojlfnncihejwm/Build/Products/Debug-iphonesimulator -filelist /Users/emmanuel/Library/Developer/Xcode/DerivedData/decodingOppression-cxwoggwjsgwizbfojlfnncihejwm/Build/Intermediates.noindex/decodingOppression.build/Debug-iphonesimulator/decodingOppression.build/Objects-normal/arm64/decodingOppression.LinkFileList -install_name @rpath/decodingOppression.debug.dylib -Xlinker -rpath -Xlinker /Users/emmanuel/Library/Developer/Xcode/DerivedData/decodingOppression-cxwoggwjsgwizbfojlfnncihejwm/Build/Products/Debug-iphonesimulator/PackageFrameworks -Xlinker -rpath -Xlinker @executable_path/Frameworks -dead_strip -Xlinker -object_path_lto -Xlinker /Users/emmanuel/Library/Developer/Xcode/DerivedData/decodingOppression-cxwoggwjsgwizbfojlfnncihejwm/Build/Intermediates.noindex/decodingOppression.build/Debug-iphonesimulator/decodingOppression.build/Objects-normal/arm64/decodingOppression_lto.o -rdynamic -Xlinker -no_deduplicate -Xlinker -objc_abi_version -Xlinker 2 -Xlinker -debug_variant -Xlinker -dependency_info -Xlinker /Users/emmanuel/Library/Developer/Xcode/DerivedData/decodingOppression-cxwoggwjsgwizbfojlfnncihejwm/Build/Intermediates.noindex/decodingOppression.build/Debug-iphonesimulator/decodingOppression.build/Objects-normal/arm64/decodingOppression_dependency_info.dat -fobjc-link-runtime -fprofile-instr-generate -L/Applications/Xcode.app/Contents/Developer/Toolchains/XcodeDefault.xctoolchain/usr/lib/swift/iphonesimulator -L/usr/lib/swift -Xlinker -add_ast_path -Xlinker /Users/emmanuel/Library/Developer/Xcode/DerivedData/decodingOppression-cxwoggwjsgwizbfojlfnncihejwm/Build/Intermediates.noindex/decodingOppression.build/Debug-iphonesimulator/decodingOppression.build/Objects-normal/arm64/decodingOppression.swiftmodule @/Users/emmanuel/Library/Developer/Xcode/DerivedData/decodingOppression-cxwoggwjsgwizbfojlfnncihejwm/Build/Intermediates.noindex/decodingOppression.build/Debug-iphonesimulator/decodingOppression.build/Objects-normal/arm64/decodingOppression-linker-args.resp -Wl,-no_warn_duplicate_libraries -Wl,-no_warn_duplicate_libraries -Wl,-no_warn_duplicate_libraries -Wl,-no_warn_duplicate_libraries -Wl,-no_warn_duplicate_libraries -Wl,-no_warn_duplicate_libraries -Wl,-no_warn_duplicate_libraries -Wl,-no_warn_duplicate_libraries -Wl,-no_warn_duplicate_libraries -Wl,-no_warn_duplicate_libraries -Wl,-no_warn_duplicate_libraries -lc++ -Wl,-no_warn_duplicate_libraries -Wl,-no_warn_duplicate_libraries -Wl,-no_warn_duplicate_libraries -Wl,-no_warn_duplicate_libraries -Wl,-no_warn_duplicate_libraries -Wl,-no_warn_duplicate_libraries -Wl,-no_warn_duplicate_libraries -Wl,-no_warn_duplicate_libraries -Wl,-no_warn_duplicate_libraries -Wl,-no_warn_duplicate_libraries -framework Foundation -framework Metal -framework Accelerate -Xlinker -alias -Xlinker _main -Xlinker ___debug_main_executable_dylib_entry_point -Xlinker -no_adhoc_codesign -o /Users/emmanuel/Library/Developer/Xcode/DerivedData/decodingOppression-cxwoggwjsgwizbfojlfnncihejwm/Build/Products/Debug-iphonesimulator/decodingOppression.app/decodingOppression.debug.dylib -Xlinker -add_ast_path -Xlinker /Users/emmanuel/Library/Developer/Xcode/DerivedData/decodingOppression-cxwoggwjsgwizbfojlfnncihejwm/Build/Intermediates.noindex/mlx-swift-lm.build/Debug-iphonesimulator/MLXLLM.build/Objects-normal/arm64/MLXLLM.swiftmodule @/Users/emmanuel/Library/Developer/Xcode/DerivedData/decodingOppression-cxwoggwjsgwizbfojlfnncihejwm/Build/Intermediates.noindex/mlx-swift-lm.build/Debug-iphonesimulator/MLXLLM.build/Objects-normal/arm64/MLXLLM-linker-args.resp -Xlinker -add_ast_path -Xlinker /Users/emmanuel/Library/Developer/Xcode/DerivedData/decodingOppression-cxwoggwjsgwizbfojlfnncihejwm/Build/Intermediates.noindex/mlx-swift.build/Debug-iphonesimulator/MLX.build/Objects-normal/arm64/MLX.swiftmodule @/Users/emmanuel/Library/Developer/Xcode/DerivedData/decodingOppression-cxwoggwjsgwizbfojlfnncihejwm/Build/Intermediates.noindex/mlx-swift.build/Debug-iphonesimulator/MLX.build/Objects-normal/arm64/MLX-linker-args.resp -Xlinker -add_ast_path -Xlinker /Users/emmanuel/Library/Developer/Xcode/DerivedData/decodingOppression-cxwoggwjsgwizbfojlfnncihejwm/Build/Intermediates.noindex/swift-numerics.build/Debug-iphonesimulator/Numerics.build/Objects-normal/arm64/Numerics.swiftmodule @/Users/emmanuel/Library/Developer/Xcode/DerivedData/decodingOppression-cxwoggwjsgwizbfojlfnncihejwm/Build/Intermediates.noindex/swift-numerics.build/Debug-iphonesimulator/Numerics.build/Objects-normal/arm64/Numerics-linker-args.resp -Xlinker -add_ast_path -Xlinker /Users/emmanuel/Library/Developer/Xcode/DerivedData/decodingOppression-cxwoggwjsgwizbfojlfnncihejwm/Build/Intermediates.noindex/swift-numerics.build/Debug-iphonesimulator/RealModule.build/Objects-normal/arm64/RealModule.swiftmodule @/Users/emmanuel/Library/Developer/Xcode/DerivedData/decodingOppression-cxwoggwjsgwizbfojlfnncihejwm/Build/Intermediates.noindex/swift-numerics.build/Debug-iphonesimulator/RealModule.build/Objects-normal/arm64/RealModule-linker-args.resp -Xlinker -add_ast_path -Xlinker /Users/emmanuel/Library/Developer/Xcode/DerivedData/decodingOppression-cxwoggwjsgwizbfojlfnncihejwm/Build/Intermediates.noindex/swift-numerics.build/Debug-iphonesimulator/ComplexModule.build/Objects-normal/arm64/ComplexModule.swiftmodule @/Users/emmanuel/Library/Developer/Xcode/DerivedData/decodingOppression-cxwoggwjsgwizbfojlfnncihejwm/Build/Intermediates.noindex/swift-numerics.build/Debug-iphonesimulator/ComplexModule.build/Objects-normal/arm64/ComplexModule-linker-args.resp -Xlinker -add_ast_path -Xlinker /Users/emmanuel/Library/Developer/Xcode/DerivedData/decodingOppression-cxwoggwjsgwizbfojlfnncihejwm/Build/Intermediates.noindex/mlx-swift.build/Debug-iphonesimulator/MLXNN.build/Objects-normal/arm64/MLXNN.swiftmodule @/Users/emmanuel/Library/Developer/Xcode/DerivedData/decodingOppression-cxwoggwjsgwizbfojlfnncihejwm/Build/Intermediates.noindex/mlx-swift.build/Debug-iphonesimulator/MLXNN.build/Objects-normal/arm64/MLXNN-linker-args.resp -Xlinker -add_ast_path -Xlinker /Users/emmanuel/Library/Developer/Xcode/DerivedData/decodingOppression-cxwoggwjsgwizbfojlfnncihejwm/Build/Intermediates.noindex/mlx-swift.build/Debug-iphonesimulator/MLXRandom.build/Objects-normal/arm64/MLXRandom.swiftmodule @/Users/emmanuel/Library/Developer/Xcode/DerivedData/decodingOppression-cxwoggwjsgwizbfojlfnncihejwm/Build/Intermediates.noindex/mlx-swift.build/Debug-iphonesimulator/MLXRandom.build/Objects-normal/arm64/MLXRandom-linker-args.resp -Xlinker -add_ast_path -Xlinker /Users/emmanuel/Library/Developer/Xcode/DerivedData/decodingOppression-cxwoggwjsgwizbfojlfnncihejwm/Build/Intermediates.noindex/mlx-swift.build/Debug-iphonesimulator/MLXFast.build/Objects-normal/arm64/MLXFast.swiftmodule @/Users/emmanuel/Library/Developer/Xcode/DerivedData/decodingOppression-cxwoggwjsgwizbfojlfnncihejwm/Build/Intermediates.noindex/mlx-swift.build/Debug-iphonesimulator/MLXFast.build/Objects-normal/arm64/MLXFast-linker-args.resp -Xlinker -add_ast_path -Xlinker /Users/emmanuel/Library/Developer/Xcode/DerivedData/decodingOppression-cxwoggwjsgwizbfojlfnncihejwm/Build/Intermediates.noindex/mlx-swift.build/Debug-iphonesimulator/MLXOptimizers.build/Objects-normal/arm64/MLXOptimizers.swiftmodule @/Users/emmanuel/Library/Developer/Xcode/DerivedData/decodingOppression-cxwoggwjsgwizbfojlfnncihejwm/Build/Intermediates.noindex/mlx-swift.build/Debug-iphonesimulator/MLXOptimizers.build/Objects-normal/arm64/MLXOptimizers-linker-args.resp -Xlinker -add_ast_path -Xlinker /Users/emmanuel/Library/Developer/Xcode/DerivedData/decodingOppression-cxwoggwjsgwizbfojlfnncihejwm/Build/Intermediates.noindex/mlx-swift.build/Debug-iphonesimulator/MLXLinalg.build/Objects-normal/arm64/MLXLinalg.swiftmodule @/Users/emmanuel/Library/Developer/Xcode/DerivedData/decodingOppression-cxwoggwjsgwizbfojlfnncihejwm/Build/Intermediates.noindex/mlx-swift.build/Debug-iphonesimulator/MLXLinalg.build/Objects-normal/arm64/MLXLinalg-linker-args.resp -Xlinker -add_ast_path -Xlinker /Users/emmanuel/Library/Developer/Xcode/DerivedData/decodingOppression-cxwoggwjsgwizbfojlfnncihejwm/Build/Intermediates.noindex/swift-transformers.build/Debug-iphonesimulator/Tokenizers.build/Objects-normal/arm64/Tokenizers.swiftmodule @/Users/emmanuel/Library/Developer/Xcode/DerivedData/decodingOppression-cxwoggwjsgwizbfojlfnncihejwm/Build/Intermediates.noindex/swift-transformers.build/Debug-iphonesimulator/Tokenizers.build/Objects-normal/arm64/Tokenizers-linker-args.resp -Xlinker -add_ast_path -Xlinker /Users/emmanuel/Library/Developer/Xcode/DerivedData/decodingOppression-cxwoggwjsgwizbfojlfnncihejwm/Build/Intermediates.noindex/swift-transformers.build/Debug-iphonesimulator/Generation.build/Objects-normal/arm64/Generation.swiftmodule @/Users/emmanuel/Library/Developer/Xcode/DerivedData/decodingOppression-cxwoggwjsgwizbfojlfnncihejwm/Build/Intermediates.noindex/swift-transformers.build/Debug-iphonesimulator/Generation.build/Objects-normal/arm64/Generation-linker-args.resp -Xlinker -add_ast_path -Xlinker /Users/emmanuel/Library/Developer/Xcode/DerivedData/decodingOppression-cxwoggwjsgwizbfojlfnncihejwm/Build/Intermediates.noindex/swift-transformers.build/Debug-iphonesimulator/Models.build/Objects-normal/arm64/Models.swiftmodule @/Users/emmanuel/Library/Developer/Xcode/DerivedData/decodingOppression-cxwoggwjsgwizbfojlfnncihejwm/Build/Intermediates.noindex/swift-transformers.build/Debug-iphonesimulator/Models.build/Objects-normal/arm64/Models-linker-args.resp -Xlinker -add_ast_path -Xlinker /Users/emmanuel/Library/Developer/Xcode/DerivedData/decodingOppression-cxwoggwjsgwizbfojlfnncihejwm/Build/Intermediates.noindex/Jinja.build/Debug-iphonesimulator/Jinja.build/Objects-normal/arm64/Jinja.swiftmodule @/Users/emmanuel/Library/Developer/Xcode/DerivedData/decodingOppression-cxwoggwjsgwizbfojlfnncihejwm/Build/Intermediates.noindex/Jinja.build/Debug-iphonesimulator/Jinja.build/Objects-normal/arm64/Jinja-linker-args.resp -Xlinker -add_ast_path -Xlinker /Users/emmanuel/Library/Developer/Xcode/DerivedData/decodingOppression-cxwoggwjsgwizbfojlfnncihejwm/Build/Intermediates.noindex/swift-collections.build/Debug-iphonesimulator/OrderedCollections.build/Objects-normal/arm64/OrderedCollections.swiftmodule @/Users/emmanuel/Library/Developer/Xcode/DerivedData/decodingOppression-cxwoggwjsgwizbfojlfnncihejwm/Build/Intermediates.noindex/swift-collections.build/Debug-iphonesimulator/OrderedCollections.build/Objects-normal/arm64/OrderedCollections-linker-args.resp -Xlinker -add_ast_path -Xlinker /Users/emmanuel/Library/Developer/Xcode/DerivedData/decodingOppression-cxwoggwjsgwizbfojlfnncihejwm/Build/Intermediates.noindex/swift-collections.build/Debug-iphonesimulator/InternalCollectionsUtilities.build/Objects-normal/arm64/InternalCollectionsUtilities.swiftmodule @/Users/emmanuel/Library/Developer/Xcode/DerivedData/decodingOppression-cxwoggwjsgwizbfojlfnncihejwm/Build/Intermediates.noindex/swift-collections.build/Debug-iphonesimulator/InternalCollectionsUtilities.build/Objects-normal/arm64/InternalCollectionsUtilities-linker-args.resp -Xlinker -add_ast_path -Xlinker /Users/emmanuel/Library/Developer/Xcode/DerivedData/decodingOppression-cxwoggwjsgwizbfojlfnncihejwm/Build/Intermediates.noindex/swift-transformers.build/Debug-iphonesimulator/Hub.build/Objects-normal/arm64/Hub.swiftmodule @/Users/emmanuel/Library/Developer/Xcode/DerivedData/decodingOppression-cxwoggwjsgwizbfojlfnncihejwm/Build/Intermediates.noindex/swift-transformers.build/Debug-iphonesimulator/Hub.build/Objects-normal/arm64/Hub-linker-args.resp -Xlinker -add_ast_path -Xlinker /Users/emmanuel/Library/Developer/Xcode/DerivedData/decodingOppression-cxwoggwjsgwizbfojlfnncihejwm/Build/Intermediates.noindex/mlx-swift-lm.build/Debug-iphonesimulator/MLXLMCommon.build/Objects-normal/arm64/MLXLMCommon.swiftmodule @/Users/emmanuel/Library/Developer/Xcode/DerivedData/decodingOppression-cxwoggwjsgwizbfojlfnncihejwm/Build/Intermediates.noindex/mlx-swift-lm.build/Debug-iphonesimulator/MLXLMCommon.build/Objects-normal/arm64/MLXLMCommon-linker-args.resp -Xlinker -add_ast_path -Xlinker /Users/emmanuel/Library/Developer/Xcode/DerivedData/decodingOppression-cxwoggwjsgwizbfojlfnncihejwm/Build/Intermediates.noindex/mlx-swift-lm.build/Debug-iphonesimulator/MLXEmbedders.build/Objects-normal/arm64/MLXEmbedders.swiftmodule @/Users/emmanuel/Library/Developer/Xcode/DerivedData/decodingOppression-cxwoggwjsgwizbfojlfnncihejwm/Build/Intermediates.noindex/mlx-swift-lm.build/Debug-iphonesimulator/MLXEmbedders.build/Objects-normal/arm64/MLXEmbedders-linker-args.resp

ProcessInfoPlistFile /Users/emmanuel/Library/Developer/Xcode/DerivedData/decodingOppression-cxwoggwjsgwizbfojlfnncihejwm/Build/Products/Debug-iphonesimulator/decodingOppression.app/Info.plist /Users/emmanuel/Documents/Theory/Redefining_racism/app/decodingOppression/decodingOppression/Info.plist (in target 'decodingOppression' from project 'decodingOppression')
    cd /Users/emmanuel/Documents/Theory/Redefining_racism/app/decodingOppression
    builtin-infoPlistUtility /Users/emmanuel/Documents/Theory/Redefining_racism/app/decodingOppression/decodingOppression/Info.plist -producttype com.apple.product-type.application -genpkginfo /Users/emmanuel/Library/Developer/Xcode/DerivedData/decodingOppression-cxwoggwjsgwizbfojlfnncihejwm/Build/Products/Debug-iphonesimulator/decodingOppression.app/PkgInfo -expandbuildsettings -format binary -platform iphonesimulator -additionalcontentfile /Users/emmanuel/Library/Developer/Xcode/DerivedData/decodingOppression-cxwoggwjsgwizbfojlfnncihejwm/Build/Intermediates.noindex/decodingOppression.build/Debug-iphonesimulator/decodingOppression.build/assetcatalog_generated_info.plist -scanforprivacyfile /Users/emmanuel/Library/Developer/Xcode/DerivedData/decodingOppression-cxwoggwjsgwizbfojlfnncihejwm/Build/Products/Debug-iphonesimulator/decodingOppression.app/mlx-swift_Cmlx.bundle -scanforprivacyfile /Users/emmanuel/Library/Developer/Xcode/DerivedData/decodingOppression-cxwoggwjsgwizbfojlfnncihejwm/Build/Products/Debug-iphonesimulator/decodingOppression.app/swift-transformers_Hub.bundle -o /Users/emmanuel/Library/Developer/Xcode/DerivedData/decodingOppression-cxwoggwjsgwizbfojlfnncihejwm/Build/Products/Debug-iphonesimulator/decodingOppression.app/Info.plist

ConstructStubExecutorLinkFileList /Users/emmanuel/Library/Developer/Xcode/DerivedData/decodingOppression-cxwoggwjsgwizbfojlfnncihejwm/Build/Intermediates.noindex/decodingOppression.build/Debug-iphonesimulator/decodingOppression.build/decodingOppression-ExecutorLinkFileList-normal-arm64.txt (in target 'decodingOppression' from project 'decodingOppression')
    cd /Users/emmanuel/Documents/Theory/Redefining_racism/app/decodingOppression
    construct-stub-executor-link-file-list /Users/emmanuel/Library/Developer/Xcode/DerivedData/decodingOppression-cxwoggwjsgwizbfojlfnncihejwm/Build/Products/Debug-iphonesimulator/decodingOppression.app/decodingOppression.debug.dylib /Applications/Xcode.app/Contents/Developer/Platforms/iPhoneSimulator.platform/Developer/usr/lib/libPreviewsJITStubExecutor_no_swift_entry_point.a /Applications/Xcode.app/Contents/Developer/Platforms/iPhoneSimulator.platform/Developer/usr/lib/libPreviewsJITStubExecutor.a --output /Users/emmanuel/Library/Developer/Xcode/DerivedData/decodingOppression-cxwoggwjsgwizbfojlfnncihejwm/Build/Intermediates.noindex/decodingOppression.build/Debug-iphonesimulator/decodingOppression.build/decodingOppression-ExecutorLinkFileList-normal-arm64.txt
note: Using stub executor library with Swift entry point. (in target 'decodingOppression' from project 'decodingOppression')

Ld /Users/emmanuel/Library/Developer/Xcode/DerivedData/decodingOppression-cxwoggwjsgwizbfojlfnncihejwm/Build/Products/Debug-iphonesimulator/decodingOppression.app/decodingOppression normal (in target 'decodingOppression' from project 'decodingOppression')
    cd /Users/emmanuel/Documents/Theory/Redefining_racism/app/decodingOppression
    /Applications/Xcode.app/Contents/Developer/Toolchains/XcodeDefault.xctoolchain/usr/bin/clang -Xlinker -reproducible -target arm64-apple-ios26.2-simulator -isysroot /Applications/Xcode.app/Contents/Developer/Platforms/iPhoneSimulator.platform/Developer/SDKs/iPhoneSimulator26.2.sdk -O0 -L/Users/emmanuel/Library/Developer/Xcode/DerivedData/decodingOppression-cxwoggwjsgwizbfojlfnncihejwm/Build/Products/Debug-iphonesimulator -F/Users/emmanuel/Library/Developer/Xcode/DerivedData/decodingOppression-cxwoggwjsgwizbfojlfnncihejwm/Build/Products/Debug-iphonesimulator/PackageFrameworks -F/Users/emmanuel/Library/Developer/Xcode/DerivedData/decodingOppression-cxwoggwjsgwizbfojlfnncihejwm/Build/Products/Debug-iphonesimulator/PackageFrameworks -F/Users/emmanuel/Library/Developer/Xcode/DerivedData/decodingOppression-cxwoggwjsgwizbfojlfnncihejwm/Build/Products/Debug-iphonesimulator/PackageFrameworks -F/Users/emmanuel/Library/Developer/Xcode/DerivedData/decodingOppression-cxwoggwjsgwizbfojlfnncihejwm/Build/Products/Debug-iphonesimulator/PackageFrameworks -F/Users/emmanuel/Library/Developer/Xcode/DerivedData/decodingOppression-cxwoggwjsgwizbfojlfnncihejwm/Build/Products/Debug-iphonesimulator/PackageFrameworks -F/Users/emmanuel/Library/Developer/Xcode/DerivedData/decodingOppression-cxwoggwjsgwizbfojlfnncihejwm/Build/Products/Debug-iphonesimulator/PackageFrameworks -F/Users/emmanuel/Library/Developer/Xcode/DerivedData/decodingOppression-cxwoggwjsgwizbfojlfnncihejwm/Build/Products/Debug-iphonesimulator/PackageFrameworks -F/Users/emmanuel/Library/Developer/Xcode/DerivedData/decodingOppression-cxwoggwjsgwizbfojlfnncihejwm/Build/Products/Debug-iphonesimulator/PackageFrameworks -F/Users/emmanuel/Library/Developer/Xcode/DerivedData/decodingOppression-cxwoggwjsgwizbfojlfnncihejwm/Build/Products/Debug-iphonesimulator/PackageFrameworks -F/Users/emmanuel/Library/Developer/Xcode/DerivedData/decodingOppression-cxwoggwjsgwizbfojlfnncihejwm/Build/Products/Debug-iphonesimulator/PackageFrameworks -F/Users/emmanuel/Library/Developer/Xcode/DerivedData/decodingOppression-cxwoggwjsgwizbfojlfnncihejwm/Build/Products/Debug-iphonesimulator/PackageFrameworks -F/Users/emmanuel/Library/Developer/Xcode/DerivedData/decodingOppression-cxwoggwjsgwizbfojlfnncihejwm/Build/Products/Debug-iphonesimulator/PackageFrameworks -F/Users/emmanuel/Library/Developer/Xcode/DerivedData/decodingOppression-cxwoggwjsgwizbfojlfnncihejwm/Build/Products/Debug-iphonesimulator/PackageFrameworks -F/Users/emmanuel/Library/Developer/Xcode/DerivedData/decodingOppression-cxwoggwjsgwizbfojlfnncihejwm/Build/Products/Debug-iphonesimulator/PackageFrameworks -F/Users/emmanuel/Library/Developer/Xcode/DerivedData/decodingOppression-cxwoggwjsgwizbfojlfnncihejwm/Build/Products/Debug-iphonesimulator/PackageFrameworks -F/Users/emmanuel/Library/Developer/Xcode/DerivedData/decodingOppression-cxwoggwjsgwizbfojlfnncihejwm/Build/Products/Debug-iphonesimulator/PackageFrameworks -F/Users/emmanuel/Library/Developer/Xcode/DerivedData/decodingOppression-cxwoggwjsgwizbfojlfnncihejwm/Build/Products/Debug-iphonesimulator/PackageFrameworks -F/Users/emmanuel/Library/Developer/Xcode/DerivedData/decodingOppression-cxwoggwjsgwizbfojlfnncihejwm/Build/Products/Debug-iphonesimulator/PackageFrameworks -F/Users/emmanuel/Library/Developer/Xcode/DerivedData/decodingOppression-cxwoggwjsgwizbfojlfnncihejwm/Build/Products/Debug-iphonesimulator/PackageFrameworks -F/Users/emmanuel/Library/Developer/Xcode/DerivedData/decodingOppression-cxwoggwjsgwizbfojlfnncihejwm/Build/Products/Debug-iphonesimulator/PackageFrameworks -F/Users/emmanuel/Library/Developer/Xcode/DerivedData/decodingOppression-cxwoggwjsgwizbfojlfnncihejwm/Build/Products/Debug-iphonesimulator/PackageFrameworks -F/Users/emmanuel/Library/Developer/Xcode/DerivedData/decodingOppression-cxwoggwjsgwizbfojlfnncihejwm/Build/Products/Debug-iphonesimulator -Xlinker -rpath -Xlinker @executable_path -Xlinker -rpath -Xlinker /Users/emmanuel/Library/Developer/Xcode/DerivedData/decodingOppression-cxwoggwjsgwizbfojlfnncihejwm/Build/Products/Debug-iphonesimulator/PackageFrameworks -Xlinker -rpath -Xlinker @executable_path/Frameworks -rdynamic -Xlinker -no_deduplicate -Xlinker -objc_abi_version -Xlinker 2 -Xlinker -debug_variant -e ___debug_blank_executor_main -Xlinker -sectcreate -Xlinker __TEXT -Xlinker __debug_dylib -Xlinker /Users/emmanuel/Library/Developer/Xcode/DerivedData/decodingOppression-cxwoggwjsgwizbfojlfnncihejwm/Build/Intermediates.noindex/decodingOppression.build/Debug-iphonesimulator/decodingOppression.build/decodingOppression-DebugDylibPath-normal-arm64.txt -Xlinker -sectcreate -Xlinker __TEXT -Xlinker __debug_instlnm -Xlinker /Users/emmanuel/Library/Developer/Xcode/DerivedData/decodingOppression-cxwoggwjsgwizbfojlfnncihejwm/Build/Intermediates.noindex/decodingOppression.build/Debug-iphonesimulator/decodingOppression.build/decodingOppression-DebugDylibInstallName-normal-arm64.txt -Xlinker -filelist -Xlinker /Users/emmanuel/Library/Developer/Xcode/DerivedData/decodingOppression-cxwoggwjsgwizbfojlfnncihejwm/Build/Intermediates.noindex/decodingOppression.build/Debug-iphonesimulator/decodingOppression.build/decodingOppression-ExecutorLinkFileList-normal-arm64.txt -Xlinker -sectcreate -Xlinker __TEXT -Xlinker __entitlements -Xlinker /Users/emmanuel/Library/Developer/Xcode/DerivedData/decodingOppression-cxwoggwjsgwizbfojlfnncihejwm/Build/Intermediates.noindex/decodingOppression.build/Debug-iphonesimulator/decodingOppression.build/decodingOppression.app-Simulated.xcent -Xlinker -sectcreate -Xlinker __TEXT -Xlinker __ents_der -Xlinker /Users/emmanuel/Library/Developer/Xcode/DerivedData/decodingOppression-cxwoggwjsgwizbfojlfnncihejwm/Build/Intermediates.noindex/decodingOppression.build/Debug-iphonesimulator/decodingOppression.build/decodingOppression.app-Simulated.xcent.der /Users/emmanuel/Library/Developer/Xcode/DerivedData/decodingOppression-cxwoggwjsgwizbfojlfnncihejwm/Build/Products/Debug-iphonesimulator/decodingOppression.app/decodingOppression.debug.dylib -Xlinker -no_adhoc_codesign -o /Users/emmanuel/Library/Developer/Xcode/DerivedData/decodingOppression-cxwoggwjsgwizbfojlfnncihejwm/Build/Products/Debug-iphonesimulator/decodingOppression.app/decodingOppression

CopySwiftLibs /Users/emmanuel/Library/Developer/Xcode/DerivedData/decodingOppression-cxwoggwjsgwizbfojlfnncihejwm/Build/Products/Debug-iphonesimulator/decodingOppression.app (in target 'decodingOppression' from project 'decodingOppression')
    cd /Users/emmanuel/Documents/Theory/Redefining_racism/app/decodingOppression
    builtin-swiftStdLibTool --copy --verbose --sign - --scan-executable /Users/emmanuel/Library/Developer/Xcode/DerivedData/decodingOppression-cxwoggwjsgwizbfojlfnncihejwm/Build/Products/Debug-iphonesimulator/decodingOppression.app/decodingOppression.debug.dylib --scan-folder /Users/emmanuel/Library/Developer/Xcode/DerivedData/decodingOppression-cxwoggwjsgwizbfojlfnncihejwm/Build/Products/Debug-iphonesimulator/decodingOppression.app/Frameworks --scan-folder /Users/emmanuel/Library/Developer/Xcode/DerivedData/decodingOppression-cxwoggwjsgwizbfojlfnncihejwm/Build/Products/Debug-iphonesimulator/decodingOppression.app/PlugIns --scan-folder /Users/emmanuel/Library/Developer/Xcode/DerivedData/decodingOppression-cxwoggwjsgwizbfojlfnncihejwm/Build/Products/Debug-iphonesimulator/decodingOppression.app/SystemExtensions --scan-folder /Users/emmanuel/Library/Developer/Xcode/DerivedData/decodingOppression-cxwoggwjsgwizbfojlfnncihejwm/Build/Products/Debug-iphonesimulator/decodingOppression.app/Extensions --platform iphonesimulator --toolchain /var/run/com.apple.security.cryptexd/mnt/com.apple.MobileAsset.MetalToolchain-v17.3.519.0.LUCHDB/Metal.xctoolchain --toolchain /Applications/Xcode.app/Contents/Developer/Toolchains/XcodeDefault.xctoolchain --destination /Users/emmanuel/Library/Developer/Xcode/DerivedData/decodingOppression-cxwoggwjsgwizbfojlfnncihejwm/Build/Products/Debug-iphonesimulator/decodingOppression.app/Frameworks --strip-bitcode --strip-bitcode-tool /Applications/Xcode.app/Contents/Developer/Toolchains/XcodeDefault.xctoolchain/usr/bin/bitcode_strip --emit-dependency-info /Users/emmanuel/Library/Developer/Xcode/DerivedData/decodingOppression-cxwoggwjsgwizbfojlfnncihejwm/Build/Intermediates.noindex/decodingOppression.build/Debug-iphonesimulator/decodingOppression.build/SwiftStdLibToolInputDependencies.dep --filter-for-swift-os

ExtractAppIntentsMetadata (in target 'decodingOppression' from project 'decodingOppression')
    cd /Users/emmanuel/Documents/Theory/Redefining_racism/app/decodingOppression
    /Applications/Xcode.app/Contents/Developer/Toolchains/XcodeDefault.xctoolchain/usr/bin/appintentsmetadataprocessor --toolchain-dir /var/run/com.apple.security.cryptexd/mnt/com.apple.MobileAsset.MetalToolchain-v17.3.519.0.LUCHDB/Metal.xctoolchain --module-name decodingOppression --sdk-root /Applications/Xcode.app/Contents/Developer/Platforms/iPhoneSimulator.platform/Developer/SDKs/iPhoneSimulator26.2.sdk --xcode-version 17C519 --platform-family iOS --deployment-target 26.2 --bundle-identifier tech.eocon.decodingOppression --output /Users/emmanuel/Library/Developer/Xcode/DerivedData/decodingOppression-cxwoggwjsgwizbfojlfnncihejwm/Build/Products/Debug-iphonesimulator/decodingOppression.app --target-triple arm64-apple-ios26.2-simulator --binary-file /Users/emmanuel/Library/Developer/Xcode/DerivedData/decodingOppression-cxwoggwjsgwizbfojlfnncihejwm/Build/Products/Debug-iphonesimulator/decodingOppression.app/decodingOppression --dependency-file /Users/emmanuel/Library/Developer/Xcode/DerivedData/decodingOppression-cxwoggwjsgwizbfojlfnncihejwm/Build/Intermediates.noindex/decodingOppression.build/Debug-iphonesimulator/decodingOppression.build/Objects-normal/arm64/decodingOppression_dependency_info.dat --stringsdata-file /Users/emmanuel/Library/Developer/Xcode/DerivedData/decodingOppression-cxwoggwjsgwizbfojlfnncihejwm/Build/Intermediates.noindex/decodingOppression.build/Debug-iphonesimulator/decodingOppression.build/Objects-normal/arm64/ExtractedAppShortcutsMetadata.stringsdata --source-file-list /Users/emmanuel/Library/Developer/Xcode/DerivedData/decodingOppression-cxwoggwjsgwizbfojlfnncihejwm/Build/Intermediates.noindex/decodingOppression.build/Debug-iphonesimulator/decodingOppression.build/Objects-normal/arm64/decodingOppression.SwiftFileList --metadata-file-list /Users/emmanuel/Library/Developer/Xcode/DerivedData/decodingOppression-cxwoggwjsgwizbfojlfnncihejwm/Build/Intermediates.noindex/decodingOppression.build/Debug-iphonesimulator/decodingOppression.build/decodingOppression.DependencyMetadataFileList --static-metadata-file-list /Users/emmanuel/Library/Developer/Xcode/DerivedData/decodingOppression-cxwoggwjsgwizbfojlfnncihejwm/Build/Intermediates.noindex/decodingOppression.build/Debug-iphonesimulator/decodingOppression.build/decodingOppression.DependencyStaticMetadataFileList --swift-const-vals-list /Users/emmanuel/Library/Developer/Xcode/DerivedData/decodingOppression-cxwoggwjsgwizbfojlfnncihejwm/Build/Intermediates.noindex/decodingOppression.build/Debug-iphonesimulator/decodingOppression.build/Objects-normal/arm64/decodingOppression.SwiftConstValuesFileList --compile-time-extraction --deployment-aware-processing --validate-assistant-intents --no-app-shortcuts-localization
2026-02-22 19:47:15.960 appintentsmetadataprocessor[18589:31718172] Starting appintentsmetadataprocessor export
2026-02-22 19:47:15.962 appintentsmetadataprocessor[18589:31718172] warning: Metadata extraction skipped. No AppIntents.framework dependency found.

CodeSign /Users/emmanuel/Library/Developer/Xcode/DerivedData/decodingOppression-cxwoggwjsgwizbfojlfnncihejwm/Build/Products/Debug-iphonesimulator/decodingOppression.app/decodingOppression.debug.dylib (in target 'decodingOppression' from project 'decodingOppression')
    cd /Users/emmanuel/Documents/Theory/Redefining_racism/app/decodingOppression
    
    Signing Identity:     "Sign to Run Locally"
    
    /usr/bin/codesign --force --sign - --timestamp\=none --generate-entitlement-der /Users/emmanuel/Library/Developer/Xcode/DerivedData/decodingOppression-cxwoggwjsgwizbfojlfnncihejwm/Build/Products/Debug-iphonesimulator/decodingOppression.app/decodingOppression.debug.dylib

CodeSign /Users/emmanuel/Library/Developer/Xcode/DerivedData/decodingOppression-cxwoggwjsgwizbfojlfnncihejwm/Build/Products/Debug-iphonesimulator/decodingOppression.app/__preview.dylib (in target 'decodingOppression' from project 'decodingOppression')
    cd /Users/emmanuel/Documents/Theory/Redefining_racism/app/decodingOppression
    
    Signing Identity:     "Sign to Run Locally"
    
    /usr/bin/codesign --force --sign - --timestamp\=none --generate-entitlement-der /Users/emmanuel/Library/Developer/Xcode/DerivedData/decodingOppression-cxwoggwjsgwizbfojlfnncihejwm/Build/Products/Debug-iphonesimulator/decodingOppression.app/__preview.dylib
/Users/emmanuel/Library/Developer/Xcode/DerivedData/decodingOppression-cxwoggwjsgwizbfojlfnncihejwm/Build/Products/Debug-iphonesimulator/decodingOppression.app/__preview.dylib: replacing existing signature

CodeSign /Users/emmanuel/Library/Developer/Xcode/DerivedData/decodingOppression-cxwoggwjsgwizbfojlfnncihejwm/Build/Products/Debug-iphonesimulator/decodingOppression.app (in target 'decodingOppression' from project 'decodingOppression')
    cd /Users/emmanuel/Documents/Theory/Redefining_racism/app/decodingOppression
    
    Signing Identity:     "Sign to Run Locally"
    
    /usr/bin/codesign --force --sign - --timestamp\=none --generate-entitlement-der /Users/emmanuel/Library/Developer/Xcode/DerivedData/decodingOppression-cxwoggwjsgwizbfojlfnncihejwm/Build/Products/Debug-iphonesimulator/decodingOppression.app

Validate /Users/emmanuel/Library/Developer/Xcode/DerivedData/decodingOppression-cxwoggwjsgwizbfojlfnncihejwm/Build/Products/Debug-iphonesimulator/decodingOppression.app (in target 'decodingOppression' from project 'decodingOppression')
    cd /Users/emmanuel/Documents/Theory/Redefining_racism/app/decodingOppression
    builtin-validationUtility /Users/emmanuel/Library/Developer/Xcode/DerivedData/decodingOppression-cxwoggwjsgwizbfojlfnncihejwm/Build/Products/Debug-iphonesimulator/decodingOppression.app -shallow-bundle -infoplist-subpath Info.plist

note: Removed stale file '/Users/emmanuel/Library/Developer/Xcode/DerivedData/decodingOppression-cxwoggwjsgwizbfojlfnncihejwm/Build/Products/Debug-iphonesimulator/decodingOppression.app/Frameworks'

note: Removed stale file '/Users/emmanuel/Library/Developer/Xcode/DerivedData/decodingOppression-cxwoggwjsgwizbfojlfnncihejwm/Build/Products/Debug-iphonesimulator/decodingOppression.app/PlugIns'

** BUILD SUCCEEDED **
--------------------------------------------------------------------------------
================================================================================
