
[0;36m[BUILD][0m ==========================================
[0;36m[BUILD][0m Phase 5: BuildLint Starting
[0;36m[BUILD][0m ==========================================

0
[0;36m[VERBOSE][0m Using provided logs directory: /Users/emmanuel/Documents/Theory/Redefining_racism/Artifacts/build_20260219_175851/logs/platform_results
[0;36m[VERBOSE][0m No Build folder found in script directory, using default
[1;33m[WARNING][0m Destination device/simulator not found, falling back to auto-detection
[0;34m[INFO][0m Using platform.sh auto-detected destination: id=8DD3EC87-E400-4AC9-88AB-C53ABEB542C2
[0;34m[INFO][0m Project Root: /Users/emmanuel/Dev/Tools/Eocon-Foundation-V1
[0;34m[INFO][0m Scheme: decodingOppression
[0;34m[INFO][0m Configuration: Debug
[0;34m[INFO][0m Destination: id=8DD3EC87-E400-4AC9-88AB-C53ABEB542C2

[0;34m[INFO][0m No uncommitted Swift files to lint

[0;36m[BUILD][0m Starting Xcode build...
[0;36m[VERBOSE][0m Skipping Swift macro validation
⚠️  xcodemake not found, using full xcodebuild
[0;34m[INFO][0m Build command: xcodebuild -project "/Users/emmanuel/Documents/Theory/Redefining_racism/app/decodingOppression/decodingOppression.xcodeproj" -scheme "decodingOppression" -configuration "Debug" -destination "id=8DD3EC87-E400-4AC9-88AB-C53ABEB542C2" -skipMacroValidation build
Command line invocation:
    /Applications/Xcode.app/Contents/Developer/usr/bin/xcodebuild -project /Users/emmanuel/Documents/Theory/Redefining_racism/app/decodingOppression/decodingOppression.xcodeproj -scheme decodingOppression -configuration Debug -destination id=8DD3EC87-E400-4AC9-88AB-C53ABEB542C2 -skipMacroValidation build

Resolve Package Graph


Resolved source packages:
  mlx-swift: https://github.com/ml-explore/mlx-swift @ 0.29.1
  swift-transformers: https://github.com/huggingface/swift-transformers @ 1.1.6
  mlx-swift-lm: https://github.com/ml-explore/mlx-swift-lm @ 2.29.3
  swift-collections: https://github.com/apple/swift-collections.git @ 1.3.0
  Jinja: https://github.com/huggingface/swift-jinja.git @ 2.3.2
  swift-numerics: https://github.com/apple/swift-numerics @ 1.1.1

2026-02-19 18:09:54.287 xcodebuild[96759:28144107] [MT] IDERunDestination: Supported platforms for the buildables in the current scheme is empty.
ComputePackagePrebuildTargetDependencyGraph

Prepare packages

CreateBuildRequest

SendProjectDescription

CreateBuildOperation

ComputeTargetDependencyGraph
note: Building targets in dependency order
note: Target dependency graph (1 target)
    Target 'decodingOppression' in project 'decodingOppression' (no dependencies)

GatherProvisioningInputs

CreateBuildDescription

ExecuteExternalTool /Applications/Xcode.app/Contents/Developer/Toolchains/XcodeDefault.xctoolchain/usr/bin/clang -v -E -dM -isysroot /Applications/Xcode.app/Contents/Developer/Platforms/iPhoneSimulator.platform/Developer/SDKs/iPhoneSimulator26.2.sdk -x c -c /dev/null

ExecuteExternalTool /Applications/Xcode.app/Contents/Developer/usr/bin/actool --print-asset-tag-combinations --output-format xml1 /Users/emmanuel/Documents/Theory/Redefining_racism/app/decodingOppression/decodingOppression/Assets.xcassets

ExecuteExternalTool /Applications/Xcode.app/Contents/Developer/usr/bin/actool --version --output-format xml1

ExecuteExternalTool /Applications/Xcode.app/Contents/Developer/Toolchains/XcodeDefault.xctoolchain/usr/bin/swiftc --version

ExecuteExternalTool /Applications/Xcode.app/Contents/Developer/Toolchains/XcodeDefault.xctoolchain/usr/bin/ld -version_details

Build description signature: af368d22626838665469d840ad19e10e
Build description path: /Users/emmanuel/Library/Developer/Xcode/DerivedData/decodingOppression-cxwoggwjsgwizbfojlfnncihejwm/Build/Intermediates.noindex/XCBuildData/af368d22626838665469d840ad19e10e.xcbuilddata
ClangStatCache /Applications/Xcode.app/Contents/Developer/Toolchains/XcodeDefault.xctoolchain/usr/bin/clang-stat-cache /Applications/Xcode.app/Contents/Developer/Platforms/iPhoneSimulator.platform/Developer/SDKs/iPhoneSimulator26.2.sdk /Users/emmanuel/Library/Developer/Xcode/DerivedData/SDKStatCaches.noindex/iphonesimulator26.2-23C57-7d00a8b37fbd7999ea79df8ebc024bf0.sdkstatcache
    cd /Users/emmanuel/Documents/Theory/Redefining_racism/app/decodingOppression/decodingOppression.xcodeproj
    /Applications/Xcode.app/Contents/Developer/Toolchains/XcodeDefault.xctoolchain/usr/bin/clang-stat-cache /Applications/Xcode.app/Contents/Developer/Platforms/iPhoneSimulator.platform/Developer/SDKs/iPhoneSimulator26.2.sdk -o /Users/emmanuel/Library/Developer/Xcode/DerivedData/SDKStatCaches.noindex/iphonesimulator26.2-23C57-7d00a8b37fbd7999ea79df8ebc024bf0.sdkstatcache

ProcessInfoPlistFile /Users/emmanuel/Library/Developer/Xcode/DerivedData/decodingOppression-cxwoggwjsgwizbfojlfnncihejwm/Build/Products/Debug-iphonesimulator/decodingOppression.app/Info.plist /Users/emmanuel/Documents/Theory/Redefining_racism/app/decodingOppression/decodingOppression/Info.plist (in target 'decodingOppression' from project 'decodingOppression')
    cd /Users/emmanuel/Documents/Theory/Redefining_racism/app/decodingOppression
    builtin-infoPlistUtility /Users/emmanuel/Documents/Theory/Redefining_racism/app/decodingOppression/decodingOppression/Info.plist -producttype com.apple.product-type.application -genpkginfo /Users/emmanuel/Library/Developer/Xcode/DerivedData/decodingOppression-cxwoggwjsgwizbfojlfnncihejwm/Build/Products/Debug-iphonesimulator/decodingOppression.app/PkgInfo -expandbuildsettings -format binary -platform iphonesimulator -additionalcontentfile /Users/emmanuel/Library/Developer/Xcode/DerivedData/decodingOppression-cxwoggwjsgwizbfojlfnncihejwm/Build/Intermediates.noindex/decodingOppression.build/Debug-iphonesimulator/decodingOppression.build/assetcatalog_generated_info.plist -o /Users/emmanuel/Library/Developer/Xcode/DerivedData/decodingOppression-cxwoggwjsgwizbfojlfnncihejwm/Build/Products/Debug-iphonesimulator/decodingOppression.app/Info.plist

CopySwiftLibs /Users/emmanuel/Library/Developer/Xcode/DerivedData/decodingOppression-cxwoggwjsgwizbfojlfnncihejwm/Build/Products/Debug-iphonesimulator/decodingOppression.app (in target 'decodingOppression' from project 'decodingOppression')
    cd /Users/emmanuel/Documents/Theory/Redefining_racism/app/decodingOppression
    builtin-swiftStdLibTool --copy --verbose --sign - --scan-executable /Users/emmanuel/Library/Developer/Xcode/DerivedData/decodingOppression-cxwoggwjsgwizbfojlfnncihejwm/Build/Products/Debug-iphonesimulator/decodingOppression.app/decodingOppression.debug.dylib --scan-folder /Users/emmanuel/Library/Developer/Xcode/DerivedData/decodingOppression-cxwoggwjsgwizbfojlfnncihejwm/Build/Products/Debug-iphonesimulator/decodingOppression.app/Frameworks --scan-folder /Users/emmanuel/Library/Developer/Xcode/DerivedData/decodingOppression-cxwoggwjsgwizbfojlfnncihejwm/Build/Products/Debug-iphonesimulator/decodingOppression.app/PlugIns --scan-folder /Users/emmanuel/Library/Developer/Xcode/DerivedData/decodingOppression-cxwoggwjsgwizbfojlfnncihejwm/Build/Products/Debug-iphonesimulator/decodingOppression.app/SystemExtensions --scan-folder /Users/emmanuel/Library/Developer/Xcode/DerivedData/decodingOppression-cxwoggwjsgwizbfojlfnncihejwm/Build/Products/Debug-iphonesimulator/decodingOppression.app/Extensions --platform iphonesimulator --toolchain /Applications/Xcode.app/Contents/Developer/Toolchains/XcodeDefault.xctoolchain --destination /Users/emmanuel/Library/Developer/Xcode/DerivedData/decodingOppression-cxwoggwjsgwizbfojlfnncihejwm/Build/Products/Debug-iphonesimulator/decodingOppression.app/Frameworks --strip-bitcode --strip-bitcode-tool /Applications/Xcode.app/Contents/Developer/Toolchains/XcodeDefault.xctoolchain/usr/bin/bitcode_strip --emit-dependency-info /Users/emmanuel/Library/Developer/Xcode/DerivedData/decodingOppression-cxwoggwjsgwizbfojlfnncihejwm/Build/Intermediates.noindex/decodingOppression.build/Debug-iphonesimulator/decodingOppression.build/SwiftStdLibToolInputDependencies.dep --filter-for-swift-os

note: Disabling hardened runtime with ad-hoc codesigning. (in target 'decodingOppression' from project 'decodingOppression')
** BUILD SUCCEEDED **

[0;32m[SUCCESS][0m Build succeeded in 3s with 0
0 warning(s)
[0;32m[SUCCESS][0m Build log written to: /Users/emmanuel/Documents/Theory/Redefining_racism/Artifacts/build_20260219_175851/logs/platform_results/build.log
/Users/emmanuel/Documents/Theory/Redefining_racism/Artifacts/build_20260219_175851/logs/platform_results/build.log

[0;36m[BUILD][0m ==========================================
[0;32m[SUCCESS][0m BuildAgent Complete!
[0;36m[BUILD][0m ==========================================

[0;34m[INFO][0m Artifacts: /Users/emmanuel/Documents/Theory/Redefining_racism/Artifacts/build_20260219_175851/logs/platform_results

jq: invalid JSON text passed to --argjson
Use jq --help for help with command-line options,
or see the jq manpage, or online docs  at https://jqlang.github.io/jq
