
[0;36m[BUILD][0m ==========================================
[0;36m[BUILD][0m Phase 5: BuildLint Starting
[0;36m[BUILD][0m ==========================================

0
[0;36m[VERBOSE][0m Using provided logs directory: /Users/emmanuel/Documents/Theory/Redefining_racism/Artifacts/build_20260219_175851/logs/platform_results
[0;36m[VERBOSE][0m No Build folder found in script directory, using default
[0;34m[INFO][0m Project Root: /Users/emmanuel/Dev/Tools/Eocon-Foundation-V1
[0;34m[INFO][0m Scheme: decodingOppression
[0;34m[INFO][0m Configuration: Debug
[0;34m[INFO][0m Destination: platform=macOS

[0;34m[INFO][0m No uncommitted Swift files to lint

[0;36m[BUILD][0m Starting Xcode build...
[0;36m[VERBOSE][0m Skipping Swift macro validation
⚠️  xcodemake not found, using full xcodebuild
[0;34m[INFO][0m Build command: xcodebuild -project "/Users/emmanuel/Documents/Theory/Redefining_racism/app/decodingOppression/decodingOppression.xcodeproj" -scheme "decodingOppression" -configuration "Debug" -destination "platform=macOS" -skipMacroValidation build
Command line invocation:
    /Applications/Xcode.app/Contents/Developer/usr/bin/xcodebuild -project /Users/emmanuel/Documents/Theory/Redefining_racism/app/decodingOppression/decodingOppression.xcodeproj -scheme decodingOppression -configuration Debug -destination platform=macOS -skipMacroValidation build

Resolve Package Graph


Resolved source packages:
  swift-numerics: https://github.com/apple/swift-numerics @ 1.1.1
  mlx-swift: https://github.com/ml-explore/mlx-swift @ 0.29.1
  Jinja: https://github.com/huggingface/swift-jinja.git @ 2.3.2
  swift-transformers: https://github.com/huggingface/swift-transformers @ 1.1.6
  swift-collections: https://github.com/apple/swift-collections.git @ 1.3.0
  mlx-swift-lm: https://github.com/ml-explore/mlx-swift-lm @ 2.29.3

2026-02-19 18:09:57.361 xcodebuild[96966:28144682] [MT] IDERunDestination: Supported platforms for the buildables in the current scheme is empty.
--- xcodebuild: WARNING: Using the first of multiple matching destinations:
{ platform:macOS, arch:arm64, id:00006001-000448A43402801E, name:My Mac }
{ platform:macOS, arch:x86_64, id:00006001-000448A43402801E, name:My Mac }
ComputePackagePrebuildTargetDependencyGraph

Prepare packages

CreateBuildRequest

SendProjectDescription

CreateBuildOperation

ComputeTargetDependencyGraph
note: Building targets in dependency order
note: Target dependency graph (1 target)
    Target 'decodingOppression' in project 'decodingOppression' (no dependencies)

GatherProvisioningInputs

CreateBuildDescription

ExecuteExternalTool /Applications/Xcode.app/Contents/Developer/Toolchains/XcodeDefault.xctoolchain/usr/bin/clang -v -E -dM -isysroot /Applications/Xcode.app/Contents/Developer/Platforms/MacOSX.platform/Developer/SDKs/MacOSX26.2.sdk -x c -c /dev/null

ExecuteExternalTool /Applications/Xcode.app/Contents/Developer/usr/bin/actool --version --output-format xml1

ExecuteExternalTool /Applications/Xcode.app/Contents/Developer/Toolchains/XcodeDefault.xctoolchain/usr/bin/swiftc --version

ExecuteExternalTool /Applications/Xcode.app/Contents/Developer/Toolchains/XcodeDefault.xctoolchain/usr/bin/ld -version_details

Build description signature: 47ec4b38c85395d9f4b5408fc5900a4b
Build description path: /Users/emmanuel/Library/Developer/Xcode/DerivedData/decodingOppression-cxwoggwjsgwizbfojlfnncihejwm/Build/Intermediates.noindex/XCBuildData/47ec4b38c85395d9f4b5408fc5900a4b.xcbuilddata
ClangStatCache /Applications/Xcode.app/Contents/Developer/Toolchains/XcodeDefault.xctoolchain/usr/bin/clang-stat-cache /Applications/Xcode.app/Contents/Developer/Platforms/MacOSX.platform/Developer/SDKs/MacOSX26.2.sdk /Users/emmanuel/Library/Developer/Xcode/DerivedData/SDKStatCaches.noindex/macosx26.2-25C58-00fa09913b459cbbc988d1f6730289ae.sdkstatcache
    cd /Users/emmanuel/Documents/Theory/Redefining_racism/app/decodingOppression/decodingOppression.xcodeproj
    /Applications/Xcode.app/Contents/Developer/Toolchains/XcodeDefault.xctoolchain/usr/bin/clang-stat-cache /Applications/Xcode.app/Contents/Developer/Platforms/MacOSX.platform/Developer/SDKs/MacOSX26.2.sdk -o /Users/emmanuel/Library/Developer/Xcode/DerivedData/SDKStatCaches.noindex/macosx26.2-25C58-00fa09913b459cbbc988d1f6730289ae.sdkstatcache

ProcessInfoPlistFile /Users/emmanuel/Library/Developer/Xcode/DerivedData/decodingOppression-cxwoggwjsgwizbfojlfnncihejwm/Build/Products/Debug/decodingOppression.app/Contents/Info.plist /Users/emmanuel/Documents/Theory/Redefining_racism/app/decodingOppression/decodingOppression/Info.plist (in target 'decodingOppression' from project 'decodingOppression')
    cd /Users/emmanuel/Documents/Theory/Redefining_racism/app/decodingOppression
    builtin-infoPlistUtility /Users/emmanuel/Documents/Theory/Redefining_racism/app/decodingOppression/decodingOppression/Info.plist -producttype com.apple.product-type.application -genpkginfo /Users/emmanuel/Library/Developer/Xcode/DerivedData/decodingOppression-cxwoggwjsgwizbfojlfnncihejwm/Build/Products/Debug/decodingOppression.app/Contents/PkgInfo -expandbuildsettings -platform macosx -additionalcontentfile /Users/emmanuel/Library/Developer/Xcode/DerivedData/decodingOppression-cxwoggwjsgwizbfojlfnncihejwm/Build/Intermediates.noindex/decodingOppression.build/Debug/decodingOppression.build/assetcatalog_generated_info.plist -o /Users/emmanuel/Library/Developer/Xcode/DerivedData/decodingOppression-cxwoggwjsgwizbfojlfnncihejwm/Build/Products/Debug/decodingOppression.app/Contents/Info.plist
removing value "remote-notification" for "UIBackgroundModes" - not supported on macOS

CopySwiftLibs /Users/emmanuel/Library/Developer/Xcode/DerivedData/decodingOppression-cxwoggwjsgwizbfojlfnncihejwm/Build/Products/Debug/decodingOppression.app (in target 'decodingOppression' from project 'decodingOppression')
    cd /Users/emmanuel/Documents/Theory/Redefining_racism/app/decodingOppression
    builtin-swiftStdLibTool --copy --verbose --sign 69A47699883F0FF2FEA2DE61F1A08F94DA979509 --scan-executable /Users/emmanuel/Library/Developer/Xcode/DerivedData/decodingOppression-cxwoggwjsgwizbfojlfnncihejwm/Build/Products/Debug/decodingOppression.app/Contents/MacOS/decodingOppression.debug.dylib --scan-folder /Users/emmanuel/Library/Developer/Xcode/DerivedData/decodingOppression-cxwoggwjsgwizbfojlfnncihejwm/Build/Products/Debug/decodingOppression.app/Contents/Frameworks --scan-folder /Users/emmanuel/Library/Developer/Xcode/DerivedData/decodingOppression-cxwoggwjsgwizbfojlfnncihejwm/Build/Products/Debug/decodingOppression.app/Contents/PlugIns --scan-folder /Users/emmanuel/Library/Developer/Xcode/DerivedData/decodingOppression-cxwoggwjsgwizbfojlfnncihejwm/Build/Products/Debug/decodingOppression.app/Contents/Library/SystemExtensions --scan-folder /Users/emmanuel/Library/Developer/Xcode/DerivedData/decodingOppression-cxwoggwjsgwizbfojlfnncihejwm/Build/Products/Debug/decodingOppression.app/Contents/Extensions --platform macosx --toolchain /Applications/Xcode.app/Contents/Developer/Toolchains/XcodeDefault.xctoolchain --destination /Users/emmanuel/Library/Developer/Xcode/DerivedData/decodingOppression-cxwoggwjsgwizbfojlfnncihejwm/Build/Products/Debug/decodingOppression.app/Contents/Frameworks --strip-bitcode --strip-bitcode-tool /Applications/Xcode.app/Contents/Developer/Toolchains/XcodeDefault.xctoolchain/usr/bin/bitcode_strip --emit-dependency-info /Users/emmanuel/Library/Developer/Xcode/DerivedData/decodingOppression-cxwoggwjsgwizbfojlfnncihejwm/Build/Intermediates.noindex/decodingOppression.build/Debug/decodingOppression.build/SwiftStdLibToolInputDependencies.dep --filter-for-swift-os

** BUILD SUCCEEDED **

[0;32m[SUCCESS][0m Build succeeded in 2s with 0
0 warning(s)
[0;32m[SUCCESS][0m Build log written to: /Users/emmanuel/Documents/Theory/Redefining_racism/Artifacts/build_20260219_175851/logs/platform_results/build.log
/Users/emmanuel/Documents/Theory/Redefining_racism/Artifacts/build_20260219_175851/logs/platform_results/build.log

[0;36m[BUILD][0m ==========================================
[0;32m[SUCCESS][0m BuildAgent Complete!
[0;36m[BUILD][0m ==========================================

[0;34m[INFO][0m Artifacts: /Users/emmanuel/Documents/Theory/Redefining_racism/Artifacts/build_20260219_175851/logs/platform_results

jq: invalid JSON text passed to --argjson
Use jq --help for help with command-line options,
or see the jq manpage, or online docs  at https://jqlang.github.io/jq
