Command line invocation:
    /Applications/Xcode.app/Contents/Developer/usr/bin/xcodebuild -project /Users/emmanuel/Documents/Theory/Redefining_racism/app/decodingOppression/decodingOppression.xcodeproj -scheme decodingOppression -configuration Debug -destination platform=macOS -skipMacroValidation build

Resolve Package Graph


Resolved source packages:
  Jinja: https://github.com/huggingface/swift-jinja.git @ 2.3.2
  mlx-swift-lm: https://github.com/ml-explore/mlx-swift-lm @ 2.29.3
  swift-transformers: https://github.com/huggingface/swift-transformers @ 1.1.6
  mlx-swift: https://github.com/ml-explore/mlx-swift @ 0.29.1
  swift-numerics: https://github.com/apple/swift-numerics @ 1.1.1
  swift-collections: https://github.com/apple/swift-collections.git @ 1.3.0

--- xcodebuild: WARNING: Using the first of multiple matching destinations:
{ platform:macOS, arch:arm64, id:00006001-000448A43402801E, name:My Mac }
{ platform:macOS, arch:x86_64, id:00006001-000448A43402801E, name:My Mac }
ComputePackagePrebuildTargetDependencyGraph

Prepare packages

CreateBuildRequest

SendProjectDescription

CreateBuildOperation

ComputeTargetDependencyGraph
note: Building targets in dependency order
note: Target dependency graph (37 targets)
    Target 'decodingOppression' in project 'decodingOppression'
        ➜ Explicit dependency on target 'MLXLLM' in project 'mlx-swift-lm'
        ➜ Explicit dependency on target 'MLXEmbedders' in project 'mlx-swift-lm'
        ➜ Explicit dependency on target 'MLXLMCommon' in project 'mlx-swift-lm'
    Target 'MLXLMCommon' in project 'mlx-swift-lm'
        ➜ Explicit dependency on target 'MLXLMCommon' in project 'mlx-swift-lm'
        ➜ Explicit dependency on target 'MLX' in project 'mlx-swift'
        ➜ Explicit dependency on target 'MLXNN' in project 'mlx-swift'
        ➜ Explicit dependency on target 'MLXOptimizers' in project 'mlx-swift'
        ➜ Explicit dependency on target 'MLXRandom' in project 'mlx-swift'
        ➜ Explicit dependency on target 'MLXLinalg' in project 'mlx-swift'
        ➜ Explicit dependency on target 'Transformers' in project 'swift-transformers'
    Target 'MLXEmbedders' in project 'mlx-swift-lm'
        ➜ Explicit dependency on target 'MLXEmbedders' in project 'mlx-swift-lm'
        ➜ Explicit dependency on target 'MLXLMCommon' in project 'mlx-swift-lm'
        ➜ Explicit dependency on target 'MLX' in project 'mlx-swift'
        ➜ Explicit dependency on target 'MLXNN' in project 'mlx-swift'
        ➜ Explicit dependency on target 'MLXOptimizers' in project 'mlx-swift'
        ➜ Explicit dependency on target 'MLXRandom' in project 'mlx-swift'
        ➜ Explicit dependency on target 'MLXLinalg' in project 'mlx-swift'
        ➜ Explicit dependency on target 'Transformers' in project 'swift-transformers'
        ➜ Explicit dependency on target 'MLXFast' in project 'mlx-swift'
    Target 'MLXEmbedders' in project 'mlx-swift-lm'
        ➜ Explicit dependency on target 'MLXLMCommon' in project 'mlx-swift-lm'
        ➜ Explicit dependency on target 'MLX' in project 'mlx-swift'
        ➜ Explicit dependency on target 'MLXNN' in project 'mlx-swift'
        ➜ Explicit dependency on target 'MLXOptimizers' in project 'mlx-swift'
        ➜ Explicit dependency on target 'MLXRandom' in project 'mlx-swift'
        ➜ Explicit dependency on target 'MLXLinalg' in project 'mlx-swift'
        ➜ Explicit dependency on target 'Transformers' in project 'swift-transformers'
        ➜ Explicit dependency on target 'MLXFast' in project 'mlx-swift'
    Target 'MLXLLM' in project 'mlx-swift-lm'
        ➜ Explicit dependency on target 'MLXLLM' in project 'mlx-swift-lm'
        ➜ Explicit dependency on target 'MLXLMCommon' in project 'mlx-swift-lm'
        ➜ Explicit dependency on target 'MLX' in project 'mlx-swift'
        ➜ Explicit dependency on target 'MLXNN' in project 'mlx-swift'
        ➜ Explicit dependency on target 'MLXOptimizers' in project 'mlx-swift'
        ➜ Explicit dependency on target 'MLXRandom' in project 'mlx-swift'
        ➜ Explicit dependency on target 'MLXLinalg' in project 'mlx-swift'
        ➜ Explicit dependency on target 'Transformers' in project 'swift-transformers'
        ➜ Explicit dependency on target 'MLXFast' in project 'mlx-swift'
    Target 'MLXLLM' in project 'mlx-swift-lm'
        ➜ Explicit dependency on target 'MLXLMCommon' in project 'mlx-swift-lm'
        ➜ Explicit dependency on target 'MLX' in project 'mlx-swift'
        ➜ Explicit dependency on target 'MLXNN' in project 'mlx-swift'
        ➜ Explicit dependency on target 'MLXOptimizers' in project 'mlx-swift'
        ➜ Explicit dependency on target 'MLXRandom' in project 'mlx-swift'
        ➜ Explicit dependency on target 'MLXLinalg' in project 'mlx-swift'
        ➜ Explicit dependency on target 'Transformers' in project 'swift-transformers'
        ➜ Explicit dependency on target 'MLXFast' in project 'mlx-swift'
    Target 'MLXFast' in project 'mlx-swift'
        ➜ Explicit dependency on target 'MLXFast' in project 'mlx-swift'
        ➜ Explicit dependency on target 'Cmlx' in project 'mlx-swift'
        ➜ Explicit dependency on target 'MLX' in project 'mlx-swift'
        ➜ Explicit dependency on target 'Numerics' in project 'swift-numerics'
    Target 'MLXLMCommon' in project 'mlx-swift-lm'
        ➜ Explicit dependency on target 'MLX' in project 'mlx-swift'
        ➜ Explicit dependency on target 'MLXNN' in project 'mlx-swift'
        ➜ Explicit dependency on target 'MLXOptimizers' in project 'mlx-swift'
        ➜ Explicit dependency on target 'MLXRandom' in project 'mlx-swift'
        ➜ Explicit dependency on target 'MLXLinalg' in project 'mlx-swift'
        ➜ Explicit dependency on target 'Transformers' in project 'swift-transformers'
    Target 'Transformers' in project 'swift-transformers'
        ➜ Explicit dependency on target 'Tokenizers' in project 'swift-transformers'
        ➜ Explicit dependency on target 'Generation' in project 'swift-transformers'
        ➜ Explicit dependency on target 'Models' in project 'swift-transformers'
        ➜ Explicit dependency on target 'Hub' in project 'swift-transformers'
        ➜ Explicit dependency on target 'Jinja' in project 'Jinja'
        ➜ Explicit dependency on target 'OrderedCollections' in project 'swift-collections'
    Target 'Models' in project 'swift-transformers'
        ➜ Explicit dependency on target 'Hub' in project 'swift-transformers'
        ➜ Explicit dependency on target 'Tokenizers' in project 'swift-transformers'
        ➜ Explicit dependency on target 'Generation' in project 'swift-transformers'
        ➜ Explicit dependency on target 'Jinja' in project 'Jinja'
        ➜ Explicit dependency on target 'OrderedCollections' in project 'swift-collections'
    Target 'Generation' in project 'swift-transformers'
        ➜ Explicit dependency on target 'Hub' in project 'swift-transformers'
        ➜ Explicit dependency on target 'Tokenizers' in project 'swift-transformers'
        ➜ Explicit dependency on target 'Jinja' in project 'Jinja'
        ➜ Explicit dependency on target 'OrderedCollections' in project 'swift-collections'
    Target 'Tokenizers' in project 'swift-transformers'
        ➜ Explicit dependency on target 'Hub' in project 'swift-transformers'
        ➜ Explicit dependency on target 'Jinja' in project 'Jinja'
        ➜ Explicit dependency on target 'OrderedCollections' in project 'swift-collections'
    Target 'Hub' in project 'swift-transformers'
        ➜ Explicit dependency on target 'swift-transformers_Hub' in project 'swift-transformers'
        ➜ Explicit dependency on target 'Jinja' in project 'Jinja'
        ➜ Explicit dependency on target 'OrderedCollections' in project 'swift-collections'
    Target 'Jinja' in project 'Jinja'
        ➜ Explicit dependency on target 'Jinja' in project 'Jinja'
        ➜ Explicit dependency on target 'OrderedCollections' in project 'swift-collections'
    Target 'Jinja' in project 'Jinja'
        ➜ Explicit dependency on target 'OrderedCollections' in project 'swift-collections'
    Target 'OrderedCollections' in project 'swift-collections'
        ➜ Explicit dependency on target 'OrderedCollections' in project 'swift-collections'
        ➜ Explicit dependency on target 'InternalCollectionsUtilities' in project 'swift-collections'
    Target 'OrderedCollections' in project 'swift-collections'
        ➜ Explicit dependency on target 'InternalCollectionsUtilities' in project 'swift-collections'
    Target 'InternalCollectionsUtilities' in project 'swift-collections' (no dependencies)
    Target 'swift-transformers_Hub' in project 'swift-transformers' (no dependencies)
    Target 'MLXLinalg' in project 'mlx-swift'
        ➜ Explicit dependency on target 'MLXLinalg' in project 'mlx-swift'
        ➜ Explicit dependency on target 'Cmlx' in project 'mlx-swift'
        ➜ Explicit dependency on target 'MLX' in project 'mlx-swift'
        ➜ Explicit dependency on target 'Numerics' in project 'swift-numerics'
    Target 'MLXLinalg' in project 'mlx-swift'
        ➜ Explicit dependency on target 'Cmlx' in project 'mlx-swift'
        ➜ Explicit dependency on target 'MLX' in project 'mlx-swift'
        ➜ Explicit dependency on target 'Numerics' in project 'swift-numerics'
    Target 'MLXRandom' in project 'mlx-swift'
        ➜ Explicit dependency on target 'MLXRandom' in project 'mlx-swift'
        ➜ Explicit dependency on target 'Cmlx' in project 'mlx-swift'
        ➜ Explicit dependency on target 'MLX' in project 'mlx-swift'
        ➜ Explicit dependency on target 'Numerics' in project 'swift-numerics'
    Target 'MLXOptimizers' in project 'mlx-swift'
        ➜ Explicit dependency on target 'MLXOptimizers' in project 'mlx-swift'
        ➜ Explicit dependency on target 'Cmlx' in project 'mlx-swift'
        ➜ Explicit dependency on target 'MLX' in project 'mlx-swift'
        ➜ Explicit dependency on target 'MLXRandom' in project 'mlx-swift'
        ➜ Explicit dependency on target 'MLXFast' in project 'mlx-swift'
        ➜ Explicit dependency on target 'MLXNN' in project 'mlx-swift'
        ➜ Explicit dependency on target 'Numerics' in project 'swift-numerics'
    Target 'MLXOptimizers' in project 'mlx-swift'
        ➜ Explicit dependency on target 'Cmlx' in project 'mlx-swift'
        ➜ Explicit dependency on target 'MLX' in project 'mlx-swift'
        ➜ Explicit dependency on target 'MLXRandom' in project 'mlx-swift'
        ➜ Explicit dependency on target 'MLXFast' in project 'mlx-swift'
        ➜ Explicit dependency on target 'MLXNN' in project 'mlx-swift'
        ➜ Explicit dependency on target 'Numerics' in project 'swift-numerics'
    Target 'MLXNN' in project 'mlx-swift'
        ➜ Explicit dependency on target 'MLXNN' in project 'mlx-swift'
        ➜ Explicit dependency on target 'Cmlx' in project 'mlx-swift'
        ➜ Explicit dependency on target 'MLX' in project 'mlx-swift'
        ➜ Explicit dependency on target 'MLXRandom' in project 'mlx-swift'
        ➜ Explicit dependency on target 'MLXFast' in project 'mlx-swift'
        ➜ Explicit dependency on target 'Numerics' in project 'swift-numerics'
    Target 'MLXNN' in project 'mlx-swift'
        ➜ Explicit dependency on target 'Cmlx' in project 'mlx-swift'
        ➜ Explicit dependency on target 'MLX' in project 'mlx-swift'
        ➜ Explicit dependency on target 'MLXRandom' in project 'mlx-swift'
        ➜ Explicit dependency on target 'MLXFast' in project 'mlx-swift'
        ➜ Explicit dependency on target 'Numerics' in project 'swift-numerics'
    Target 'MLXFast' in project 'mlx-swift'
        ➜ Explicit dependency on target 'Cmlx' in project 'mlx-swift'
        ➜ Explicit dependency on target 'MLX' in project 'mlx-swift'
        ➜ Explicit dependency on target 'Numerics' in project 'swift-numerics'
    Target 'MLXRandom' in project 'mlx-swift'
        ➜ Explicit dependency on target 'Cmlx' in project 'mlx-swift'
        ➜ Explicit dependency on target 'MLX' in project 'mlx-swift'
        ➜ Explicit dependency on target 'Numerics' in project 'swift-numerics'
    Target 'MLX' in project 'mlx-swift'
        ➜ Explicit dependency on target 'MLX' in project 'mlx-swift'
        ➜ Explicit dependency on target 'Cmlx' in project 'mlx-swift'
        ➜ Explicit dependency on target 'Numerics' in project 'swift-numerics'
    Target 'MLX' in project 'mlx-swift'
        ➜ Explicit dependency on target 'Cmlx' in project 'mlx-swift'
        ➜ Explicit dependency on target 'Numerics' in project 'swift-numerics'
    Target 'Numerics' in project 'swift-numerics'
        ➜ Explicit dependency on target 'Numerics' in project 'swift-numerics'
        ➜ Explicit dependency on target '_NumericsShims' in project 'swift-numerics'
        ➜ Explicit dependency on target 'RealModule' in project 'swift-numerics'
        ➜ Explicit dependency on target 'ComplexModule' in project 'swift-numerics'
    Target 'Numerics' in project 'swift-numerics'
        ➜ Explicit dependency on target '_NumericsShims' in project 'swift-numerics'
        ➜ Explicit dependency on target 'RealModule' in project 'swift-numerics'
        ➜ Explicit dependency on target 'ComplexModule' in project 'swift-numerics'
    Target 'ComplexModule' in project 'swift-numerics'
        ➜ Explicit dependency on target '_NumericsShims' in project 'swift-numerics'
        ➜ Explicit dependency on target 'RealModule' in project 'swift-numerics'
    Target 'RealModule' in project 'swift-numerics'
        ➜ Explicit dependency on target '_NumericsShims' in project 'swift-numerics'
    Target '_NumericsShims' in project 'swift-numerics' (no dependencies)
    Target 'Cmlx' in project 'mlx-swift'
        ➜ Explicit dependency on target 'mlx-swift_Cmlx' in project 'mlx-swift'
    Target 'mlx-swift_Cmlx' in project 'mlx-swift' (no dependencies)

GatherProvisioningInputs

CreateBuildDescription

ExecuteExternalTool /Applications/Xcode.app/Contents/Developer/Toolchains/XcodeDefault.xctoolchain/usr/bin/clang -v -E -dM -arch arm64 -isysroot /Applications/Xcode.app/Contents/Developer/Platforms/MacOSX.platform/Developer/SDKs/MacOSX26.2.sdk -x c -c /dev/null

ExecuteExternalTool /Applications/Xcode.app/Contents/Developer/Toolchains/XcodeDefault.xctoolchain/usr/bin/swiftc --version

ExecuteExternalTool /Applications/Xcode.app/Contents/Developer/Toolchains/XcodeDefault.xctoolchain/usr/bin/clang -v -E -dM -arch arm64 -isysroot /Applications/Xcode.app/Contents/Developer/Platforms/MacOSX.platform/Developer/SDKs/MacOSX26.2.sdk -x objective-c -c /dev/null

ExecuteExternalTool /Applications/Xcode.app/Contents/Developer/Toolchains/XcodeDefault.xctoolchain/usr/bin/clang -v -E -dM -isysroot /Applications/Xcode.app/Contents/Developer/Platforms/MacOSX.platform/Developer/SDKs/MacOSX26.2.sdk -x c -c /dev/null

ExecuteExternalTool /Applications/Xcode.app/Contents/Developer/Toolchains/XcodeDefault.xctoolchain/usr/bin/clang -v -E -dM -arch arm64 -isysroot /Applications/Xcode.app/Contents/Developer/Platforms/MacOSX.platform/Developer/SDKs/MacOSX26.2.sdk -x c++ -c /dev/null

ExecuteExternalTool /Applications/Xcode.app/Contents/Developer/Toolchains/XcodeDefault.xctoolchain/usr/bin/ld -version_details

ReadFileContents /Applications/Xcode.app/Contents/Developer/Toolchains/XcodeDefault.xctoolchain/usr/share/docc/features.json

Build description signature: 71b82393042f3e5d56836108c4f32812
Build description path: /Users/emmanuel/Library/Developer/Xcode/DerivedData/decodingOppression-cxwoggwjsgwizbfojlfnncihejwm/Build/Intermediates.noindex/XCBuildData/71b82393042f3e5d56836108c4f32812.xcbuilddata
ClangStatCache /Applications/Xcode.app/Contents/Developer/Toolchains/XcodeDefault.xctoolchain/usr/bin/clang-stat-cache /Applications/Xcode.app/Contents/Developer/Platforms/MacOSX.platform/Developer/SDKs/MacOSX26.2.sdk /Users/emmanuel/Library/Developer/Xcode/DerivedData/SDKStatCaches.noindex/macosx26.2-25C58-e8867d0c40613ffc63e0238af232dc5000fa09913b459cbbc988d1f6730289ae.sdkstatcache
    cd /Users/emmanuel/Documents/Theory/Redefining_racism/app/decodingOppression/decodingOppression.xcodeproj
    /Applications/Xcode.app/Contents/Developer/Toolchains/XcodeDefault.xctoolchain/usr/bin/clang-stat-cache /Applications/Xcode.app/Contents/Developer/Platforms/MacOSX.platform/Developer/SDKs/MacOSX26.2.sdk -o /Users/emmanuel/Library/Developer/Xcode/DerivedData/SDKStatCaches.noindex/macosx26.2-25C58-e8867d0c40613ffc63e0238af232dc5000fa09913b459cbbc988d1f6730289ae.sdkstatcache

ProcessInfoPlistFile /Users/emmanuel/Library/Developer/Xcode/DerivedData/decodingOppression-cxwoggwjsgwizbfojlfnncihejwm/Build/Products/Debug/swift-transformers_Hub.bundle/Contents/Info.plist /Users/emmanuel/Library/Developer/Xcode/DerivedData/decodingOppression-cxwoggwjsgwizbfojlfnncihejwm/Build/Intermediates.noindex/swift-transformers.build/Debug/swift-transformers_Hub.build/empty-swift-transformers_Hub.plist (in target 'swift-transformers_Hub' from project 'swift-transformers')
    cd /Users/emmanuel/Library/Developer/Xcode/DerivedData/decodingOppression-cxwoggwjsgwizbfojlfnncihejwm/SourcePackages/checkouts/swift-transformers
    builtin-infoPlistUtility /Users/emmanuel/Library/Developer/Xcode/DerivedData/decodingOppression-cxwoggwjsgwizbfojlfnncihejwm/Build/Intermediates.noindex/swift-transformers.build/Debug/swift-transformers_Hub.build/empty-swift-transformers_Hub.plist -producttype com.apple.product-type.bundle -expandbuildsettings -platform macosx -o /Users/emmanuel/Library/Developer/Xcode/DerivedData/decodingOppression-cxwoggwjsgwizbfojlfnncihejwm/Build/Products/Debug/swift-transformers_Hub.bundle/Contents/Info.plist

ProcessInfoPlistFile /Users/emmanuel/Library/Developer/Xcode/DerivedData/decodingOppression-cxwoggwjsgwizbfojlfnncihejwm/Build/Products/Debug/mlx-swift_Cmlx.bundle/Contents/Info.plist /Users/emmanuel/Library/Developer/Xcode/DerivedData/decodingOppression-cxwoggwjsgwizbfojlfnncihejwm/Build/Intermediates.noindex/mlx-swift.build/Debug/mlx-swift_Cmlx.build/empty-mlx-swift_Cmlx.plist (in target 'mlx-swift_Cmlx' from project 'mlx-swift')
    cd /Users/emmanuel/Library/Developer/Xcode/DerivedData/decodingOppression-cxwoggwjsgwizbfojlfnncihejwm/SourcePackages/checkouts/mlx-swift
    builtin-infoPlistUtility /Users/emmanuel/Library/Developer/Xcode/DerivedData/decodingOppression-cxwoggwjsgwizbfojlfnncihejwm/Build/Intermediates.noindex/mlx-swift.build/Debug/mlx-swift_Cmlx.build/empty-mlx-swift_Cmlx.plist -producttype com.apple.product-type.bundle -expandbuildsettings -platform macosx -o /Users/emmanuel/Library/Developer/Xcode/DerivedData/decodingOppression-cxwoggwjsgwizbfojlfnncihejwm/Build/Products/Debug/mlx-swift_Cmlx.bundle/Contents/Info.plist

ProcessProductPackaging "" /Users/emmanuel/Library/Developer/Xcode/DerivedData/decodingOppression-cxwoggwjsgwizbfojlfnncihejwm/Build/Intermediates.noindex/decodingOppression.build/Debug/decodingOppression.build/decodingOppression.app.xcent (in target 'decodingOppression' from project 'decodingOppression')
    cd /Users/emmanuel/Documents/Theory/Redefining_racism/app/decodingOppression
    
    Entitlements:
    
    {
    "com.apple.security.app-sandbox" = 1;
    "com.apple.security.files.user-selected.read-only" = 1;
    "com.apple.security.get-task-allow" = 1;
}
    
    builtin-productPackagingUtility -entitlements -format xml -o /Users/emmanuel/Library/Developer/Xcode/DerivedData/decodingOppression-cxwoggwjsgwizbfojlfnncihejwm/Build/Intermediates.noindex/decodingOppression.build/Debug/decodingOppression.build/decodingOppression.app.xcent

CompileC /Users/emmanuel/Library/Developer/Xcode/DerivedData/decodingOppression-cxwoggwjsgwizbfojlfnncihejwm/Build/Intermediates.noindex/mlx-swift.build/Debug/Cmlx.build/Objects-normal/arm64/binary-dc1f2dc80559b502137d6b2922d40cdf.o /Users/emmanuel/Library/Developer/Xcode/DerivedData/decodingOppression-cxwoggwjsgwizbfojlfnncihejwm/SourcePackages/checkouts/mlx-swift/Source/Cmlx/mlx/mlx/backend/cpu/binary.cpp normal arm64 c++ com.apple.compilers.llvm.clang.1_0.compiler (in target 'Cmlx' from project 'mlx-swift')
    cd /Users/emmanuel/Documents/Theory/Redefining_racism/app/decodingOppression/decodingOppression.xcodeproj
    
    Using response file: /Users/emmanuel/Library/Developer/Xcode/DerivedData/decodingOppression-cxwoggwjsgwizbfojlfnncihejwm/Build/Intermediates.noindex/mlx-swift.build/Debug/Cmlx.build/Objects-normal/arm64/82b82416624d2658e5098eb0a28c15c5-common-args.resp
    
    /Applications/Xcode.app/Contents/Developer/Toolchains/XcodeDefault.xctoolchain/usr/bin/clang -x c++ -ivfsstatcache /Users/emmanuel/Library/Developer/Xcode/DerivedData/SDKStatCaches.noindex/macosx26.2-25C58-e8867d0c40613ffc63e0238af232dc5000fa09913b459cbbc988d1f6730289ae.sdkstatcache -fmessage-length\=0 -fdiagnostics-show-note-include-stack -fmacro-backtrace-limit\=0 -fno-color-diagnostics -fmodules-prune-interval\=86400 -fmodules-prune-after\=345600 -fbuild-session-file\=/Users/emmanuel/Library/Developer/Xcode/DerivedData/ModuleCache.noindex/Session.modulevalidation -fmodules-validate-once-per-build-session -Wnon-modular-include-in-framework-module -Werror\=non-modular-include-in-framework-module -Wno-trigraphs -Wno-missing-field-initializers -Wno-missing-prototypes -Wno-return-type -Wno-non-virtual-dtor -Wno-overloaded-virtual -Wno-exit-time-destructors -Wno-missing-braces -Wparentheses -Wswitch -Wno-unused-function -Wno-unused-label -Wno-unused-parameter -Wno-unused-variable -Wunused-value -Wno-empty-body -Wno-uninitialized -Wno-unknown-pragmas -w -Wno-shadow -Wno-four-char-constants -Wno-conversion -Wno-constant-conversion -Wno-int-conversion -Wno-bool-conversion -Wno-enum-conversion -Wno-float-conversion -Wno-non-literal-null-conversion -Wno-objc-literal-conversion -Wshorten-64-to-32 -Wno-newline-eof -Wno-c++11-extensions -Wno-implicit-fallthrough -fstrict-aliasing -Wdeprecated-declarations -Winvalid-offsetof -Wno-sign-conversion -Wno-infinite-recursion -Wno-move -Wno-comma -Wno-block-capture-autoreleasing -Wno-strict-prototypes -Wno-range-loop-analysis -Wno-semicolon-before-method-body -index-store-path /Users/emmanuel/Library/Developer/Xcode/DerivedData/decodingOppression-cxwoggwjsgwizbfojlfnncihejwm/Index.noindex/DataStore @/Users/emmanuel/Library/Developer/Xcode/DerivedData/decodingOppression-cxwoggwjsgwizbfojlfnncihejwm/Build/Intermediates.noindex/mlx-swift.build/Debug/Cmlx.build/Objects-normal/arm64/82b82416624d2658e5098eb0a28c15c5-common-args.resp -MMD -MT dependencies -MF /Users/emmanuel/Library/Developer/Xcode/DerivedData/decodingOppression-cxwoggwjsgwizbfojlfnncihejwm/Build/Intermediates.noindex/mlx-swift.build/Debug/Cmlx.build/Objects-normal/arm64/binary-dc1f2dc80559b502137d6b2922d40cdf.d --serialize-diagnostics /Users/emmanuel/Library/Developer/Xcode/DerivedData/decodingOppression-cxwoggwjsgwizbfojlfnncihejwm/Build/Intermediates.noindex/mlx-swift.build/Debug/Cmlx.build/Objects-normal/arm64/binary-dc1f2dc80559b502137d6b2922d40cdf.dia -c /Users/emmanuel/Library/Developer/Xcode/DerivedData/decodingOppression-cxwoggwjsgwizbfojlfnncihejwm/SourcePackages/checkouts/mlx-swift/Source/Cmlx/mlx/mlx/backend/cpu/binary.cpp -o /Users/emmanuel/Library/Developer/Xcode/DerivedData/decodingOppression-cxwoggwjsgwizbfojlfnncihejwm/Build/Intermediates.noindex/mlx-swift.build/Debug/Cmlx.build/Objects-normal/arm64/binary-dc1f2dc80559b502137d6b2922d40cdf.o -index-unit-output-path /mlx-swift.build/Debug/Cmlx.build/Objects-normal/arm64/binary-dc1f2dc80559b502137d6b2922d40cdf.o

ProcessProductPackagingDER /Users/emmanuel/Library/Developer/Xcode/DerivedData/decodingOppression-cxwoggwjsgwizbfojlfnncihejwm/Build/Intermediates.noindex/decodingOppression.build/Debug/decodingOppression.build/decodingOppression.app.xcent /Users/emmanuel/Library/Developer/Xcode/DerivedData/decodingOppression-cxwoggwjsgwizbfojlfnncihejwm/Build/Intermediates.noindex/decodingOppression.build/Debug/decodingOppression.build/decodingOppression.app.xcent.der (in target 'decodingOppression' from project 'decodingOppression')
    cd /Users/emmanuel/Documents/Theory/Redefining_racism/app/decodingOppression
    /usr/bin/derq query -f xml -i /Users/emmanuel/Library/Developer/Xcode/DerivedData/decodingOppression-cxwoggwjsgwizbfojlfnncihejwm/Build/Intermediates.noindex/decodingOppression.build/Debug/decodingOppression.build/decodingOppression.app.xcent -o /Users/emmanuel/Library/Developer/Xcode/DerivedData/decodingOppression-cxwoggwjsgwizbfojlfnncihejwm/Build/Intermediates.noindex/decodingOppression.build/Debug/decodingOppression.build/decodingOppression.app.xcent.der --raw

SwiftDriver decodingOppression normal arm64 com.apple.xcode.tools.swift.compiler (in target 'decodingOppression' from project 'decodingOppression')
    cd /Users/emmanuel/Documents/Theory/Redefining_racism/app/decodingOppression
    builtin-SwiftDriver -- /Applications/Xcode.app/Contents/Developer/Toolchains/XcodeDefault.xctoolchain/usr/bin/swiftc -module-name decodingOppression -Onone -enforce-exclusivity\=checked @/Users/emmanuel/Library/Developer/Xcode/DerivedData/decodingOppression-cxwoggwjsgwizbfojlfnncihejwm/Build/Intermediates.noindex/decodingOppression.build/Debug/decodingOppression.build/Objects-normal/arm64/decodingOppression.SwiftFileList -DDEBUG -default-isolation\=MainActor -enable-bare-slash-regex -enable-upcoming-feature DisableOutwardActorInference -enable-upcoming-feature InferSendableFromCaptures -enable-upcoming-feature GlobalActorIsolatedTypesUsability -enable-upcoming-feature MemberImportVisibility -enable-upcoming-feature InferIsolatedConformances -enable-upcoming-feature NonisolatedNonsendingByDefault -enable-experimental-feature DebugDescriptionMacro -sdk /Applications/Xcode.app/Contents/Developer/Platforms/MacOSX.platform/Developer/SDKs/MacOSX26.2.sdk -target arm64-apple-macos26.2 -g -module-cache-path /Users/emmanuel/Library/Developer/Xcode/DerivedData/ModuleCache.noindex -Xfrontend -serialize-debugging-options -profile-coverage-mapping -profile-generate -enable-testing -index-store-path /Users/emmanuel/Library/Developer/Xcode/DerivedData/decodingOppression-cxwoggwjsgwizbfojlfnncihejwm/Index.noindex/DataStore -Xcc -D_LIBCPP_HARDENING_MODE\=_LIBCPP_HARDENING_MODE_DEBUG -swift-version 5 -I /Users/emmanuel/Library/Developer/Xcode/DerivedData/decodingOppression-cxwoggwjsgwizbfojlfnncihejwm/Build/Products/Debug -F /Users/emmanuel/Library/Developer/Xcode/DerivedData/decodingOppression-cxwoggwjsgwizbfojlfnncihejwm/Build/Products/Debug/PackageFrameworks -F /Users/emmanuel/Library/Developer/Xcode/DerivedData/decodingOppression-cxwoggwjsgwizbfojlfnncihejwm/Build/Products/Debug/PackageFrameworks -F /Users/emmanuel/Library/Developer/Xcode/DerivedData/decodingOppression-cxwoggwjsgwizbfojlfnncihejwm/Build/Products/Debug/PackageFrameworks -F /Users/emmanuel/Library/Developer/Xcode/DerivedData/decodingOppression-cxwoggwjsgwizbfojlfnncihejwm/Build/Products/Debug/PackageFrameworks -F /Users/emmanuel/Library/Developer/Xcode/DerivedData/decodingOppression-cxwoggwjsgwizbfojlfnncihejwm/Build/Products/Debug/PackageFrameworks -F /Users/emmanuel/Library/Developer/Xcode/DerivedData/decodingOppression-cxwoggwjsgwizbfojlfnncihejwm/Build/Products/Debug/PackageFrameworks -F /Users/emmanuel/Library/Developer/Xcode/DerivedData/decodingOppression-cxwoggwjsgwizbfojlfnncihejwm/Build/Products/Debug/PackageFrameworks -F /Users/emmanuel/Library/Developer/Xcode/DerivedData/decodingOppression-cxwoggwjsgwizbfojlfnncihejwm/Build/Products/Debug/PackageFrameworks -F /Users/emmanuel/Library/Developer/Xcode/DerivedData/decodingOppression-cxwoggwjsgwizbfojlfnncihejwm/Build/Products/Debug/PackageFrameworks -F /Users/emmanuel/Library/Developer/Xcode/DerivedData/decodingOppression-cxwoggwjsgwizbfojlfnncihejwm/Build/Products/Debug/PackageFrameworks -F /Users/emmanuel/Library/Developer/Xcode/DerivedData/decodingOppression-cxwoggwjsgwizbfojlfnncihejwm/Build/Products/Debug/PackageFrameworks -F /Users/emmanuel/Library/Developer/Xcode/DerivedData/decodingOppression-cxwoggwjsgwizbfojlfnncihejwm/Build/Products/Debug/PackageFrameworks -F /Users/emmanuel/Library/Developer/Xcode/DerivedData/decodingOppression-cxwoggwjsgwizbfojlfnncihejwm/Build/Products/Debug/PackageFrameworks -F /Users/emmanuel/Library/Developer/Xcode/DerivedData/decodingOppression-cxwoggwjsgwizbfojlfnncihejwm/Build/Products/Debug/PackageFrameworks -F /Users/emmanuel/Library/Developer/Xcode/DerivedData/decodingOppression-cxwoggwjsgwizbfojlfnncihejwm/Build/Products/Debug/PackageFrameworks -F /Users/emmanuel/Library/Developer/Xcode/DerivedData/decodingOppression-cxwoggwjsgwizbfojlfnncihejwm/Build/Products/Debug/PackageFrameworks -F /Users/emmanuel/Library/Developer/Xcode/DerivedData/decodingOppression-cxwoggwjsgwizbfojlfnncihejwm/Build/Products/Debug/PackageFrameworks -F /Users/emmanuel/Library/Developer/Xcode/DerivedData/decodingOppression-cxwoggwjsgwizbfojlfnncihejwm/Build/Products/Debug/PackageFrameworks -F /Users/emmanuel/Library/Developer/Xcode/DerivedData/decodingOppression-cxwoggwjsgwizbfojlfnncihejwm/Build/Products/Debug/PackageFrameworks -F /Users/emmanuel/Library/Developer/Xcode/DerivedData/decodingOppression-cxwoggwjsgwizbfojlfnncihejwm/Build/Products/Debug/PackageFrameworks -F /Users/emmanuel/Library/Developer/Xcode/DerivedData/decodingOppression-cxwoggwjsgwizbfojlfnncihejwm/Build/Products/Debug/PackageFrameworks -F /Users/emmanuel/Library/Developer/Xcode/DerivedData/decodingOppression-cxwoggwjsgwizbfojlfnncihejwm/Build/Products/Debug -emit-localized-strings -emit-localized-strings-path /Users/emmanuel/Library/Developer/Xcode/DerivedData/decodingOppression-cxwoggwjsgwizbfojlfnncihejwm/Build/Intermediates.noindex/decodingOppression.build/Debug/decodingOppression.build/Objects-normal/arm64 -c -j10 -enable-batch-mode -incremental -Xcc -ivfsstatcache -Xcc /Users/emmanuel/Library/Developer/Xcode/DerivedData/SDKStatCaches.noindex/macosx26.2-25C58-e8867d0c40613ffc63e0238af232dc5000fa09913b459cbbc988d1f6730289ae.sdkstatcache -output-file-map /Users/emmanuel/Library/Developer/Xcode/DerivedData/decodingOppression-cxwoggwjsgwizbfojlfnncihejwm/Build/Intermediates.noindex/decodingOppression.build/Debug/decodingOppression.build/Objects-normal/arm64/decodingOppression-OutputFileMap.json -use-frontend-parseable-output -save-temps -no-color-diagnostics -explicit-module-build -module-cache-path /Users/emmanuel/Library/Developer/Xcode/DerivedData/decodingOppression-cxwoggwjsgwizbfojlfnncihejwm/Build/Intermediates.noindex/SwiftExplicitPrecompiledModules -clang-scanner-module-cache-path /Users/emmanuel/Library/Developer/Xcode/DerivedData/ModuleCache.noindex -sdk-module-cache-path /Users/emmanuel/Library/Developer/Xcode/DerivedData/ModuleCache.noindex -serialize-diagnostics -emit-dependencies -emit-module -emit-module-path /Users/emmanuel/Library/Developer/Xcode/DerivedData/decodingOppression-cxwoggwjsgwizbfojlfnncihejwm/Build/Intermediates.noindex/decodingOppression.build/Debug/decodingOppression.build/Objects-normal/arm64/decodingOppression.swiftmodule -validate-clang-modules-once -clang-build-session-file /Users/emmanuel/Library/Developer/Xcode/DerivedData/ModuleCache.noindex/Session.modulevalidation -Xcc -I/Users/emmanuel/Library/Developer/Xcode/DerivedData/decodingOppression-cxwoggwjsgwizbfojlfnncihejwm/Build/Intermediates.noindex/decodingOppression.build/Debug/decodingOppression.build/swift-overrides.hmap -emit-const-values -Xfrontend -const-gather-protocols-file -Xfrontend /Users/emmanuel/Library/Developer/Xcode/DerivedData/decodingOppression-cxwoggwjsgwizbfojlfnncihejwm/Build/Intermediates.noindex/decodingOppression.build/Debug/decodingOppression.build/Objects-normal/arm64/decodingOppression_const_extract_protocols.json -Xcc -iquote -Xcc /Users/emmanuel/Library/Developer/Xcode/DerivedData/decodingOppression-cxwoggwjsgwizbfojlfnncihejwm/Build/Intermediates.noindex/decodingOppression.build/Debug/decodingOppression.build/decodingOppression-generated-files.hmap -Xcc -I/Users/emmanuel/Library/Developer/Xcode/DerivedData/decodingOppression-cxwoggwjsgwizbfojlfnncihejwm/Build/Intermediates.noindex/decodingOppression.build/Debug/decodingOppression.build/decodingOppression-own-target-headers.hmap -Xcc -I/Users/emmanuel/Library/Developer/Xcode/DerivedData/decodingOppression-cxwoggwjsgwizbfojlfnncihejwm/Build/Intermediates.noindex/decodingOppression.build/Debug/decodingOppression.build/decodingOppression-all-non-framework-target-headers.hmap -Xcc -ivfsoverlay -Xcc /Users/emmanuel/Library/Developer/Xcode/DerivedData/decodingOppression-cxwoggwjsgwizbfojlfnncihejwm/Build/Intermediates.noindex/decodingOppression.build/Debug/decodingOppression-92f70843e4a2cfdead6817d9c21f0c6f-VFS/all-product-headers.yaml -Xcc -iquote -Xcc /Users/emmanuel/Library/Developer/Xcode/DerivedData/decodingOppression-cxwoggwjsgwizbfojlfnncihejwm/Build/Intermediates.noindex/decodingOppression.build/Debug/decodingOppression.build/decodingOppression-project-headers.hmap -Xcc -I/Users/emmanuel/Library/Developer/Xcode/DerivedData/decodingOppression-cxwoggwjsgwizbfojlfnncihejwm/SourcePackages/checkouts/swift-numerics/Sources/_NumericsShims/include -Xcc -I/Users/emmanuel/Library/Developer/Xcode/DerivedData/decodingOppression-cxwoggwjsgwizbfojlfnncihejwm/SourcePackages/checkouts/mlx-swift/Source/Cmlx/include -Xcc -I/Users/emmanuel/Library/Developer/Xcode/DerivedData/decodingOppression-cxwoggwjsgwizbfojlfnncihejwm/Build/Products/Debug/include -Xcc -I/Users/emmanuel/Library/Developer/Xcode/DerivedData/decodingOppression-cxwoggwjsgwizbfojlfnncihejwm/Build/Intermediates.noindex/decodingOppression.build/Debug/decodingOppression.build/DerivedSources-normal/arm64 -Xcc -I/Users/emmanuel/Library/Developer/Xcode/DerivedData/decodingOppression-cxwoggwjsgwizbfojlfnncihejwm/Build/Intermediates.noindex/decodingOppression.build/Debug/decodingOppression.build/DerivedSources/arm64 -Xcc -I/Users/emmanuel/Library/Developer/Xcode/DerivedData/decodingOppression-cxwoggwjsgwizbfojlfnncihejwm/Build/Intermediates.noindex/decodingOppression.build/Debug/decodingOppression.build/DerivedSources -Xcc -DDEBUG\=1 -emit-objc-header -emit-objc-header-path /Users/emmanuel/Library/Developer/Xcode/DerivedData/decodingOppression-cxwoggwjsgwizbfojlfnncihejwm/Build/Intermediates.noindex/decodingOppression.build/Debug/decodingOppression.build/Objects-normal/arm64/decodingOppression-Swift.h -working-directory /Users/emmanuel/Documents/Theory/Redefining_racism/app/decodingOppression -experimental-emit-module-separately -disable-cmo

SwiftCompile normal arm64 Compiling\ TrainingViewStyle.swift /Users/emmanuel/Documents/Theory/Redefining_racism/app/decodingOppression/decodingOppression/Views/Style/TrainingViewStyle.swift (in target 'decodingOppression' from project 'decodingOppression')
SwiftCompile normal arm64 /Users/emmanuel/Documents/Theory/Redefining_racism/app/decodingOppression/decodingOppression/Views/Style/TrainingViewStyle.swift (in target 'decodingOppression' from project 'decodingOppression')
    cd /Users/emmanuel/Documents/Theory/Redefining_racism/app/decodingOppression
    

SwiftCompile normal arm64 Compiling\ ValidationRunner.swift,\ TrainingManager.swift /Users/emmanuel/Documents/Theory/Redefining_racism/app/decodingOppression/decodingOppression/AI/ValidationRunner.swift /Users/emmanuel/Documents/Theory/Redefining_racism/app/decodingOppression/decodingOppression/MLX/TrainingManager.swift (in target 'decodingOppression' from project 'decodingOppression')

SwiftCompile normal arm64 /Users/emmanuel/Documents/Theory/Redefining_racism/app/decodingOppression/decodingOppression/AI/ValidationRunner.swift (in target 'decodingOppression' from project 'decodingOppression')
    cd /Users/emmanuel/Documents/Theory/Redefining_racism/app/decodingOppression
    

SwiftCompile normal arm64 /Users/emmanuel/Documents/Theory/Redefining_racism/app/decodingOppression/decodingOppression/MLX/TrainingManager.swift (in target 'decodingOppression' from project 'decodingOppression')
    cd /Users/emmanuel/Documents/Theory/Redefining_racism/app/decodingOppression
    

SwiftEmitModule normal arm64 Emitting\ module\ for\ decodingOppression (in target 'decodingOppression' from project 'decodingOppression')

EmitSwiftModule normal arm64 (in target 'decodingOppression' from project 'decodingOppression')
    cd /Users/emmanuel/Documents/Theory/Redefining_racism/app/decodingOppression
    

SwiftCompile normal arm64 Compiling\ TrainingDataView.swift /Users/emmanuel/Documents/Theory/Redefining_racism/app/decodingOppression/decodingOppression/Views/TrainingDataView.swift (in target 'decodingOppression' from project 'decodingOppression')
SwiftCompile normal arm64 /Users/emmanuel/Documents/Theory/Redefining_racism/app/decodingOppression/decodingOppression/Views/TrainingDataView.swift (in target 'decodingOppression' from project 'decodingOppression')
    cd /Users/emmanuel/Documents/Theory/Redefining_racism/app/decodingOppression
    

SwiftCompile normal arm64 Compiling\ TrainingModels.swift,\ TrainingDataStore.swift /Users/emmanuel/Documents/Theory/Redefining_racism/app/decodingOppression/decodingOppression/Models/TrainingModels.swift /Users/emmanuel/Documents/Theory/Redefining_racism/app/decodingOppression/decodingOppression/Data/TrainingDataStore.swift (in target 'decodingOppression' from project 'decodingOppression')
Failed frontend command:
/Applications/Xcode.app/Contents/Developer/Toolchains/XcodeDefault.xctoolchain/usr/bin/swift-frontend -frontend -c -primary-file /Users/emmanuel/Documents/Theory/Redefining_racism/app/decodingOppression/decodingOppression/Models/TrainingModels.swift -primary-file /Users/emmanuel/Documents/Theory/Redefining_racism/app/decodingOppression/decodingOppression/Data/TrainingDataStore.swift /Users/emmanuel/Documents/Theory/Redefining_racism/app/decodingOppression/decodingOppression/AI/ValidationRunner.swift /Users/emmanuel/Documents/Theory/Redefining_racism/app/decodingOppression/decodingOppression/MLX/TrainingManager.swift /Users/emmanuel/Documents/Theory/Redefining_racism/app/decodingOppression/decodingOppression/ViewModels/TrainingViewModel.swift /Users/emmanuel/Documents/Theory/Redefining_racism/app/decodingOppression/decodingOppression/ViewModels/ValidationViewModel.swift /Users/emmanuel/Documents/Theory/Redefining_racism/app/decodingOppression/decodingOppression/ViewModels/TrainingDataViewModel.swift /Users/emmanuel/Documents/Theory/Redefining_racism/app/decodingOppression/decodingOppression/Views/Style/TrainingViewStyle.swift /Users/emmanuel/Documents/Theory/Redefining_racism/app/decodingOppression/decodingOppression/Views/Style/ValidationViewStyle.swift /Users/emmanuel/Documents/Theory/Redefining_racism/app/decodingOppression/decodingOppression/Views/Style/TrainingDataViewStyle.swift /Users/emmanuel/Documents/Theory/Redefining_racism/app/decodingOppression/decodingOppression/Views/TrainingView.swift /Users/emmanuel/Documents/Theory/Redefining_racism/app/decodingOppression/decodingOppression/Views/ValidationView.swift /Users/emmanuel/Documents/Theory/Redefining_racism/app/decodingOppression/decodingOppression/Views/TrainingDataView.swift -emit-dependencies-path /Users/emmanuel/Library/Developer/Xcode/DerivedData/decodingOppression-cxwoggwjsgwizbfojlfnncihejwm/Build/Intermediates.noindex/decodingOppression.build/Debug/decodingOppression.build/Objects-normal/arm64/TrainingModels.d -emit-const-values-path /Users/emmanuel/Library/Developer/Xcode/DerivedData/decodingOppression-cxwoggwjsgwizbfojlfnncihejwm/Build/Intermediates.noindex/decodingOppression.build/Debug/decodingOppression.build/Objects-normal/arm64/TrainingModels.swiftconstvalues -emit-reference-dependencies-path /Users/emmanuel/Library/Developer/Xcode/DerivedData/decodingOppression-cxwoggwjsgwizbfojlfnncihejwm/Build/Intermediates.noindex/decodingOppression.build/Debug/decodingOppression.build/Objects-normal/arm64/TrainingModels.swiftdeps -serialize-diagnostics-path /Users/emmanuel/Library/Developer/Xcode/DerivedData/decodingOppression-cxwoggwjsgwizbfojlfnncihejwm/Build/Intermediates.noindex/decodingOppression.build/Debug/decodingOppression.build/Objects-normal/arm64/TrainingModels.dia -emit-dependencies-path /Users/emmanuel/Library/Developer/Xcode/DerivedData/decodingOppression-cxwoggwjsgwizbfojlfnncihejwm/Build/Intermediates.noindex/decodingOppression.build/Debug/decodingOppression.build/Objects-normal/arm64/TrainingDataStore.d -emit-const-values-path /Users/emmanuel/Library/Developer/Xcode/DerivedData/decodingOppression-cxwoggwjsgwizbfojlfnncihejwm/Build/Intermediates.noindex/decodingOppression.build/Debug/decodingOppression.build/Objects-normal/arm64/TrainingDataStore.swiftconstvalues -emit-reference-dependencies-path /Users/emmanuel/Library/Developer/Xcode/DerivedData/decodingOppression-cxwoggwjsgwizbfojlfnncihejwm/Build/Intermediates.noindex/decodingOppression.build/Debug/decodingOppression.build/Objects-normal/arm64/TrainingDataStore.swiftdeps -serialize-diagnostics-path /Users/emmanuel/Library/Developer/Xcode/DerivedData/decodingOppression-cxwoggwjsgwizbfojlfnncihejwm/Build/Intermediates.noindex/decodingOppression.build/Debug/decodingOppression.build/Objects-normal/arm64/TrainingDataStore.dia -emit-localized-strings -emit-localized-strings-path /Users/emmanuel/Library/Developer/Xcode/DerivedData/decodingOppression-cxwoggwjsgwizbfojlfnncihejwm/Build/Intermediates.noindex/decodingOppression.build/Debug/decodingOppression.build/Objects-normal/arm64 -target arm64-apple-macos26.2 -load-resolved-plugin /Applications/Xcode.app/Contents/Developer/Platforms/MacOSX.platform/Developer/usr/lib/swift/host/plugins/libFoundationMacros.dylib\#/Applications/Xcode.app/Contents/Developer/Platforms/MacOSX.platform/Developer/usr/bin/swift-plugin-server\#FoundationMacros -load-resolved-plugin /Applications/Xcode.app/Contents/Developer/Platforms/MacOSX.platform/Developer/usr/lib/swift/host/plugins/libObservationMacros.dylib\#/Applications/Xcode.app/Contents/Developer/Platforms/MacOSX.platform/Developer/usr/bin/swift-plugin-server\#ObservationMacros -load-resolved-plugin /Applications/Xcode.app/Contents/Developer/Platforms/MacOSX.platform/Developer/usr/lib/swift/host/plugins/libPreviewsMacros.dylib\#/Applications/Xcode.app/Contents/Developer/Platforms/MacOSX.platform/Developer/usr/bin/swift-plugin-server\#PreviewsMacros -load-resolved-plugin /Applications/Xcode.app/Contents/Developer/Platforms/MacOSX.platform/Developer/usr/lib/swift/host/plugins/libSwiftMacros.dylib\#/Applications/Xcode.app/Contents/Developer/Platforms/MacOSX.platform/Developer/usr/bin/swift-plugin-server\#SwiftMacros -load-resolved-plugin /Applications/Xcode.app/Contents/Developer/Platforms/MacOSX.platform/Developer/usr/lib/swift/host/plugins/libSwiftUIMacros.dylib\#/Applications/Xcode.app/Contents/Developer/Platforms/MacOSX.platform/Developer/usr/bin/swift-plugin-server\#SwiftUIMacros -disable-implicit-swift-modules -Xcc -fno-implicit-modules -Xcc -fno-implicit-module-maps -explicit-swift-module-map-file /Users/emmanuel/Library/Developer/Xcode/DerivedData/decodingOppression-cxwoggwjsgwizbfojlfnncihejwm/Build/Intermediates.noindex/decodingOppression.build/Debug/decodingOppression.build/Objects-normal/arm64/decodingOppression-dependencies-1.json -Xllvm -aarch64-use-tbi -enable-objc-interop -stack-check -sdk /Applications/Xcode.app/Contents/Developer/Platforms/MacOSX.platform/Developer/SDKs/MacOSX26.2.sdk -I /Users/emmanuel/Library/Developer/Xcode/DerivedData/decodingOppression-cxwoggwjsgwizbfojlfnncihejwm/Build/Products/Debug -F /Users/emmanuel/Library/Developer/Xcode/DerivedData/decodingOppression-cxwoggwjsgwizbfojlfnncihejwm/Build/Products/Debug/PackageFrameworks -F /Users/emmanuel/Library/Developer/Xcode/DerivedData/decodingOppression-cxwoggwjsgwizbfojlfnncihejwm/Build/Products/Debug/PackageFrameworks -F /Users/emmanuel/Library/Developer/Xcode/DerivedData/decodingOppression-cxwoggwjsgwizbfojlfnncihejwm/Build/Products/Debug/PackageFrameworks -F /Users/emmanuel/Library/Developer/Xcode/DerivedData/decodingOppression-cxwoggwjsgwizbfojlfnncihejwm/Build/Products/Debug/PackageFrameworks -F /Users/emmanuel/Library/Developer/Xcode/DerivedData/decodingOppression-cxwoggwjsgwizbfojlfnncihejwm/Build/Products/Debug/PackageFrameworks -F /Users/emmanuel/Library/Developer/Xcode/DerivedData/decodingOppression-cxwoggwjsgwizbfojlfnncihejwm/Build/Products/Debug/PackageFrameworks -F /Users/emmanuel/Library/Developer/Xcode/DerivedData/decodingOppression-cxwoggwjsgwizbfojlfnncihejwm/Build/Products/Debug/PackageFrameworks -F /Users/emmanuel/Library/Developer/Xcode/DerivedData/decodingOppression-cxwoggwjsgwizbfojlfnncihejwm/Build/Products/Debug/PackageFrameworks -F /Users/emmanuel/Library/Developer/Xcode/DerivedData/decodingOppression-cxwoggwjsgwizbfojlfnncihejwm/Build/Products/Debug/PackageFrameworks -F /Users/emmanuel/Library/Developer/Xcode/DerivedData/decodingOppression-cxwoggwjsgwizbfojlfnncihejwm/Build/Products/Debug/PackageFrameworks -F /Users/emmanuel/Library/Developer/Xcode/DerivedData/decodingOppression-cxwoggwjsgwizbfojlfnncihejwm/Build/Products/Debug/PackageFrameworks -F /Users/emmanuel/Library/Developer/Xcode/DerivedData/decodingOppression-cxwoggwjsgwizbfojlfnncihejwm/Build/Products/Debug/PackageFrameworks -F /Users/emmanuel/Library/Developer/Xcode/DerivedData/decodingOppression-cxwoggwjsgwizbfojlfnncihejwm/Build/Products/Debug/PackageFrameworks -F /Users/emmanuel/Library/Developer/Xcode/DerivedData/decodingOppression-cxwoggwjsgwizbfojlfnncihejwm/Build/Products/Debug/PackageFrameworks -F /Users/emmanuel/Library/Developer/Xcode/DerivedData/decodingOppression-cxwoggwjsgwizbfojlfnncihejwm/Build/Products/Debug/PackageFrameworks -F /Users/emmanuel/Library/Developer/Xcode/DerivedData/decodingOppression-cxwoggwjsgwizbfojlfnncihejwm/Build/Products/Debug/PackageFrameworks -F /Users/emmanuel/Library/Developer/Xcode/DerivedData/decodingOppression-cxwoggwjsgwizbfojlfnncihejwm/Build/Products/Debug/PackageFrameworks -F /Users/emmanuel/Library/Developer/Xcode/DerivedData/decodingOppression-cxwoggwjsgwizbfojlfnncihejwm/Build/Products/Debug/PackageFrameworks -F /Users/emmanuel/Library/Developer/Xcode/DerivedData/decodingOppression-cxwoggwjsgwizbfojlfnncihejwm/Build/Products/Debug/PackageFrameworks -F /Users/emmanuel/Library/Developer/Xcode/DerivedData/decodingOppression-cxwoggwjsgwizbfojlfnncihejwm/Build/Products/Debug/PackageFrameworks -F /Users/emmanuel/Library/Developer/Xcode/DerivedData/decodingOppression-cxwoggwjsgwizbfojlfnncihejwm/Build/Products/Debug/PackageFrameworks -F /Users/emmanuel/Library/Developer/Xcode/DerivedData/decodingOppression-cxwoggwjsgwizbfojlfnncihejwm/Build/Products/Debug -no-color-diagnostics -Xcc -fno-color-diagnostics -enable-testing -g -debug-info-format\=dwarf -dwarf-version\=5 -module-cache-path /Users/emmanuel/Library/Developer/Xcode/DerivedData/decodingOppression-cxwoggwjsgwizbfojlfnncihejwm/Build/Intermediates.noindex/SwiftExplicitPrecompiledModules -profile-generate -profile-coverage-mapping -swift-version 5 -enforce-exclusivity\=checked -Onone -D DEBUG -serialize-debugging-options -const-gather-protocols-file /Users/emmanuel/Library/Developer/Xcode/DerivedData/decodingOppression-cxwoggwjsgwizbfojlfnncihejwm/Build/Intermediates.noindex/decodingOppression.build/Debug/decodingOppression.build/Objects-normal/arm64/decodingOppression_const_extract_protocols.json -enable-upcoming-feature DisableOutwardActorInference -enable-upcoming-feature InferSendableFromCaptures -enable-upcoming-feature GlobalActorIsolatedTypesUsability -enable-upcoming-feature MemberImportVisibility -enable-upcoming-feature InferIsolatedConformances -enable-upcoming-feature NonisolatedNonsendingByDefault -enable-experimental-feature DebugDescriptionMacro -enable-bare-slash-regex -default-isolation\=MainActor -empty-abi-descriptor -validate-clang-modules-once -clang-build-session-file /Users/emmanuel/Library/Developer/Xcode/DerivedData/ModuleCache.noindex/Session.modulevalidation -Xcc -working-directory -Xcc /Users/emmanuel/Documents/Theory/Redefining_racism/app/decodingOppression -enable-anonymous-context-mangled-names -file-compilation-dir /Users/emmanuel/Documents/Theory/Redefining_racism/app/decodingOppression -Xcc -D_LIBCPP_HARDENING_MODE\=_LIBCPP_HARDENING_MODE_DEBUG -Xcc -ivfsstatcache -Xcc /Users/emmanuel/Library/Developer/Xcode/DerivedData/SDKStatCaches.noindex/macosx26.2-25C58-e8867d0c40613ffc63e0238af232dc5000fa09913b459cbbc988d1f6730289ae.sdkstatcache -Xcc -I/Users/emmanuel/Library/Developer/Xcode/DerivedData/decodingOppression-cxwoggwjsgwizbfojlfnncihejwm/Build/Intermediates.noindex/decodingOppression.build/Debug/decodingOppression.build/swift-overrides.hmap -Xcc -iquote -Xcc /Users/emmanuel/Library/Developer/Xcode/DerivedData/decodingOppression-cxwoggwjsgwizbfojlfnncihejwm/Build/Intermediates.noindex/decodingOppression.build/Debug/decodingOppression.build/decodingOppression-generated-files.hmap -Xcc -I/Users/emmanuel/Library/Developer/Xcode/DerivedData/decodingOppression-cxwoggwjsgwizbfojlfnncihejwm/Build/Intermediates.noindex/decodingOppression.build/Debug/decodingOppression.build/decodingOppression-own-target-headers.hmap -Xcc -I/Users/emmanuel/Library/Developer/Xcode/DerivedData/decodingOppression-cxwoggwjsgwizbfojlfnncihejwm/Build/Intermediates.noindex/decodingOppression.build/Debug/decodingOppression.build/decodingOppression-all-non-framework-target-headers.hmap -Xcc -ivfsoverlay -Xcc /Users/emmanuel/Library/Developer/Xcode/DerivedData/decodingOppression-cxwoggwjsgwizbfojlfnncihejwm/Build/Intermediates.noindex/decodingOppression.build/Debug/decodingOppression-92f70843e4a2cfdead6817d9c21f0c6f-VFS/all-product-headers.yaml -Xcc -iquote -Xcc /Users/emmanuel/Library/Developer/Xcode/DerivedData/decodingOppression-cxwoggwjsgwizbfojlfnncihejwm/Build/Intermediates.noindex/decodingOppression.build/Debug/decodingOppression.build/decodingOppression-project-headers.hmap -Xcc -I/Users/emmanuel/Library/Developer/Xcode/DerivedData/decodingOppression-cxwoggwjsgwizbfojlfnncihejwm/SourcePackages/checkouts/swift-numerics/Sources/_NumericsShims/include -Xcc -I/Users/emmanuel/Library/Developer/Xcode/DerivedData/decodingOppression-cxwoggwjsgwizbfojlfnncihejwm/SourcePackages/checkouts/mlx-swift/Source/Cmlx/include -Xcc -I/Users/emmanuel/Library/Developer/Xcode/DerivedData/decodingOppression-cxwoggwjsgwizbfojlfnncihejwm/Build/Products/Debug/include -Xcc -I/Users/emmanuel/Library/Developer/Xcode/DerivedData/decodingOppression-cxwoggwjsgwizbfojlfnncihejwm/Build/Intermediates.noindex/decodingOppression.build/Debug/decodingOppression.build/DerivedSources-normal/arm64 -Xcc -I/Users/emmanuel/Library/Developer/Xcode/DerivedData/decodingOppression-cxwoggwjsgwizbfojlfnncihejwm/Build/Intermediates.noindex/decodingOppression.build/Debug/decodingOppression.build/DerivedSources/arm64 -Xcc -I/Users/emmanuel/Library/Developer/Xcode/DerivedData/decodingOppression-cxwoggwjsgwizbfojlfnncihejwm/Build/Intermediates.noindex/decodingOppression.build/Debug/decodingOppression.build/DerivedSources -Xcc -DDEBUG\=1 -no-auto-bridging-header-chaining -module-name decodingOppression -frontend-parseable-output -disable-clang-spi -target-sdk-version 26.2 -target-sdk-name macosx26.2 -clang-target arm64-apple-macos26.2 -in-process-plugin-server-path /Applications/Xcode.app/Contents/Developer/Toolchains/XcodeDefault.xctoolchain/usr/lib/swift/host/libSwiftInProcPluginServer.dylib -o /Users/emmanuel/Library/Developer/Xcode/DerivedData/decodingOppression-cxwoggwjsgwizbfojlfnncihejwm/Build/Intermediates.noindex/decodingOppression.build/Debug/decodingOppression.build/Objects-normal/arm64/TrainingModels.o -o /Users/emmanuel/Library/Developer/Xcode/DerivedData/decodingOppression-cxwoggwjsgwizbfojlfnncihejwm/Build/Intermediates.noindex/decodingOppression.build/Debug/decodingOppression.build/Objects-normal/arm64/TrainingDataStore.o -index-unit-output-path /decodingOppression.build/Debug/decodingOppression.build/Objects-normal/arm64/TrainingModels.o -index-unit-output-path /decodingOppression.build/Debug/decodingOppression.build/Objects-normal/arm64/TrainingDataStore.o -index-store-path /Users/emmanuel/Library/Developer/Xcode/DerivedData/decodingOppression-cxwoggwjsgwizbfojlfnncihejwm/Index.noindex/DataStore -index-system-modules

SwiftCompile normal arm64 /Users/emmanuel/Documents/Theory/Redefining_racism/app/decodingOppression/decodingOppression/Models/TrainingModels.swift (in target 'decodingOppression' from project 'decodingOppression')
    cd /Users/emmanuel/Documents/Theory/Redefining_racism/app/decodingOppression
    
/Users/emmanuel/Documents/Theory/Redefining_racism/app/decodingOppression/decodingOppression/Models/TrainingModels.swift:34:22: error: cannot find type 'TargetGroup' in scope
    var targetGroup: TargetGroup
                     ^~~~~~~~~~~
/Users/emmanuel/Documents/Theory/Redefining_racism/app/decodingOppression/decodingOppression/Models/TrainingModels.swift:35:26: error: cannot find type 'EffectDirection' in scope
    var effectDirection: EffectDirection
                         ^~~~~~~~~~~~~~~
/Users/emmanuel/Documents/Theory/Redefining_racism/app/decodingOppression/decodingOppression/Models/TrainingModels.swift:36:29: error: cannot find type 'ArchitectureScores' in scope
    var architectureScores: ArchitectureScores
                            ^~~~~~~~~~~~~~~~~~
/Users/emmanuel/Documents/Theory/Redefining_racism/app/decodingOppression/decodingOppression/Models/TrainingModels.swift:30:8: error: type 'TrainingClause' does not conform to protocol 'Decodable'
struct TrainingClause: Codable, Sendable, Identifiable {
       ^
Swift.Decodable.init:2:1: note: protocol requires initializer 'init(from:)' with type 'Decodable'
init(from decoder: any Decoder) throws}
^
/Users/emmanuel/Documents/Theory/Redefining_racism/app/decodingOppression/decodingOppression/Models/TrainingModels.swift:34:9: note: cannot automatically synthesize 'Decodable' because 'TargetGroup' does not conform to 'Decodable'
    var targetGroup: TargetGroup
        ^
/Users/emmanuel/Documents/Theory/Redefining_racism/app/decodingOppression/decodingOppression/Models/TrainingModels.swift:35:9: note: cannot automatically synthesize 'Decodable' because 'EffectDirection' does not conform to 'Decodable'
    var effectDirection: EffectDirection
        ^
/Users/emmanuel/Documents/Theory/Redefining_racism/app/decodingOppression/decodingOppression/Models/TrainingModels.swift:36:9: note: cannot automatically synthesize 'Decodable' because 'ArchitectureScores' does not conform to 'Decodable'
    var architectureScores: ArchitectureScores
        ^
/Users/emmanuel/Documents/Theory/Redefining_racism/app/decodingOppression/decodingOppression/Models/TrainingModels.swift:30:8: error: type 'TrainingClause' does not conform to protocol 'Decodable'
struct TrainingClause: Codable, Sendable, Identifiable {
       ^
Swift.Decodable.init:2:1: note: protocol requires initializer 'init(from:)' with type 'Decodable'
init(from decoder: any Decoder) throws}
^
/Users/emmanuel/Documents/Theory/Redefining_racism/app/decodingOppression/decodingOppression/Models/TrainingModels.swift:34:9: note: cannot automatically synthesize 'Decodable' because 'TargetGroup' does not conform to 'Decodable'
    var targetGroup: TargetGroup
        ^
/Users/emmanuel/Documents/Theory/Redefining_racism/app/decodingOppression/decodingOppression/Models/TrainingModels.swift:35:9: note: cannot automatically synthesize 'Decodable' because 'EffectDirection' does not conform to 'Decodable'
    var effectDirection: EffectDirection
        ^
/Users/emmanuel/Documents/Theory/Redefining_racism/app/decodingOppression/decodingOppression/Models/TrainingModels.swift:36:9: note: cannot automatically synthesize 'Decodable' because 'ArchitectureScores' does not conform to 'Decodable'
    var architectureScores: ArchitectureScores
        ^
/Users/emmanuel/Documents/Theory/Redefining_racism/app/decodingOppression/decodingOppression/Models/TrainingModels.swift:30:8: error: type 'TrainingClause' does not conform to protocol 'Encodable'
struct TrainingClause: Codable, Sendable, Identifiable {
       ^
Swift.Encodable.encode:2:6: note: protocol requires function 'encode(to:)' with type 'Encodable'
func encode(to encoder: any Encoder) throws}
     ^
/Users/emmanuel/Documents/Theory/Redefining_racism/app/decodingOppression/decodingOppression/Models/TrainingModels.swift:34:9: note: cannot automatically synthesize 'Encodable' because 'TargetGroup' does not conform to 'Encodable'
    var targetGroup: TargetGroup
        ^
/Users/emmanuel/Documents/Theory/Redefining_racism/app/decodingOppression/decodingOppression/Models/TrainingModels.swift:35:9: note: cannot automatically synthesize 'Encodable' because 'EffectDirection' does not conform to 'Encodable'
    var effectDirection: EffectDirection
        ^
/Users/emmanuel/Documents/Theory/Redefining_racism/app/decodingOppression/decodingOppression/Models/TrainingModels.swift:36:9: note: cannot automatically synthesize 'Encodable' because 'ArchitectureScores' does not conform to 'Encodable'
    var architectureScores: ArchitectureScores
        ^
/Users/emmanuel/Documents/Theory/Redefining_racism/app/decodingOppression/decodingOppression/Models/TrainingModels.swift:30:8: error: type 'TrainingClause' does not conform to protocol 'Encodable'
struct TrainingClause: Codable, Sendable, Identifiable {
       ^
Swift.Encodable.encode:2:6: note: protocol requires function 'encode(to:)' with type 'Encodable'
func encode(to encoder: any Encoder) throws}
     ^
/Users/emmanuel/Documents/Theory/Redefining_racism/app/decodingOppression/decodingOppression/Models/TrainingModels.swift:34:9: note: cannot automatically synthesize 'Encodable' because 'TargetGroup' does not conform to 'Encodable'
    var targetGroup: TargetGroup
        ^
/Users/emmanuel/Documents/Theory/Redefining_racism/app/decodingOppression/decodingOppression/Models/TrainingModels.swift:35:9: note: cannot automatically synthesize 'Encodable' because 'EffectDirection' does not conform to 'Encodable'
    var effectDirection: EffectDirection
        ^
/Users/emmanuel/Documents/Theory/Redefining_racism/app/decodingOppression/decodingOppression/Models/TrainingModels.swift:36:9: note: cannot automatically synthesize 'Encodable' because 'ArchitectureScores' does not conform to 'Encodable'
    var architectureScores: ArchitectureScores
        ^

SwiftCompile normal arm64 /Users/emmanuel/Documents/Theory/Redefining_racism/app/decodingOppression/decodingOppression/Data/TrainingDataStore.swift (in target 'decodingOppression' from project 'decodingOppression')
    cd /Users/emmanuel/Documents/Theory/Redefining_racism/app/decodingOppression
    
/Users/emmanuel/Documents/Theory/Redefining_racism/app/decodingOppression/decodingOppression/Data/TrainingDataStore.swift:70:49: error: cannot find type 'TargetGroup' in scope
    func filtered(policy: String?, targetGroup: TargetGroup?) -> [TrainingClause] {
                                                ^~~~~~~~~~~

SwiftCompile normal arm64 Compiling\ ValidationView.swift /Users/emmanuel/Documents/Theory/Redefining_racism/app/decodingOppression/decodingOppression/Views/ValidationView.swift (in target 'decodingOppression' from project 'decodingOppression')

SwiftCompile normal arm64 /Users/emmanuel/Documents/Theory/Redefining_racism/app/decodingOppression/decodingOppression/Views/ValidationView.swift (in target 'decodingOppression' from project 'decodingOppression')
    cd /Users/emmanuel/Documents/Theory/Redefining_racism/app/decodingOppression
    

SwiftCompile normal arm64 Compiling\ TrainingDataViewStyle.swift /Users/emmanuel/Documents/Theory/Redefining_racism/app/decodingOppression/decodingOppression/Views/Style/TrainingDataViewStyle.swift (in target 'decodingOppression' from project 'decodingOppression')

SwiftCompile normal arm64 /Users/emmanuel/Documents/Theory/Redefining_racism/app/decodingOppression/decodingOppression/Views/Style/TrainingDataViewStyle.swift (in target 'decodingOppression' from project 'decodingOppression')
    cd /Users/emmanuel/Documents/Theory/Redefining_racism/app/decodingOppression
    

SwiftCompile normal arm64 Compiling\ ValidationViewStyle.swift /Users/emmanuel/Documents/Theory/Redefining_racism/app/decodingOppression/decodingOppression/Views/Style/ValidationViewStyle.swift (in target 'decodingOppression' from project 'decodingOppression')

SwiftCompile normal arm64 /Users/emmanuel/Documents/Theory/Redefining_racism/app/decodingOppression/decodingOppression/Views/Style/ValidationViewStyle.swift (in target 'decodingOppression' from project 'decodingOppression')
    cd /Users/emmanuel/Documents/Theory/Redefining_racism/app/decodingOppression
    

SwiftCompile normal arm64 Compiling\ TrainingView.swift /Users/emmanuel/Documents/Theory/Redefining_racism/app/decodingOppression/decodingOppression/Views/TrainingView.swift (in target 'decodingOppression' from project 'decodingOppression')

SwiftCompile normal arm64 /Users/emmanuel/Documents/Theory/Redefining_racism/app/decodingOppression/decodingOppression/Views/TrainingView.swift (in target 'decodingOppression' from project 'decodingOppression')
    cd /Users/emmanuel/Documents/Theory/Redefining_racism/app/decodingOppression
    

SwiftCompile normal arm64 Compiling\ TrainingDataViewModel.swift /Users/emmanuel/Documents/Theory/Redefining_racism/app/decodingOppression/decodingOppression/ViewModels/TrainingDataViewModel.swift (in target 'decodingOppression' from project 'decodingOppression')

** BUILD FAILED **


The following build commands failed:
	SwiftCompile normal arm64 Compiling\ TrainingModels.swift,\ TrainingDataStore.swift /Users/emmanuel/Documents/Theory/Redefining_racism/app/decodingOppression/decodingOppression/Models/TrainingModels.swift /Users/emmanuel/Documents/Theory/Redefining_racism/app/decodingOppression/decodingOppression/Data/TrainingDataStore.swift (in target 'decodingOppression' from project 'decodingOppression')
	SwiftCompile normal arm64 /Users/emmanuel/Documents/Theory/Redefining_racism/app/decodingOppression/decodingOppression/Models/TrainingModels.swift (in target 'decodingOppression' from project 'decodingOppression')
	SwiftCompile normal arm64 /Users/emmanuel/Documents/Theory/Redefining_racism/app/decodingOppression/decodingOppression/Data/TrainingDataStore.swift (in target 'decodingOppression' from project 'decodingOppression')
	Building project decodingOppression with scheme decodingOppression and configuration Debug
(4 failures)
