
[0;36m[BUILD][0m ==========================================
[0;36m[BUILD][0m Phase 5: BuildLint Starting
[0;36m[BUILD][0m ==========================================

0
[0;36m[VERBOSE][0m Using provided logs directory: /Users/emmanuel/Documents/Theory/Redefining_racism/Artifacts/build_20260222_171136/logs/platform_results
[0;36m[VERBOSE][0m No Build folder found in script directory, using default
[1;33m[WARNING][0m Destination device/simulator not found, falling back to auto-detection
[0;34m[INFO][0m Using platform.sh auto-detected destination: id=8DD3EC87-E400-4AC9-88AB-C53ABEB542C2
[0;34m[INFO][0m Project Root: /Users/emmanuel/Dev/Tools/Eocon-Foundation-V1
[0;34m[INFO][0m Scheme: decodingOppression
[0;34m[INFO][0m Configuration: Debug
[0;34m[INFO][0m Destination: id=8DD3EC87-E400-4AC9-88AB-C53ABEB542C2

[0;34m[INFO][0m No uncommitted Swift files to lint

[0;36m[BUILD][0m Starting Xcode build...
[0;36m[VERBOSE][0m Skipping Swift macro validation
âš ï¸  xcodemake not found, using full xcodebuild
[0;34m[INFO][0m Build command: xcodebuild -project "/Users/emmanuel/Documents/Theory/Redefining_racism/app/decodingOppression/decodingOppression.xcodeproj" -scheme "decodingOppression" -configuration "Debug" -destination "id=8DD3EC87-E400-4AC9-88AB-C53ABEB542C2" -skipMacroValidation build
Command line invocation:
    /Applications/Xcode.app/Contents/Developer/usr/bin/xcodebuild -project /Users/emmanuel/Documents/Theory/Redefining_racism/app/decodingOppression/decodingOppression.xcodeproj -scheme decodingOppression -configuration Debug -destination id=8DD3EC87-E400-4AC9-88AB-C53ABEB542C2 -skipMacroValidation build

Resolve Package Graph


Resolved source packages:
  Jinja: https://github.com/huggingface/swift-jinja.git @ 2.3.2
  swift-numerics: https://github.com/apple/swift-numerics @ 1.1.1
  mlx-swift: https://github.com/ml-explore/mlx-swift @ 0.29.1
  swift-transformers: https://github.com/huggingface/swift-transformers @ 1.1.6
  mlx-swift-lm: https://github.com/ml-explore/mlx-swift-lm @ 2.29.3
  swift-collections: https://github.com/apple/swift-collections.git @ 1.3.0

ComputePackagePrebuildTargetDependencyGraph

Prepare packages

CreateBuildRequest

SendProjectDescription

CreateBuildOperation

ComputeTargetDependencyGraph
note: Building targets in dependency order
note: Target dependency graph (37 targets)
    Target 'decodingOppression' in project 'decodingOppression'
        âžœ Explicit dependency on target 'MLXLLM' in project 'mlx-swift-lm'
        âžœ Explicit dependency on target 'MLXEmbedders' in project 'mlx-swift-lm'
        âžœ Explicit dependency on target 'MLXLMCommon' in project 'mlx-swift-lm'
    Target 'MLXLMCommon' in project 'mlx-swift-lm'
        âžœ Explicit dependency on target 'MLXLMCommon' in project 'mlx-swift-lm'
        âžœ Explicit dependency on target 'MLX' in project 'mlx-swift'
        âžœ Explicit dependency on target 'MLXNN' in project 'mlx-swift'
        âžœ Explicit dependency on target 'MLXOptimizers' in project 'mlx-swift'
        âžœ Explicit dependency on target 'MLXRandom' in project 'mlx-swift'
        âžœ Explicit dependency on target 'MLXLinalg' in project 'mlx-swift'
        âžœ Explicit dependency on target 'Transformers' in project 'swift-transformers'
    Target 'MLXEmbedders' in project 'mlx-swift-lm'
        âžœ Explicit dependency on target 'MLXEmbedders' in project 'mlx-swift-lm'
        âžœ Explicit dependency on target 'MLXLMCommon' in project 'mlx-swift-lm'
        âžœ Explicit dependency on target 'MLX' in project 'mlx-swift'
        âžœ Explicit dependency on target 'MLXNN' in project 'mlx-swift'
        âžœ Explicit dependency on target 'MLXOptimizers' in project 'mlx-swift'
        âžœ Explicit dependency on target 'MLXRandom' in project 'mlx-swift'
        âžœ Explicit dependency on target 'MLXLinalg' in project 'mlx-swift'
        âžœ Explicit dependency on target 'Transformers' in project 'swift-transformers'
        âžœ Explicit dependency on target 'MLXFast' in project 'mlx-swift'
    Target 'MLXEmbedders' in project 'mlx-swift-lm'
        âžœ Explicit dependency on target 'MLXLMCommon' in project 'mlx-swift-lm'
        âžœ Explicit dependency on target 'MLX' in project 'mlx-swift'
        âžœ Explicit dependency on target 'MLXNN' in project 'mlx-swift'
        âžœ Explicit dependency on target 'MLXOptimizers' in project 'mlx-swift'
        âžœ Explicit dependency on target 'MLXRandom' in project 'mlx-swift'
        âžœ Explicit dependency on target 'MLXLinalg' in project 'mlx-swift'
        âžœ Explicit dependency on target 'Transformers' in project 'swift-transformers'
        âžœ Explicit dependency on target 'MLXFast' in project 'mlx-swift'
    Target 'MLXLLM' in project 'mlx-swift-lm'
        âžœ Explicit dependency on target 'MLXLLM' in project 'mlx-swift-lm'
        âžœ Explicit dependency on target 'MLXLMCommon' in project 'mlx-swift-lm'
        âžœ Explicit dependency on target 'MLX' in project 'mlx-swift'
        âžœ Explicit dependency on target 'MLXNN' in project 'mlx-swift'
        âžœ Explicit dependency on target 'MLXOptimizers' in project 'mlx-swift'
        âžœ Explicit dependency on target 'MLXRandom' in project 'mlx-swift'
        âžœ Explicit dependency on target 'MLXLinalg' in project 'mlx-swift'
        âžœ Explicit dependency on target 'Transformers' in project 'swift-transformers'
        âžœ Explicit dependency on target 'MLXFast' in project 'mlx-swift'
    Target 'MLXLLM' in project 'mlx-swift-lm'
        âžœ Explicit dependency on target 'MLXLMCommon' in project 'mlx-swift-lm'
        âžœ Explicit dependency on target 'MLX' in project 'mlx-swift'
        âžœ Explicit dependency on target 'MLXNN' in project 'mlx-swift'
        âžœ Explicit dependency on target 'MLXOptimizers' in project 'mlx-swift'
        âžœ Explicit dependency on target 'MLXRandom' in project 'mlx-swift'
        âžœ Explicit dependency on target 'MLXLinalg' in project 'mlx-swift'
        âžœ Explicit dependency on target 'Transformers' in project 'swift-transformers'
        âžœ Explicit dependency on target 'MLXFast' in project 'mlx-swift'
    Target 'MLXFast' in project 'mlx-swift'
        âžœ Explicit dependency on target 'MLXFast' in project 'mlx-swift'
        âžœ Explicit dependency on target 'Cmlx' in project 'mlx-swift'
        âžœ Explicit dependency on target 'MLX' in project 'mlx-swift'
        âžœ Explicit dependency on target 'Numerics' in project 'swift-numerics'
    Target 'MLXLMCommon' in project 'mlx-swift-lm'
        âžœ Explicit dependency on target 'MLX' in project 'mlx-swift'
        âžœ Explicit dependency on target 'MLXNN' in project 'mlx-swift'
        âžœ Explicit dependency on target 'MLXOptimizers' in project 'mlx-swift'
        âžœ Explicit dependency on target 'MLXRandom' in project 'mlx-swift'
        âžœ Explicit dependency on target 'MLXLinalg' in project 'mlx-swift'
        âžœ Explicit dependency on target 'Transformers' in project 'swift-transformers'
    Target 'Transformers' in project 'swift-transformers'
        âžœ Explicit dependency on target 'Tokenizers' in project 'swift-transformers'
        âžœ Explicit dependency on target 'Generation' in project 'swift-transformers'
        âžœ Explicit dependency on target 'Models' in project 'swift-transformers'
        âžœ Explicit dependency on target 'Hub' in project 'swift-transformers'
        âžœ Explicit dependency on target 'Jinja' in project 'Jinja'
        âžœ Explicit dependency on target 'OrderedCollections' in project 'swift-collections'
    Target 'Models' in project 'swift-transformers'
        âžœ Explicit dependency on target 'Hub' in project 'swift-transformers'
        âžœ Explicit dependency on target 'Tokenizers' in project 'swift-transformers'
        âžœ Explicit dependency on target 'Generation' in project 'swift-transformers'
        âžœ Explicit dependency on target 'Jinja' in project 'Jinja'
        âžœ Explicit dependency on target 'OrderedCollections' in project 'swift-collections'
    Target 'Generation' in project 'swift-transformers'
        âžœ Explicit dependency on target 'Hub' in project 'swift-transformers'
        âžœ Explicit dependency on target 'Tokenizers' in project 'swift-transformers'
        âžœ Explicit dependency on target 'Jinja' in project 'Jinja'
        âžœ Explicit dependency on target 'OrderedCollections' in project 'swift-collections'
    Target 'Tokenizers' in project 'swift-transformers'
        âžœ Explicit dependency on target 'Hub' in project 'swift-transformers'
        âžœ Explicit dependency on target 'Jinja' in project 'Jinja'
        âžœ Explicit dependency on target 'OrderedCollections' in project 'swift-collections'
    Target 'Hub' in project 'swift-transformers'
        âžœ Explicit dependency on target 'swift-transformers_Hub' in project 'swift-transformers'
        âžœ Explicit dependency on target 'Jinja' in project 'Jinja'
        âžœ Explicit dependency on target 'OrderedCollections' in project 'swift-collections'
    Target 'Jinja' in project 'Jinja'
        âžœ Explicit dependency on target 'Jinja' in project 'Jinja'
        âžœ Explicit dependency on target 'OrderedCollections' in project 'swift-collections'
    Target 'Jinja' in project 'Jinja'
        âžœ Explicit dependency on target 'OrderedCollections' in project 'swift-collections'
    Target 'OrderedCollections' in project 'swift-collections'
        âžœ Explicit dependency on target 'OrderedCollections' in project 'swift-collections'
        âžœ Explicit dependency on target 'InternalCollectionsUtilities' in project 'swift-collections'
    Target 'OrderedCollections' in project 'swift-collections'
        âžœ Explicit dependency on target 'InternalCollectionsUtilities' in project 'swift-collections'
    Target 'InternalCollectionsUtilities' in project 'swift-collections' (no dependencies)
    Target 'swift-transformers_Hub' in project 'swift-transformers' (no dependencies)
    Target 'MLXLinalg' in project 'mlx-swift'
        âžœ Explicit dependency on target 'MLXLinalg' in project 'mlx-swift'
        âžœ Explicit dependency on target 'Cmlx' in project 'mlx-swift'
        âžœ Explicit dependency on target 'MLX' in project 'mlx-swift'
        âžœ Explicit dependency on target 'Numerics' in project 'swift-numerics'
    Target 'MLXLinalg' in project 'mlx-swift'
        âžœ Explicit dependency on target 'Cmlx' in project 'mlx-swift'
        âžœ Explicit dependency on target 'MLX' in project 'mlx-swift'
        âžœ Explicit dependency on target 'Numerics' in project 'swift-numerics'
    Target 'MLXRandom' in project 'mlx-swift'
        âžœ Explicit dependency on target 'MLXRandom' in project 'mlx-swift'
        âžœ Explicit dependency on target 'Cmlx' in project 'mlx-swift'
        âžœ Explicit dependency on target 'MLX' in project 'mlx-swift'
        âžœ Explicit dependency on target 'Numerics' in project 'swift-numerics'
    Target 'MLXOptimizers' in project 'mlx-swift'
        âžœ Explicit dependency on target 'MLXOptimizers' in project 'mlx-swift'
        âžœ Explicit dependency on target 'Cmlx' in project 'mlx-swift'
        âžœ Explicit dependency on target 'MLX' in project 'mlx-swift'
        âžœ Explicit dependency on target 'MLXRandom' in project 'mlx-swift'
        âžœ Explicit dependency on target 'MLXFast' in project 'mlx-swift'
        âžœ Explicit dependency on target 'MLXNN' in project 'mlx-swift'
        âžœ Explicit dependency on target 'Numerics' in project 'swift-numerics'
    Target 'MLXOptimizers' in project 'mlx-swift'
        âžœ Explicit dependency on target 'Cmlx' in project 'mlx-swift'
        âžœ Explicit dependency on target 'MLX' in project 'mlx-swift'
        âžœ Explicit dependency on target 'MLXRandom' in project 'mlx-swift'
        âžœ Explicit dependency on target 'MLXFast' in project 'mlx-swift'
        âžœ Explicit dependency on target 'MLXNN' in project 'mlx-swift'
        âžœ Explicit dependency on target 'Numerics' in project 'swift-numerics'
    Target 'MLXNN' in project 'mlx-swift'
        âžœ Explicit dependency on target 'MLXNN' in project 'mlx-swift'
        âžœ Explicit dependency on target 'Cmlx' in project 'mlx-swift'
        âžœ Explicit dependency on target 'MLX' in project 'mlx-swift'
        âžœ Explicit dependency on target 'MLXRandom' in project 'mlx-swift'
        âžœ Explicit dependency on target 'MLXFast' in project 'mlx-swift'
        âžœ Explicit dependency on target 'Numerics' in project 'swift-numerics'
    Target 'MLXNN' in project 'mlx-swift'
        âžœ Explicit dependency on target 'Cmlx' in project 'mlx-swift'
        âžœ Explicit dependency on target 'MLX' in project 'mlx-swift'
        âžœ Explicit dependency on target 'MLXRandom' in project 'mlx-swift'
        âžœ Explicit dependency on target 'MLXFast' in project 'mlx-swift'
        âžœ Explicit dependency on target 'Numerics' in project 'swift-numerics'
    Target 'MLXFast' in project 'mlx-swift'
        âžœ Explicit dependency on target 'Cmlx' in project 'mlx-swift'
        âžœ Explicit dependency on target 'MLX' in project 'mlx-swift'
        âžœ Explicit dependency on target 'Numerics' in project 'swift-numerics'
    Target 'MLXRandom' in project 'mlx-swift'
        âžœ Explicit dependency on target 'Cmlx' in project 'mlx-swift'
        âžœ Explicit dependency on target 'MLX' in project 'mlx-swift'
        âžœ Explicit dependency on target 'Numerics' in project 'swift-numerics'
    Target 'MLX' in project 'mlx-swift'
        âžœ Explicit dependency on target 'MLX' in project 'mlx-swift'
        âžœ Explicit dependency on target 'Cmlx' in project 'mlx-swift'
        âžœ Explicit dependency on target 'Numerics' in project 'swift-numerics'
    Target 'MLX' in project 'mlx-swift'
        âžœ Explicit dependency on target 'Cmlx' in project 'mlx-swift'
        âžœ Explicit dependency on target 'Numerics' in project 'swift-numerics'
    Target 'Numerics' in project 'swift-numerics'
        âžœ Explicit dependency on target 'Numerics' in project 'swift-numerics'
        âžœ Explicit dependency on target '_NumericsShims' in project 'swift-numerics'
        âžœ Explicit dependency on target 'RealModule' in project 'swift-numerics'
        âžœ Explicit dependency on target 'ComplexModule' in project 'swift-numerics'
    Target 'Numerics' in project 'swift-numerics'
        âžœ Explicit dependency on target '_NumericsShims' in project 'swift-numerics'
        âžœ Explicit dependency on target 'RealModule' in project 'swift-numerics'
        âžœ Explicit dependency on target 'ComplexModule' in project 'swift-numerics'
    Target 'ComplexModule' in project 'swift-numerics'
        âžœ Explicit dependency on target '_NumericsShims' in project 'swift-numerics'
        âžœ Explicit dependency on target 'RealModule' in project 'swift-numerics'
    Target 'RealModule' in project 'swift-numerics'
        âžœ Explicit dependency on target '_NumericsShims' in project 'swift-numerics'
    Target '_NumericsShims' in project 'swift-numerics' (no dependencies)
    Target 'Cmlx' in project 'mlx-swift'
        âžœ Explicit dependency on target 'mlx-swift_Cmlx' in project 'mlx-swift'
    Target 'mlx-swift_Cmlx' in project 'mlx-swift' (no dependencies)

GatherProvisioningInputs

CreateBuildDescription

ExecuteExternalTool /Applications/Xcode.app/Contents/Developer/Toolchains/XcodeDefault.xctoolchain/usr/bin/clang -v -E -dM -arch arm64 -isysroot /Applications/Xcode.app/Contents/Developer/Platforms/iPhoneSimulator.platform/Developer/SDKs/iPhoneSimulator26.2.sdk -x c -c /dev/null

ExecuteExternalTool /Applications/Xcode.app/Contents/Developer/Toolchains/XcodeDefault.xctoolchain/usr/bin/swiftc --version

ExecuteExternalTool /Applications/Xcode.app/Contents/Developer/Toolchains/XcodeDefault.xctoolchain/usr/bin/clang -v -E -dM -arch arm64 -isysroot /Applications/Xcode.app/Contents/Developer/Platforms/iPhoneSimulator.platform/Developer/SDKs/iPhoneSimulator26.2.sdk -x objective-c -c /dev/null

ExecuteExternalTool /Applications/Xcode.app/Contents/Developer/Toolchains/XcodeDefault.xctoolchain/usr/bin/clang -v -E -dM -isysroot /Applications/Xcode.app/Contents/Developer/Platforms/iPhoneSimulator.platform/Developer/SDKs/iPhoneSimulator26.2.sdk -x c -c /dev/null

ExecuteExternalTool /Applications/Xcode.app/Contents/Developer/usr/bin/actool --print-asset-tag-combinations --output-format xml1 /Users/emmanuel/Documents/Theory/Redefining_racism/app/decodingOppression/decodingOppression/Assets.xcassets

ExecuteExternalTool /Applications/Xcode.app/Contents/Developer/usr/bin/actool --version --output-format xml1

ExecuteExternalTool /Applications/Xcode.app/Contents/Developer/Toolchains/XcodeDefault.xctoolchain/usr/bin/clang -v -E -dM -arch arm64 -isysroot /Applications/Xcode.app/Contents/Developer/Platforms/iPhoneSimulator.platform/Developer/SDKs/iPhoneSimulator26.2.sdk -x c++ -c /dev/null

ExecuteExternalTool /Applications/Xcode.app/Contents/Developer/Toolchains/XcodeDefault.xctoolchain/usr/bin/ld -version_details

ReadFileContents /Applications/Xcode.app/Contents/Developer/Toolchains/XcodeDefault.xctoolchain/usr/share/docc/features.json

Build description signature: 881c612160b69fa6f0f5d1cccad2a4ee
Build description path: /Users/emmanuel/Library/Developer/Xcode/DerivedData/decodingOppression-cxwoggwjsgwizbfojlfnncihejwm/Build/Intermediates.noindex/XCBuildData/881c612160b69fa6f0f5d1cccad2a4ee.xcbuilddata
ClangStatCache /Applications/Xcode.app/Contents/Developer/Toolchains/XcodeDefault.xctoolchain/usr/bin/clang-stat-cache /Applications/Xcode.app/Contents/Developer/Platforms/iPhoneSimulator.platform/Developer/SDKs/iPhoneSimulator26.2.sdk /Users/emmanuel/Library/Developer/Xcode/DerivedData/SDKStatCaches.noindex/iphonesimulator26.2-23C57-e8867d0c40613ffc63e0238af232dc507d00a8b37fbd7999ea79df8ebc024bf0.sdkstatcache
    cd /Users/emmanuel/Documents/Theory/Redefining_racism/app/decodingOppression/decodingOppression.xcodeproj
    /Applications/Xcode.app/Contents/Developer/Toolchains/XcodeDefault.xctoolchain/usr/bin/clang-stat-cache /Applications/Xcode.app/Contents/Developer/Platforms/iPhoneSimulator.platform/Developer/SDKs/iPhoneSimulator26.2.sdk -o /Users/emmanuel/Library/Developer/Xcode/DerivedData/SDKStatCaches.noindex/iphonesimulator26.2-23C57-e8867d0c40613ffc63e0238af232dc507d00a8b37fbd7999ea79df8ebc024bf0.sdkstatcache

ProcessInfoPlistFile /Users/emmanuel/Library/Developer/Xcode/DerivedData/decodingOppression-cxwoggwjsgwizbfojlfnncihejwm/Build/Products/Debug-iphonesimulator/mlx-swift_Cmlx.bundle/Info.plist /Users/emmanuel/Library/Developer/Xcode/DerivedData/decodingOppression-cxwoggwjsgwizbfojlfnncihejwm/Build/Intermediates.noindex/mlx-swift.build/Debug-iphonesimulator/mlx-swift_Cmlx.build/empty-mlx-swift_Cmlx.plist (in target 'mlx-swift_Cmlx' from project 'mlx-swift')
    cd /Users/emmanuel/Library/Developer/Xcode/DerivedData/decodingOppression-cxwoggwjsgwizbfojlfnncihejwm/SourcePackages/checkouts/mlx-swift
    builtin-infoPlistUtility /Users/emmanuel/Library/Developer/Xcode/DerivedData/decodingOppression-cxwoggwjsgwizbfojlfnncihejwm/Build/Intermediates.noindex/mlx-swift.build/Debug-iphonesimulator/mlx-swift_Cmlx.build/empty-mlx-swift_Cmlx.plist -producttype com.apple.product-type.bundle -expandbuildsettings -format binary -platform iphonesimulator -o /Users/emmanuel/Library/Developer/Xcode/DerivedData/decodingOppression-cxwoggwjsgwizbfojlfnncihejwm/Build/Products/Debug-iphonesimulator/mlx-swift_Cmlx.bundle/Info.plist

ProcessInfoPlistFile /Users/emmanuel/Library/Developer/Xcode/DerivedData/decodingOppression-cxwoggwjsgwizbfojlfnncihejwm/Build/Products/Debug-iphonesimulator/swift-transformers_Hub.bundle/Info.plist /Users/emmanuel/Library/Developer/Xcode/DerivedData/decodingOppression-cxwoggwjsgwizbfojlfnncihejwm/Build/Intermediates.noindex/swift-transformers.build/Debug-iphonesimulator/swift-transformers_Hub.build/empty-swift-transformers_Hub.plist (in target 'swift-transformers_Hub' from project 'swift-transformers')
    cd /Users/emmanuel/Library/Developer/Xcode/DerivedData/decodingOppression-cxwoggwjsgwizbfojlfnncihejwm/SourcePackages/checkouts/swift-transformers
    builtin-infoPlistUtility /Users/emmanuel/Library/Developer/Xcode/DerivedData/decodingOppression-cxwoggwjsgwizbfojlfnncihejwm/Build/Intermediates.noindex/swift-transformers.build/Debug-iphonesimulator/swift-transformers_Hub.build/empty-swift-transformers_Hub.plist -producttype com.apple.product-type.bundle -expandbuildsettings -format binary -platform iphonesimulator -o /Users/emmanuel/Library/Developer/Xcode/DerivedData/decodingOppression-cxwoggwjsgwizbfojlfnncihejwm/Build/Products/Debug-iphonesimulator/swift-transformers_Hub.bundle/Info.plist

note: Disabling hardened runtime with ad-hoc codesigning. (in target 'decodingOppression' from project 'decodingOppression')
warning: Skipping duplicate build file in Copy Bundle Resources build phase: /Users/emmanuel/Documents/Theory/Redefining_racism/app/decodingOppression/decodingOppression/Data/KeywordTaxonomies.json (in target 'decodingOppression' from project 'decodingOppression')
warning: Skipping duplicate build file in Compile Sources build phase: /Users/emmanuel/Documents/Theory/Redefining_racism/app/decodingOppression/decodingOppression/Assets.xcassets (in target 'decodingOppression' from project 'decodingOppression')
warning: Skipping duplicate build file in Compile Sources build phase: /Users/emmanuel/Documents/Theory/Redefining_racism/app/decodingOppression/decodingOppression/NLP/ClauseAnalyzer.swift (in target 'decodingOppression' from project 'decodingOppression')
warning: Skipping duplicate build file in Compile Sources build phase: /Users/emmanuel/Documents/Theory/Redefining_racism/app/decodingOppression/decodingOppression/NLP/KeywordEngine.swift (in target 'decodingOppression' from project 'decodingOppression')
warning: Skipping duplicate build file in Compile Sources build phase: /Users/emmanuel/Documents/Theory/Redefining_racism/app/decodingOppression/decodingOppression/NLP/PDFExtractor.swift (in target 'decodingOppression' from project 'decodingOppression')
warning: Skipping duplicate build file in Compile Sources build phase: /Users/emmanuel/Documents/Theory/Redefining_racism/app/decodingOppression/decodingOppression/NLP/TextPreprocessor.swift (in target 'decodingOppression' from project 'decodingOppression')
warning: Skipping duplicate build file in Compile Sources build phase: /Users/emmanuel/Documents/Theory/Redefining_racism/app/decodingOppression/decodingOppression/NLP/Tier1Engine.swift (in target 'decodingOppression' from project 'decodingOppression')
SwiftDriver decodingOppression normal arm64 com.apple.xcode.tools.swift.compiler (in target 'decodingOppression' from project 'decodingOppression')
    cd /Users/emmanuel/Documents/Theory/Redefining_racism/app/decodingOppression
    builtin-SwiftDriver -- /Applications/Xcode.app/Contents/Developer/Toolchains/XcodeDefault.xctoolchain/usr/bin/swiftc -module-name decodingOppression -Onone -enforce-exclusivity\=checked @/Users/emmanuel/Library/Developer/Xcode/DerivedData/decodingOppression-cxwoggwjsgwizbfojlfnncihejwm/Build/Intermediates.noindex/decodingOppression.build/Debug-iphonesimulator/decodingOppression.build/Objects-normal/arm64/decodingOppression.SwiftFileList -DDEBUG -default-isolation\=MainActor -enable-bare-slash-regex -enable-upcoming-feature DisableOutwardActorInference -enable-upcoming-feature InferSendableFromCaptures -enable-upcoming-feature GlobalActorIsolatedTypesUsability -enable-upcoming-feature MemberImportVisibility -enable-upcoming-feature InferIsolatedConformances -enable-upcoming-feature NonisolatedNonsendingByDefault -enable-experimental-feature DebugDescriptionMacro -sdk /Applications/Xcode.app/Contents/Developer/Platforms/iPhoneSimulator.platform/Developer/SDKs/iPhoneSimulator26.2.sdk -target arm64-apple-ios26.2-simulator -g -module-cache-path /Users/emmanuel/Library/Developer/Xcode/DerivedData/ModuleCache.noindex -Xfrontend -serialize-debugging-options -profile-coverage-mapping -profile-generate -enable-testing -index-store-path /Users/emmanuel/Library/Developer/Xcode/DerivedData/decodingOppression-cxwoggwjsgwizbfojlfnncihejwm/Index.noindex/DataStore -Xcc -D_LIBCPP_HARDENING_MODE\=_LIBCPP_HARDENING_MODE_DEBUG -swift-version 5 -I /Users/emmanuel/Library/Developer/Xcode/DerivedData/decodingOppression-cxwoggwjsgwizbfojlfnncihejwm/Build/Products/Debug-iphonesimulator -F /Users/emmanuel/Library/Developer/Xcode/DerivedData/decodingOppression-cxwoggwjsgwizbfojlfnncihejwm/Build/Products/Debug-iphonesimulator/PackageFrameworks -F /Users/emmanuel/Library/Developer/Xcode/DerivedData/decodingOppression-cxwoggwjsgwizbfojlfnncihejwm/Build/Products/Debug-iphonesimulator/PackageFrameworks -F /Users/emmanuel/Library/Developer/Xcode/DerivedData/decodingOppression-cxwoggwjsgwizbfojlfnncihejwm/Build/Products/Debug-iphonesimulator/PackageFrameworks -F /Users/emmanuel/Library/Developer/Xcode/DerivedData/decodingOppression-cxwoggwjsgwizbfojlfnncihejwm/Build/Products/Debug-iphonesimulator/PackageFrameworks -F /Users/emmanuel/Library/Developer/Xcode/DerivedData/decodingOppression-cxwoggwjsgwizbfojlfnncihejwm/Build/Products/Debug-iphonesimulator/PackageFrameworks -F /Users/emmanuel/Library/Developer/Xcode/DerivedData/decodingOppression-cxwoggwjsgwizbfojlfnncihejwm/Build/Products/Debug-iphonesimulator/PackageFrameworks -F /Users/emmanuel/Library/Developer/Xcode/DerivedData/decodingOppression-cxwoggwjsgwizbfojlfnncihejwm/Build/Products/Debug-iphonesimulator/PackageFrameworks -F /Users/emmanuel/Library/Developer/Xcode/DerivedData/decodingOppression-cxwoggwjsgwizbfojlfnncihejwm/Build/Products/Debug-iphonesimulator/PackageFrameworks -F /Users/emmanuel/Library/Developer/Xcode/DerivedData/decodingOppression-cxwoggwjsgwizbfojlfnncihejwm/Build/Products/Debug-iphonesimulator/PackageFrameworks -F /Users/emmanuel/Library/Developer/Xcode/DerivedData/decodingOppression-cxwoggwjsgwizbfojlfnncihejwm/Build/Products/Debug-iphonesimulator/PackageFrameworks -F /Users/emmanuel/Library/Developer/Xcode/DerivedData/decodingOppression-cxwoggwjsgwizbfojlfnncihejwm/Build/Products/Debug-iphonesimulator/PackageFrameworks -F /Users/emmanuel/Library/Developer/Xcode/DerivedData/decodingOppression-cxwoggwjsgwizbfojlfnncihejwm/Build/Products/Debug-iphonesimulator/PackageFrameworks -F /Users/emmanuel/Library/Developer/Xcode/DerivedData/decodingOppression-cxwoggwjsgwizbfojlfnncihejwm/Build/Products/Debug-iphonesimulator/PackageFrameworks -F /Users/emmanuel/Library/Developer/Xcode/DerivedData/decodingOppression-cxwoggwjsgwizbfojlfnncihejwm/Build/Products/Debug-iphonesimulator/PackageFrameworks -F /Users/emmanuel/Library/Developer/Xcode/DerivedData/decodingOppression-cxwoggwjsgwizbfojlfnncihejwm/Build/Products/Debug-iphonesimulator/PackageFrameworks -F /Users/emmanuel/Library/Developer/Xcode/DerivedData/decodingOppression-cxwoggwjsgwizbfojlfnncihejwm/Build/Products/Debug-iphonesimulator/PackageFrameworks -F /Users/emmanuel/Library/Developer/Xcode/DerivedData/decodingOppression-cxwoggwjsgwizbfojlfnncihejwm/Build/Products/Debug-iphonesimulator/PackageFrameworks -F /Users/emmanuel/Library/Developer/Xcode/DerivedData/decodingOppression-cxwoggwjsgwizbfojlfnncihejwm/Build/Products/Debug-iphonesimulator/PackageFrameworks -F /Users/emmanuel/Library/Developer/Xcode/DerivedData/decodingOppression-cxwoggwjsgwizbfojlfnncihejwm/Build/Products/Debug-iphonesimulator/PackageFrameworks -F /Users/emmanuel/Library/Developer/Xcode/DerivedData/decodingOppression-cxwoggwjsgwizbfojlfnncihejwm/Build/Products/Debug-iphonesimulator/PackageFrameworks -F /Users/emmanuel/Library/Developer/Xcode/DerivedData/decodingOppression-cxwoggwjsgwizbfojlfnncihejwm/Build/Products/Debug-iphonesimulator/PackageFrameworks -F /Users/emmanuel/Library/Developer/Xcode/DerivedData/decodingOppression-cxwoggwjsgwizbfojlfnncihejwm/Build/Products/Debug-iphonesimulator -emit-localized-strings -emit-localized-strings-path /Users/emmanuel/Library/Developer/Xcode/DerivedData/decodingOppression-cxwoggwjsgwizbfojlfnncihejwm/Build/Intermediates.noindex/decodingOppression.build/Debug-iphonesimulator/decodingOppression.build/Objects-normal/arm64 -c -j10 -enable-batch-mode -incremental -Xcc -ivfsstatcache -Xcc /Users/emmanuel/Library/Developer/Xcode/DerivedData/SDKStatCaches.noindex/iphonesimulator26.2-23C57-e8867d0c40613ffc63e0238af232dc507d00a8b37fbd7999ea79df8ebc024bf0.sdkstatcache -output-file-map /Users/emmanuel/Library/Developer/Xcode/DerivedData/decodingOppression-cxwoggwjsgwizbfojlfnncihejwm/Build/Intermediates.noindex/decodingOppression.build/Debug-iphonesimulator/decodingOppression.build/Objects-normal/arm64/decodingOppression-OutputFileMap.json -use-frontend-parseable-output -save-temps -no-color-diagnostics -explicit-module-build -module-cache-path /Users/emmanuel/Library/Developer/Xcode/DerivedData/decodingOppression-cxwoggwjsgwizbfojlfnncihejwm/Build/Intermediates.noindex/SwiftExplicitPrecompiledModules -clang-scanner-module-cache-path /Users/emmanuel/Library/Developer/Xcode/DerivedData/ModuleCache.noindex -sdk-module-cache-path /Users/emmanuel/Library/Developer/Xcode/DerivedData/ModuleCache.noindex -serialize-diagnostics -emit-dependencies -emit-module -emit-module-path /Users/emmanuel/Library/Developer/Xcode/DerivedData/decodingOppression-cxwoggwjsgwizbfojlfnncihejwm/Build/Intermediates.noindex/decodingOppression.build/Debug-iphonesimulator/decodingOppression.build/Objects-normal/arm64/decodingOppression.swiftmodule -validate-clang-modules-once -clang-build-session-file /Users/emmanuel/Library/Developer/Xcode/DerivedData/ModuleCache.noindex/Session.modulevalidation -Xcc -I/Users/emmanuel/Library/Developer/Xcode/DerivedData/decodingOppression-cxwoggwjsgwizbfojlfnncihejwm/Build/Intermediates.noindex/decodingOppression.build/Debug-iphonesimulator/decodingOppression.build/swift-overrides.hmap -emit-const-values -Xfrontend -const-gather-protocols-file -Xfrontend /Users/emmanuel/Library/Developer/Xcode/DerivedData/decodingOppression-cxwoggwjsgwizbfojlfnncihejwm/Build/Intermediates.noindex/decodingOppression.build/Debug-iphonesimulator/decodingOppression.build/Objects-normal/arm64/decodingOppression_const_extract_protocols.json -Xcc -iquote -Xcc /Users/emmanuel/Library/Developer/Xcode/DerivedData/decodingOppression-cxwoggwjsgwizbfojlfnncihejwm/Build/Intermediates.noindex/decodingOppression.build/Debug-iphonesimulator/decodingOppression.build/decodingOppression-generated-files.hmap -Xcc -I/Users/emmanuel/Library/Developer/Xcode/DerivedData/decodingOppression-cxwoggwjsgwizbfojlfnncihejwm/Build/Intermediates.noindex/decodingOppression.build/Debug-iphonesimulator/decodingOppression.build/decodingOppression-own-target-headers.hmap -Xcc -I/Users/emmanuel/Library/Developer/Xcode/DerivedData/decodingOppression-cxwoggwjsgwizbfojlfnncihejwm/Build/Intermediates.noindex/decodingOppression.build/Debug-iphonesimulator/decodingOppression.build/decodingOppression-all-non-framework-target-headers.hmap -Xcc -ivfsoverlay -Xcc /Users/emmanuel/Library/Developer/Xcode/DerivedData/decodingOppression-cxwoggwjsgwizbfojlfnncihejwm/Build/Intermediates.noindex/decodingOppression.build/Debug-iphonesimulator/decodingOppression-92f70843e4a2cfdead6817d9c21f0c6f-VFS-iphonesimulator/all-product-headers.yaml -Xcc -iquote -Xcc /Users/emmanuel/Library/Developer/Xcode/DerivedData/decodingOppression-cxwoggwjsgwizbfojlfnncihejwm/Build/Intermediates.noindex/decodingOppression.build/Debug-iphonesimulator/decodingOppression.build/decodingOppression-project-headers.hmap -Xcc -I/Users/emmanuel/Library/Developer/Xcode/DerivedData/decodingOppression-cxwoggwjsgwizbfojlfnncihejwm/SourcePackages/checkouts/swift-numerics/Sources/_NumericsShims/include -Xcc -I/Users/emmanuel/Library/Developer/Xcode/DerivedData/decodingOppression-cxwoggwjsgwizbfojlfnncihejwm/SourcePackages/checkouts/mlx-swift/Source/Cmlx/include -Xcc -I/Users/emmanuel/Library/Developer/Xcode/DerivedData/decodingOppression-cxwoggwjsgwizbfojlfnncihejwm/Build/Products/Debug-iphonesimulator/include -Xcc -I/Users/emmanuel/Library/Developer/Xcode/DerivedData/decodingOppression-cxwoggwjsgwizbfojlfnncihejwm/Build/Intermediates.noindex/decodingOppression.build/Debug-iphonesimulator/decodingOppression.build/DerivedSources-normal/arm64 -Xcc -I/Users/emmanuel/Library/Developer/Xcode/DerivedData/decodingOppression-cxwoggwjsgwizbfojlfnncihejwm/Build/Intermediates.noindex/decodingOppression.build/Debug-iphonesimulator/decodingOppression.build/DerivedSources/arm64 -Xcc -I/Users/emmanuel/Library/Developer/Xcode/DerivedData/decodingOppression-cxwoggwjsgwizbfojlfnncihejwm/Build/Intermediates.noindex/decodingOppression.build/Debug-iphonesimulator/decodingOppression.build/DerivedSources -Xcc -DDEBUG\=1 -emit-objc-header -emit-objc-header-path /Users/emmanuel/Library/Developer/Xcode/DerivedData/decodingOppression-cxwoggwjsgwizbfojlfnncihejwm/Build/Intermediates.noindex/decodingOppression.build/Debug-iphonesimulator/decodingOppression.build/Objects-normal/arm64/decodingOppression-Swift.h -working-directory /Users/emmanuel/Documents/Theory/Redefining_racism/app/decodingOppression -experimental-emit-module-separately -disable-cmo

ProcessInfoPlistFile /Users/emmanuel/Library/Developer/Xcode/DerivedData/decodingOppression-cxwoggwjsgwizbfojlfnncihejwm/Build/Products/Debug-iphonesimulator/decodingOppression.app/Info.plist /Users/emmanuel/Documents/Theory/Redefining_racism/app/decodingOppression/decodingOppression/Info.plist (in target 'decodingOppression' from project 'decodingOppression')
    cd /Users/emmanuel/Documents/Theory/Redefining_racism/app/decodingOppression
    builtin-infoPlistUtility /Users/emmanuel/Documents/Theory/Redefining_racism/app/decodingOppression/decodingOppression/Info.plist -producttype com.apple.product-type.application -genpkginfo /Users/emmanuel/Library/Developer/Xcode/DerivedData/decodingOppression-cxwoggwjsgwizbfojlfnncihejwm/Build/Products/Debug-iphonesimulator/decodingOppression.app/PkgInfo -expandbuildsettings -format binary -platform iphonesimulator -additionalcontentfile /Users/emmanuel/Library/Developer/Xcode/DerivedData/decodingOppression-cxwoggwjsgwizbfojlfnncihejwm/Build/Intermediates.noindex/decodingOppression.build/Debug-iphonesimulator/decodingOppression.build/assetcatalog_generated_info.plist -scanforprivacyfile /Users/emmanuel/Library/Developer/Xcode/DerivedData/decodingOppression-cxwoggwjsgwizbfojlfnncihejwm/Build/Products/Debug-iphonesimulator/decodingOppression.app/mlx-swift_Cmlx.bundle -scanforprivacyfile /Users/emmanuel/Library/Developer/Xcode/DerivedData/decodingOppression-cxwoggwjsgwizbfojlfnncihejwm/Build/Products/Debug-iphonesimulator/decodingOppression.app/swift-transformers_Hub.bundle -o /Users/emmanuel/Library/Developer/Xcode/DerivedData/decodingOppression-cxwoggwjsgwizbfojlfnncihejwm/Build/Products/Debug-iphonesimulator/decodingOppression.app/Info.plist

SwiftCompile normal arm64 Compiling\ ContentView.swift,\ decodingOppressionApp.swift /Users/emmanuel/Documents/Theory/Redefining_racism/app/decodingOppression/decodingOppression/ContentView.swift /Users/emmanuel/Documents/Theory/Redefining_racism/app/decodingOppression/decodingOppression/decodingOppressionApp.swift (in target 'decodingOppression' from project 'decodingOppression')

SwiftCompile normal arm64 /Users/emmanuel/Documents/Theory/Redefining_racism/app/decodingOppression/decodingOppression/ContentView.swift (in target 'decodingOppression' from project 'decodingOppression')
    cd /Users/emmanuel/Documents/Theory/Redefining_racism/app/decodingOppression
    

SwiftCompile normal arm64 /Users/emmanuel/Documents/Theory/Redefining_racism/app/decodingOppression/decodingOppression/decodingOppressionApp.swift (in target 'decodingOppression' from project 'decodingOppression')
    cd /Users/emmanuel/Documents/Theory/Redefining_racism/app/decodingOppression
    

SwiftCompile normal arm64 Compiling\ Tier2Engine.swift /Users/emmanuel/Documents/Theory/Redefining_racism/app/decodingOppression/decodingOppression/MLX/Tier2Engine.swift (in target 'decodingOppression' from project 'decodingOppression')

SwiftCompile normal arm64 /Users/emmanuel/Documents/Theory/Redefining_racism/app/decodingOppression/decodingOppression/MLX/Tier2Engine.swift (in target 'decodingOppression' from project 'decodingOppression')
    cd /Users/emmanuel/Documents/Theory/Redefining_racism/app/decodingOppression
    
/Users/emmanuel/Documents/Theory/Redefining_racism/app/decodingOppression/decodingOppression/MLX/Tier2Engine.swift:15:12: error: initializer cannot be declared public because its parameter uses an internal type
    public init(downloadManager: ModelDownloadManager) {
           ^                     ~~~~~~~~~~~~~~~~~~~~
/Users/emmanuel/Documents/Theory/Redefining_racism/app/decodingOppression/decodingOppression/MLX/ModelDownloadManager.swift:13:13: note: type declared here
final class ModelDownloadManager: NSObject, ObservableObject, @unchecked Sendable {
            ^
/Users/emmanuel/Documents/Theory/Redefining_racism/app/decodingOppression/decodingOppression/MLX/Tier2Engine.swift:21:17: error: method cannot be declared public because its parameter uses an internal type
    public func classify(clause: Clause) async throws -> TierClassification? {
                ^                ~~~~~~
/Users/emmanuel/Documents/Theory/Redefining_racism/app/decodingOppression/decodingOppression/Models/Policy.swift:48:8: note: type declared here
struct Clause: Identifiable, Codable {
       ^

SwiftEmitModule normal arm64 Emitting\ module\ for\ decodingOppression (in target 'decodingOppression' from project 'decodingOppression')

EmitSwiftModule normal arm64 (in target 'decodingOppression' from project 'decodingOppression')
    cd /Users/emmanuel/Documents/Theory/Redefining_racism/app/decodingOppression
    

SwiftCompile normal arm64 Compiling\ PolicyAnalysisSession.swift /Users/emmanuel/Documents/Theory/Redefining_racism/app/decodingOppression/decodingOppression/AI/PolicyAnalysisSession.swift (in target 'decodingOppression' from project 'decodingOppression')
SwiftCompile normal arm64 /Users/emmanuel/Documents/Theory/Redefining_racism/app/decodingOppression/decodingOppression/AI/PolicyAnalysisSession.swift (in target 'decodingOppression' from project 'decodingOppression')
    cd /Users/emmanuel/Documents/Theory/Redefining_racism/app/decodingOppression
    

SwiftCompile normal arm64 Compiling\ Tier3Engine.swift /Users/emmanuel/Documents/Theory/Redefining_racism/app/decodingOppression/decodingOppression/AI/Tier3Engine.swift (in target 'decodingOppression' from project 'decodingOppression')
SwiftCompile normal arm64 /Users/emmanuel/Documents/Theory/Redefining_racism/app/decodingOppression/decodingOppression/AI/Tier3Engine.swift (in target 'decodingOppression' from project 'decodingOppression')
    cd /Users/emmanuel/Documents/Theory/Redefining_racism/app/decodingOppression
    

SwiftCompile normal arm64 Compiling\ Tier3Error.swift /Users/emmanuel/Documents/Theory/Redefining_racism/app/decodingOppression/decodingOppression/AI/Tier3Error.swift (in target 'decodingOppression' from project 'decodingOppression')

SwiftCompile normal arm64 /Users/emmanuel/Documents/Theory/Redefining_racism/app/decodingOppression/decodingOppression/AI/Tier3Error.swift (in target 'decodingOppression' from project 'decodingOppression')
    cd /Users/emmanuel/Documents/Theory/Redefining_racism/app/decodingOppression
    

SwiftCompile normal arm64 Compiling\ GenerableTypes.swift,\ ModelDownloadManager.swift /Users/emmanuel/Documents/Theory/Redefining_racism/app/decodingOppression/decodingOppression/Models/GenerableTypes.swift /Users/emmanuel/Documents/Theory/Redefining_racism/app/decodingOppression/decodingOppression/MLX/ModelDownloadManager.swift (in target 'decodingOppression' from project 'decodingOppression')

SwiftCompile normal arm64 /Users/emmanuel/Documents/Theory/Redefining_racism/app/decodingOppression/decodingOppression/Models/GenerableTypes.swift (in target 'decodingOppression' from project 'decodingOppression')
    cd /Users/emmanuel/Documents/Theory/Redefining_racism/app/decodingOppression
    

SwiftCompile normal arm64 /Users/emmanuel/Documents/Theory/Redefining_racism/app/decodingOppression/decodingOppression/MLX/ModelDownloadManager.swift (in target 'decodingOppression' from project 'decodingOppression')
    cd /Users/emmanuel/Documents/Theory/Redefining_racism/app/decodingOppression
    

SwiftCompile normal arm64 Compiling\ ClauseClassificationPipeline.swift /Users/emmanuel/Documents/Theory/Redefining_racism/app/decodingOppression/decodingOppression/NLP/ClauseClassificationPipeline.swift (in target 'decodingOppression' from project 'decodingOppression')
Failed frontend command:
/Applications/Xcode.app/Contents/Developer/Toolchains/XcodeDefault.xctoolchain/usr/bin/swift-frontend -frontend -c /Users/emmanuel/Documents/Theory/Redefining_racism/app/decodingOppression/decodingOppression/ContentView.swift /Users/emmanuel/Documents/Theory/Redefining_racism/app/decodingOppression/decodingOppression/decodingOppressionApp.swift /Users/emmanuel/Documents/Theory/Redefining_racism/app/decodingOppression/decodingOppression/NLP/ClauseAnalyzer.swift /Users/emmanuel/Documents/Theory/Redefining_racism/app/decodingOppression/decodingOppression/NLP/KeywordEngine.swift /Users/emmanuel/Documents/Theory/Redefining_racism/app/decodingOppression/decodingOppression/NLP/PDFExtractor.swift /Users/emmanuel/Documents/Theory/Redefining_racism/app/decodingOppression/decodingOppression/NLP/TextPreprocessor.swift /Users/emmanuel/Documents/Theory/Redefining_racism/app/decodingOppression/decodingOppression/NLP/Tier1Engine.swift /Users/emmanuel/Documents/Theory/Redefining_racism/app/decodingOppression/decodingOppression/Models/AnalyzedClause.swift /Users/emmanuel/Documents/Theory/Redefining_racism/app/decodingOppression/decodingOppression/Models/GenerableTypes.swift /Users/emmanuel/Documents/Theory/Redefining_racism/app/decodingOppression/decodingOppression/Models/PipelineContracts.swift /Users/emmanuel/Documents/Theory/Redefining_racism/app/decodingOppression/decodingOppression/Models/Policy.swift /Users/emmanuel/Documents/Theory/Redefining_racism/app/decodingOppression/decodingOppression/Models/PolicyAnalysis.swift /Users/emmanuel/Documents/Theory/Redefining_racism/app/decodingOppression/decodingOppression/Models/ScoreResult.swift /Users/emmanuel/Documents/Theory/Redefining_racism/app/decodingOppression/decodingOppression/MLX/MLXError.swift /Users/emmanuel/Documents/Theory/Redefining_racism/app/decodingOppression/decodingOppression/MLX/ModelDownloadManager.swift /Users/emmanuel/Documents/Theory/Redefining_racism/app/decodingOppression/decodingOppression/MLX/MLXEmbeddingEngine.swift /Users/emmanuel/Documents/Theory/Redefining_racism/app/decodingOppression/decodingOppression/MLX/MLXClauseClassifier.swift -primary-file /Users/emmanuel/Documents/Theory/Redefining_racism/app/decodingOppression/decodingOppression/NLP/ClauseClassificationPipeline.swift /Users/emmanuel/Documents/Theory/Redefining_racism/app/decodingOppression/decodingOppression/MLX/Tier2Engine.swift /Users/emmanuel/Documents/Theory/Redefining_racism/app/decodingOppression/decodingOppression/MLX/Tier2EngineHolder.swift /Users/emmanuel/Documents/Theory/Redefining_racism/app/decodingOppression/decodingOppression/AI/Tier3Error.swift /Users/emmanuel/Documents/Theory/Redefining_racism/app/decodingOppression/decodingOppression/AI/HistoricalPolicies.swift /Users/emmanuel/Documents/Theory/Redefining_racism/app/decodingOppression/decodingOppression/AI/HistoricalBaselineTool.swift /Users/emmanuel/Documents/Theory/Redefining_racism/app/decodingOppression/decodingOppression/AI/PolicyAnalysisSession.swift /Users/emmanuel/Documents/Theory/Redefining_racism/app/decodingOppression/decodingOppression/AI/Tier3Engine.swift /Users/emmanuel/Library/Developer/Xcode/DerivedData/decodingOppression-cxwoggwjsgwizbfojlfnncihejwm/Build/Intermediates.noindex/decodingOppression.build/Debug-iphonesimulator/decodingOppression.build/DerivedSources/GeneratedAssetSymbols.swift -emit-dependencies-path /Users/emmanuel/Library/Developer/Xcode/DerivedData/decodingOppression-cxwoggwjsgwizbfojlfnncihejwm/Build/Intermediates.noindex/decodingOppression.build/Debug-iphonesimulator/decodingOppression.build/Objects-normal/arm64/ClauseClassificationPipeline.d -emit-const-values-path /Users/emmanuel/Library/Developer/Xcode/DerivedData/decodingOppression-cxwoggwjsgwizbfojlfnncihejwm/Build/Intermediates.noindex/decodingOppression.build/Debug-iphonesimulator/decodingOppression.build/Objects-normal/arm64/ClauseClassificationPipeline.swiftconstvalues -emit-reference-dependencies-path /Users/emmanuel/Library/Developer/Xcode/DerivedData/decodingOppression-cxwoggwjsgwizbfojlfnncihejwm/Build/Intermediates.noindex/decodingOppression.build/Debug-iphonesimulator/decodingOppression.build/Objects-normal/arm64/ClauseClassificationPipeline.swiftdeps -serialize-diagnostics-path /Users/emmanuel/Library/Developer/Xcode/DerivedData/decodingOppression-cxwoggwjsgwizbfojlfnncihejwm/Build/Intermediates.noindex/decodingOppression.build/Debug-iphonesimulator/decodingOppression.build/Objects-normal/arm64/ClauseClassificationPipeline.dia -emit-localized-strings -emit-localized-strings-path /Users/emmanuel/Library/Developer/Xcode/DerivedData/decodingOppression-cxwoggwjsgwizbfojlfnncihejwm/Build/Intermediates.noindex/decodingOppression.build/Debug-iphonesimulator/decodingOppression.build/Objects-normal/arm64 -target arm64-apple-ios26.2-simulator -module-can-import-version DeveloperToolsSupport 23.0.4 23.0.4 -module-can-import-version FoundationModels 1.1.7 0 -module-can-import-version SwiftUI 7.2.5.1 7.2.5 -module-can-import-version UIKit 9126.2.4.1 9126.2.4 -disable-cross-import-overlay-search -swift-module-cross-import SwiftData /Applications/Xcode.app/Contents/Developer/Platforms/iPhoneSimulator.platform/Developer/SDKs/iPhoneSimulator26.2.sdk/System/Library/Frameworks/SwiftData.framework/Modules/SwiftData.swiftcrossimport/CoreData.swiftoverlay -swift-module-cross-import SwiftData /Applications/Xcode.app/Contents/Developer/Platforms/iPhoneSimulator.platform/Developer/SDKs/iPhoneSimulator26.2.sdk/System/Library/Frameworks/SwiftData.framework/Modules/SwiftData.swiftcrossimport/SwiftUI.swiftoverlay -load-resolved-plugin /Applications/Xcode.app/Contents/Developer/Platforms/iPhoneOS.platform/Developer/usr/lib/swift/host/plugins/libFoundationMacros.dylib\#/Applications/Xcode.app/Contents/Developer/Platforms/iPhoneOS.platform/Developer/usr/bin/swift-plugin-server\#FoundationMacros -load-resolved-plugin /Applications/Xcode.app/Contents/Developer/Platforms/iPhoneOS.platform/Developer/usr/lib/swift/host/plugins/libFoundationModelsMacros.dylib\#/Applications/Xcode.app/Contents/Developer/Platforms/iPhoneOS.platform/Developer/usr/bin/swift-plugin-server\#FoundationModelsMacros -load-resolved-plugin /Applications/Xcode.app/Contents/Developer/Platforms/iPhoneOS.platform/Developer/usr/lib/swift/host/plugins/libObservationMacros.dylib\#/Applications/Xcode.app/Contents/Developer/Platforms/iPhoneOS.platform/Developer/usr/bin/swift-plugin-server\#ObservationMacros -load-resolved-plugin /Applications/Xcode.app/Contents/Developer/Platforms/iPhoneOS.platform/Developer/usr/lib/swift/host/plugins/libPreviewsMacros.dylib\#/Applications/Xcode.app/Contents/Developer/Platforms/iPhoneOS.platform/Developer/usr/bin/swift-plugin-server\#PreviewsMacros -load-resolved-plugin /Applications/Xcode.app/Contents/Developer/Platforms/iPhoneOS.platform/Developer/usr/lib/swift/host/plugins/libSwiftDataMacros.dylib\#/Applications/Xcode.app/Contents/Developer/Platforms/iPhoneOS.platform/Developer/usr/bin/swift-plugin-server\#SwiftDataMacros -load-resolved-plugin /Applications/Xcode.app/Contents/Developer/Platforms/iPhoneOS.platform/Developer/usr/lib/swift/host/plugins/libSwiftMacros.dylib\#/Applications/Xcode.app/Contents/Developer/Platforms/iPhoneOS.platform/Developer/usr/bin/swift-plugin-server\#SwiftMacros -load-resolved-plugin /Applications/Xcode.app/Contents/Developer/Platforms/iPhoneOS.platform/Developer/usr/lib/swift/host/plugins/libSwiftUIMacros.dylib\#/Applications/Xcode.app/Contents/Developer/Platforms/iPhoneOS.platform/Developer/usr/bin/swift-plugin-server\#SwiftUIMacros -disable-implicit-swift-modules -Xcc -fno-implicit-modules -Xcc -fno-implicit-module-maps -explicit-swift-module-map-file /Users/emmanuel/Library/Developer/Xcode/DerivedData/decodingOppression-cxwoggwjsgwizbfojlfnncihejwm/Build/Intermediates.noindex/decodingOppression.build/Debug-iphonesimulator/decodingOppression.build/Objects-normal/arm64/decodingOppression-dependencies-1.json -Xllvm -aarch64-use-tbi -enable-objc-interop -sdk /Applications/Xcode.app/Contents/Developer/Platforms/iPhoneSimulator.platform/Developer/SDKs/iPhoneSimulator26.2.sdk -I /Users/emmanuel/Library/Developer/Xcode/DerivedData/decodingOppression-cxwoggwjsgwizbfojlfnncihejwm/Build/Products/Debug-iphonesimulator -F /Users/emmanuel/Library/Developer/Xcode/DerivedData/decodingOppression-cxwoggwjsgwizbfojlfnncihejwm/Build/Products/Debug-iphonesimulator/PackageFrameworks -F /Users/emmanuel/Library/Developer/Xcode/DerivedData/decodingOppression-cxwoggwjsgwizbfojlfnncihejwm/Build/Products/Debug-iphonesimulator/PackageFrameworks -F /Users/emmanuel/Library/Developer/Xcode/DerivedData/decodingOppression-cxwoggwjsgwizbfojlfnncihejwm/Build/Products/Debug-iphonesimulator/PackageFrameworks -F /Users/emmanuel/Library/Developer/Xcode/DerivedData/decodingOppression-cxwoggwjsgwizbfojlfnncihejwm/Build/Products/Debug-iphonesimulator/PackageFrameworks -F /Users/emmanuel/Library/Developer/Xcode/DerivedData/decodingOppression-cxwoggwjsgwizbfojlfnncihejwm/Build/Products/Debug-iphonesimulator/PackageFrameworks -F /Users/emmanuel/Library/Developer/Xcode/DerivedData/decodingOppression-cxwoggwjsgwizbfojlfnncihejwm/Build/Products/Debug-iphonesimulator/PackageFrameworks -F /Users/emmanuel/Library/Developer/Xcode/DerivedData/decodingOppression-cxwoggwjsgwizbfojlfnncihejwm/Build/Products/Debug-iphonesimulator/PackageFrameworks -F /Users/emmanuel/Library/Developer/Xcode/DerivedData/decodingOppression-cxwoggwjsgwizbfojlfnncihejwm/Build/Products/Debug-iphonesimulator/PackageFrameworks -F /Users/emmanuel/Library/Developer/Xcode/DerivedData/decodingOppression-cxwoggwjsgwizbfojlfnncihejwm/Build/Products/Debug-iphonesimulator/PackageFrameworks -F /Users/emmanuel/Library/Developer/Xcode/DerivedData/decodingOppression-cxwoggwjsgwizbfojlfnncihejwm/Build/Products/Debug-iphonesimulator/PackageFrameworks -F /Users/emmanuel/Library/Developer/Xcode/DerivedData/decodingOppression-cxwoggwjsgwizbfojlfnncihejwm/Build/Products/Debug-iphonesimulator/PackageFrameworks -F /Users/emmanuel/Library/Developer/Xcode/DerivedData/decodingOppression-cxwoggwjsgwizbfojlfnncihejwm/Build/Products/Debug-iphonesimulator/PackageFrameworks -F /Users/emmanuel/Library/Developer/Xcode/DerivedData/decodingOppression-cxwoggwjsgwizbfojlfnncihejwm/Build/Products/Debug-iphonesimulator/PackageFrameworks -F /Users/emmanuel/Library/Developer/Xcode/DerivedData/decodingOppression-cxwoggwjsgwizbfojlfnncihejwm/Build/Products/Debug-iphonesimulator/PackageFrameworks -F /Users/emmanuel/Library/Developer/Xcode/DerivedData/decodingOppression-cxwoggwjsgwizbfojlfnncihejwm/Build/Products/Debug-iphonesimulator/PackageFrameworks -F /Users/emmanuel/Library/Developer/Xcode/DerivedData/decodingOppression-cxwoggwjsgwizbfojlfnncihejwm/Build/Products/Debug-iphonesimulator/PackageFrameworks -F /Users/emmanuel/Library/Developer/Xcode/DerivedData/decodingOppression-cxwoggwjsgwizbfojlfnncihejwm/Build/Products/Debug-iphonesimulator/PackageFrameworks -F /Users/emmanuel/Library/Developer/Xcode/DerivedData/decodingOppression-cxwoggwjsgwizbfojlfnncihejwm/Build/Products/Debug-iphonesimulator/PackageFrameworks -F /Users/emmanuel/Library/Developer/Xcode/DerivedData/decodingOppression-cxwoggwjsgwizbfojlfnncihejwm/Build/Products/Debug-iphonesimulator/PackageFrameworks -F /Users/emmanuel/Library/Developer/Xcode/DerivedData/decodingOppression-cxwoggwjsgwizbfojlfnncihejwm/Build/Products/Debug-iphonesimulator/PackageFrameworks -F /Users/emmanuel/Library/Developer/Xcode/DerivedData/decodingOppression-cxwoggwjsgwizbfojlfnncihejwm/Build/Products/Debug-iphonesimulator/PackageFrameworks -F /Users/emmanuel/Library/Developer/Xcode/DerivedData/decodingOppression-cxwoggwjsgwizbfojlfnncihejwm/Build/Products/Debug-iphonesimulator -no-color-diagnostics -Xcc -fno-color-diagnostics -enable-testing -g -debug-info-format\=dwarf -dwarf-version\=5 -module-cache-path /Users/emmanuel/Library/Developer/Xcode/DerivedData/decodingOppression-cxwoggwjsgwizbfojlfnncihejwm/Build/Intermediates.noindex/SwiftExplicitPrecompiledModules -profile-generate -profile-coverage-mapping -swift-version 5 -enforce-exclusivity\=checked -Onone -D DEBUG -serialize-debugging-options -const-gather-protocols-file /Users/emmanuel/Library/Developer/Xcode/DerivedData/decodingOppression-cxwoggwjsgwizbfojlfnncihejwm/Build/Intermediates.noindex/decodingOppression.build/Debug-iphonesimulator/decodingOppression.build/Objects-normal/arm64/decodingOppression_const_extract_protocols.json -enable-upcoming-feature DisableOutwardActorInference -enable-upcoming-feature InferSendableFromCaptures -enable-upcoming-feature GlobalActorIsolatedTypesUsability -enable-upcoming-feature MemberImportVisibility -enable-upcoming-feature InferIsolatedConformances -enable-upcoming-feature NonisolatedNonsendingByDefault -enable-experimental-feature DebugDescriptionMacro -enable-bare-slash-regex -default-isolation\=MainActor -empty-abi-descriptor -validate-clang-modules-once -clang-build-session-file /Users/emmanuel/Library/Developer/Xcode/DerivedData/ModuleCache.noindex/Session.modulevalidation -Xcc -working-directory -Xcc /Users/emmanuel/Documents/Theory/Redefining_racism/app/decodingOppression -enable-anonymous-context-mangled-names -file-compilation-dir /Users/emmanuel/Documents/Theory/Redefining_racism/app/decodingOppression -Xcc -D_LIBCPP_HARDENING_MODE\=_LIBCPP_HARDENING_MODE_DEBUG -Xcc -ivfsstatcache -Xcc /Users/emmanuel/Library/Developer/Xcode/DerivedData/SDKStatCaches.noindex/iphonesimulator26.2-23C57-e8867d0c40613ffc63e0238af232dc507d00a8b37fbd7999ea79df8ebc024bf0.sdkstatcache -Xcc -I/Users/emmanuel/Library/Developer/Xcode/DerivedData/decodingOppression-cxwoggwjsgwizbfojlfnncihejwm/Build/Intermediates.noindex/decodingOppression.build/Debug-iphonesimulator/decodingOppression.build/swift-overrides.hmap -Xcc -iquote -Xcc /Users/emmanuel/Library/Developer/Xcode/DerivedData/decodingOppression-cxwoggwjsgwizbfojlfnncihejwm/Build/Intermediates.noindex/decodingOppression.build/Debug-iphonesimulator/decodingOppression.build/decodingOppression-generated-files.hmap -Xcc -I/Users/emmanuel/Library/Developer/Xcode/DerivedData/decodingOppression-cxwoggwjsgwizbfojlfnncihejwm/Build/Intermediates.noindex/decodingOppression.build/Debug-iphonesimulator/decodingOppression.build/decodingOppression-own-target-headers.hmap -Xcc -I/Users/emmanuel/Library/Developer/Xcode/DerivedData/decodingOppression-cxwoggwjsgwizbfojlfnncihejwm/Build/Intermediates.noindex/decodingOppression.build/Debug-iphonesimulator/decodingOppression.build/decodingOppression-all-non-framework-target-headers.hmap -Xcc -ivfsoverlay -Xcc /Users/emmanuel/Library/Developer/Xcode/DerivedData/decodingOppression-cxwoggwjsgwizbfojlfnncihejwm/Build/Intermediates.noindex/decodingOppression.build/Debug-iphonesimulator/decodingOppression-92f70843e4a2cfdead6817d9c21f0c6f-VFS-iphonesimulator/all-product-headers.yaml -Xcc -iquote -Xcc /Users/emmanuel/Library/Developer/Xcode/DerivedData/decodingOppression-cxwoggwjsgwizbfojlfnncihejwm/Build/Intermediates.noindex/decodingOppression.build/Debug-iphonesimulator/decodingOppression.build/decodingOppression-project-headers.hmap -Xcc -I/Users/emmanuel/Library/Developer/Xcode/DerivedData/decodingOppression-cxwoggwjsgwizbfojlfnncihejwm/SourcePackages/checkouts/swift-numerics/Sources/_NumericsShims/include -Xcc -I/Users/emmanuel/Library/Developer/Xcode/DerivedData/decodingOppression-cxwoggwjsgwizbfojlfnncihejwm/SourcePackages/checkouts/mlx-swift/Source/Cmlx/include -Xcc -I/Users/emmanuel/Library/Developer/Xcode/DerivedData/decodingOppression-cxwoggwjsgwizbfojlfnncihejwm/Build/Products/Debug-iphonesimulator/include -Xcc -I/Users/emmanuel/Library/Developer/Xcode/DerivedData/decodingOppression-cxwoggwjsgwizbfojlfnncihejwm/Build/Intermediates.noindex/decodingOppression.build/Debug-iphonesimulator/decodingOppression.build/DerivedSources-normal/arm64 -Xcc -I/Users/emmanuel/Library/Developer/Xcode/DerivedData/decodingOppression-cxwoggwjsgwizbfojlfnncihejwm/Build/Intermediates.noindex/decodingOppression.build/Debug-iphonesimulator/decodingOppression.build/DerivedSources/arm64 -Xcc -I/Users/emmanuel/Library/Developer/Xcode/DerivedData/decodingOppression-cxwoggwjsgwizbfojlfnncihejwm/Build/Intermediates.noindex/decodingOppression.build/Debug-iphonesimulator/decodingOppression.build/DerivedSources -Xcc -DDEBUG\=1 -no-auto-bridging-header-chaining -module-name decodingOppression -frontend-parseable-output -disable-clang-spi -target-sdk-version 26.2 -target-sdk-name iphonesimulator26.2 -clang-target arm64-apple-ios26.2-simulator -in-process-plugin-server-path /Applications/Xcode.app/Contents/Developer/Toolchains/XcodeDefault.xctoolchain/usr/lib/swift/host/libSwiftInProcPluginServer.dylib -o /Users/emmanuel/Library/Developer/Xcode/DerivedData/decodingOppression-cxwoggwjsgwizbfojlfnncihejwm/Build/Intermediates.noindex/decodingOppression.build/Debug-iphonesimulator/decodingOppression.build/Objects-normal/arm64/ClauseClassificationPipeline.o -index-unit-output-path /decodingOppression.build/Debug-iphonesimulator/decodingOppression.build/Objects-normal/arm64/ClauseClassificationPipeline.o -index-store-path /Users/emmanuel/Library/Developer/Xcode/DerivedData/decodingOppression-cxwoggwjsgwizbfojlfnncihejwm/Index.noindex/DataStore -index-system-modules

SwiftCompile normal arm64 /Users/emmanuel/Documents/Theory/Redefining_racism/app/decodingOppression/decodingOppression/NLP/ClauseClassificationPipeline.swift (in target 'decodingOppression' from project 'decodingOppression')
    cd /Users/emmanuel/Documents/Theory/Redefining_racism/app/decodingOppression
    
/Users/emmanuel/Documents/Theory/Redefining_racism/app/decodingOppression/decodingOppression/NLP/ClauseClassificationPipeline.swift:25:12: error: initializer for conditional binding must have Optional type, not 'TierClassification'
           let classification = tier2Result {
           ^                    ~~~~~~~~~~~

SwiftCompile normal arm64 Compiling\ HistoricalBaselineTool.swift /Users/emmanuel/Documents/Theory/Redefining_racism/app/decodingOppression/decodingOppression/AI/HistoricalBaselineTool.swift (in target 'decodingOppression' from project 'decodingOppression')

SwiftCompile normal arm64 /Users/emmanuel/Documents/Theory/Redefining_racism/app/decodingOppression/decodingOppression/AI/HistoricalBaselineTool.swift (in target 'decodingOppression' from project 'decodingOppression')
    cd /Users/emmanuel/Documents/Theory/Redefining_racism/app/decodingOppression
    

SwiftCompile normal arm64 Compiling\ HistoricalPolicies.swift /Users/emmanuel/Documents/Theory/Redefining_racism/app/decodingOppression/decodingOppression/AI/HistoricalPolicies.swift (in target 'decodingOppression' from project 'decodingOppression')

SwiftCompile normal arm64 /Users/emmanuel/Documents/Theory/Redefining_racism/app/decodingOppression/decodingOppression/AI/HistoricalPolicies.swift (in target 'decodingOppression' from project 'decodingOppression')
    cd /Users/emmanuel/Documents/Theory/Redefining_racism/app/decodingOppression
    

** BUILD FAILED **


The following build commands failed:
	SwiftCompile normal arm64 /Users/emmanuel/Documents/Theory/Redefining_racism/app/decodingOppression/decodingOppression/MLX/Tier2Engine.swift (in target 'decodingOppression' from project 'decodingOppression')
	SwiftCompile normal arm64 Compiling\ ClauseClassificationPipeline.swift /Users/emmanuel/Documents/Theory/Redefining_racism/app/decodingOppression/decodingOppression/NLP/ClauseClassificationPipeline.swift (in target 'decodingOppression' from project 'decodingOppression')
	SwiftCompile normal arm64 /Users/emmanuel/Documents/Theory/Redefining_racism/app/decodingOppression/decodingOppression/NLP/ClauseClassificationPipeline.swift (in target 'decodingOppression' from project 'decodingOppression')
	Building project decodingOppression with scheme decodingOppression and configuration Debug
(4 failures)
[0;31m[ERROR][0m Build failed with exit code: 65
[0;31m[ERROR][0m Error log written to: /Users/emmanuel/Documents/Theory/Redefining_racism/Artifacts/build_20260222_171136/logs/platform_results/error.log
{
  "status": "failed",
  "platform": "iOS Simulator",
  "scheme": "decodingOppression",
  "configuration": "Debug",
  "destination": "id=8DD3EC87-E400-4AC9-88AB-C53ABEB542C2",
  "error": "Xcode build failed ",
  "error_file": "/Users/emmanuel/Documents/Theory/Redefining_racism/Artifacts/build_20260222_171136/logs/platform_results/error.log",
  "logs_dir": "/Users/emmanuel/Documents/Theory/Redefining_racism/Artifacts/build_20260222_171136/logs/platform_results",
  "exit_code": 10,
  "timestamp": "2026-02-22T22:22:24Z"
}
/Users/emmanuel/Documents/Theory/Redefining_racism/Artifacts/build_20260222_171136/logs/platform_results/error.log
[0;31m[ERROR][0m Build failed
